ms.exe 100 10 -t 2 
2607

//
segsites: 12
positions: 0.1190 0.3018 0.3037 0.3317 0.4763 0.4917 0.5451 0.5564 0.5914 0.6443 0.7921 0.8201 
000000011100
110001000010
000000011100
110001000010
110001000010
110001000010
100000000011
110001000010
110001000010
000000011100
000000011100
000000011100
000000011100
000000011100
000000011100
000000011100
000000011100
000000011100
000000011100
000000010100
110001100010
000000011100
110001000010
000000011100
000000011100
000000011100
000000011100
000000011100
000000011100
000000011100
000000010100
000000011100
000000011100
000000011100
000000010100
000000011100
000000011100
000000011100
110001000010
000000011100
000000011100
000000011100
000000011100
000000010100
000000011100
110001000010
110001000010
000000011100
110001000010
000000011100
110001000010
000000011100
000000011100
000000010100
000010010100
100000000011
000000011100
000000011100
110001000010
000000010100
110001000010
110001000010
110001000010
000000010100
000100011100
000000011100
000000011100
110001000010
001000011100
000000011100
000000011100
000000011100
000000011100
000000010100
000000011100
110001000010
000000011100
000000011100
000000011100
110001000010
000000011100
000000011100
000000011100
100000000011
000000011100
000000011100
000010010100
110001000010
000000011100
110001000010
000000011100
000000011100
000000011100
000000011100
000000011100
000000011100
000000011100
000000011100
000000011100
000000011100

//
segsites: 3
positions: 0.0580 0.0849 0.9778 
000
000
000
000
000
000
000
000
000
000
000
000
000
000
000
010
000
001
000
000
000
000
000
000
000
000
000
000
000
000
000
000
000
000
000
000
000
000
000
000
100
000
000
000
000
000
000
000
000
000
000
000
000
000
000
000
000
000
000
000
000
000
000
000
000
000
000
000
010
000
000
000
000
010
000
000
000
000
000
000
000
000
000
000
000
000
000
000
000
000
000
001
000
000
010
000
000
010
000
000

//
segsites: 8
positions: 0.0486 0.1758 0.1963 0.3583 0.4140 0.5822 0.6478 0.7474 
00000001
00000110
00000001
00000001
00000000
01000110
00100001
01000110
00000001
00010000
00000001
00000001
00000110
00000001
00000001
00000001
00000001
00000001
01000110
00000001
00000001
00000001
00000000
00100001
00000001
00010000
00000001
00000001
00000001
00000000
00000110
00000001
00000001
00010000
00000001
01000110
00000000
01000110
00000001
00000001
00000001
00000001
00000001
00000001
00000001
00000001
00010000
00000001
00010000
00000001
00000001
00000001
00010000
00010000
00010000
00000001
00000001
00010000
00000000
01000110
00010000
00000001
00010000
00000001
00000001
00001001
00000001
00010000
01000110
00000000
00000000
01000110
00000000
00000001
00100001
00000001
00000001
01000110
00000001
00001001
00000001
00000001
00100001
00010000
00100001
00000110
00100001
00010000
00000000
00000001
00000001
10000110
00000001
00000001
00010000
01000110
00000001
00000001
00010000
00010000

//
segsites: 13
positions: 0.0461 0.2220 0.3296 0.3403 0.3745 0.3867 0.5631 0.6646 0.6724 0.6996 0.7844 0.8058 0.9688 
0000000000001
0000000000011
0100000000001
0000000001001
0000000000001
0011100010000
0100000000001
0000000000001
0001100010000
0100000000001
0011100010000
0001100010000
0100000000001
0100000000001
0100000000001
0100000000001
0000000000001
0001100010000
0100000000001
0000000000001
0001100010000
0001101010100
0001101110100
1000000000001
0001101010100
0001101010100
0000000000001
0000000000001
0000000000001
0001101010100
0000000000011
0001101010100
0000000000011
0000000000001
0001101010100
0001100010000
0000000000001
0011100010000
0001101110100
0100000000001
0000000000011
0000000000001
0000000000001
0000000000011
0001101010100
0001100010000
0100000000001
0000000000001
0000000000011
0000000000001
0001100010000
0001101010100
0011100010000
0001100010000
0001100010000
0001100010000
0000000000001
0001100010000
0001100010000
0000000000001
0000000000001
0001100010000
0000000000001
0001100010000
0001101010100
0001100010000
0000000000001
0000000000001
0000000000011
0000000000011
0001100010000
0001100010000
0001100010000
0001100010000
0000000000001
0100000000001
0001101110100
0001100010000
0000000000001
0001100010000
0000000000011
0000000000011
0100010000001
0001100010000
0100000000001
0001101010100
0000000000011
0001101010100
1000000000001
0000000000011
0000000000001
0011100010000
0000000000001
0001100010000
0000000000001
0000000000011
0001100010000
0000000000011
0001100010000
0000000000001

//
segsites: 6
positions: 0.0212 0.0289 0.2158 0.2396 0.8125 0.8349 
000000
101000
000000
000000
000001
000000
000000
000100
000000
000000
000000
000100
000100
000000
000000
000001
000000
000000
000000
000000
000000
000000
000000
000000
101000
000000
000000
000000
000000
000000
101000
000000
000010
000000
000001
000000
000000
000000
000000
101000
000000
000000
000000
000000
000000
000000
000000
000000
000000
000000
000010
000000
000000
000010
000000
000000
000000
000000
010000
000000
000000
000000
000000
000000
101000
000000
000000
101000
000000
000000
000000
000000
000000
000000
000000
101000
000010
000000
000000
101000
000000
000000
000000
000000
000000
000000
000000
000000
000000
000000
000000
000000
101000
000000
000000
000010
000000
000000
000000
000001

//
segsites: 5
positions: 0.4256 0.5782 0.5996 0.7465 0.7810 
00100
10000
00000
00000
00100
00100
00000
00000
00100
11000
00100
11000
00000
10000
00000
10000
00100
00000
10001
00000
00000
10000
00000
10000
00000
00000
00100
10000
00000
00000
00000
11000
00000
00000
00000
10000
00000
10000
00000
00000
10000
00010
00000
00100
10000
00100
11000
00000
00100
00100
00000
11000
00000
10000
11000
00000
00000
10000
00000
00100
10000
00000
00000
00000
00000
00000
11000
00000
00000
11000
00100
00000
00000
00000
00000
00000
10000
00100
00100
10000
10000
00000
00000
00000
00000
00000
00000
00000
00000
00000
00100
10001
00000
11000
00000
00000
00000
00000
00100
00000

//
segsites: 14
positions: 0.0824 0.0850 0.1033 0.2891 0.3933 0.3945 0.3991 0.6610 0.7527 0.7717 0.8742 0.9070 0.9314 0.9378 
00011000000000
01000100000111
00010000000000
10000001000000
00000010010000
10000001000000
00010000000000
00000010010000
10000001000000
10000001000000
00010000000000
00000010010000
00000010010000
00000000001000
00010000000000
10000001000000
00000010010000
10000001000000
00000000001000
00000000000000
00010000000000
00000010010000
00000000001000
10000001000000
00010000000000
00010000000000
10000001000000
00010000000000
00000000001000
10000001000000
10000001000000
10000001000000
00000000001000
00010000000000
00010000000000
10000001000000
00000000001000
00000000001000
00100000100000
00010000000000
00000000001000
00010000000000
00010000000000
00010000000000
10000001000000
10000001000000
10000001000000
00000000001000
00000000001000
00010000000000
00000000001000
00000000100000
10000001000000
00000000001000
00000000000000
10000001000000
00000010010000
00000000100000
00000000000000
00010000000000
10000001000000
00000000100000
10000001000000
00010000000000
00010000000000
00010000000000
00000000001000
00000000001000
00000010010000
00010000000000
00000000001000
00000010010000
00010000000000
00000000100000
00000000000000
10000001000000
00000000100000
01000100000111
00000000001000
00000010010000
00000000001000
00000000001000
00000000001000
00000000001000
00000000001000
00010000000000
10000001000000
00000000100000
00000000001000
10000001000000
00000000001000
00000000001000
00010000000000
00010000000000
00010000000000
00000000001000
10000001000000
10000001000000
00000000001000
00000000001000

//
segsites: 11
positions: 0.0063 0.0786 0.3971 0.4139 0.5391 0.5565 0.6264 0.6338 0.8497 0.9169 0.9554 
01001100000
01001100010
00000000000
01001100010
01001110010
01101110010
01001100010
01001100000
01001100010
01001000000
01001100010
01001100110
00011001000
01001000000
01001100010
01001000000
01001100000
01001100110
01001100010
01001000000
01001100010
01001100110
01001100001
01001000000
00000000000
01001100001
01001100001
11001100010
01001100110
01001100000
01001110010
11001100010
01001100010
01001000000
01001100110
01001100010
01001100010
01001100010
01001110010
01101110010
01001100010
01001100010
01001000000
01001110010
01001100000
01001000000
01001100010
01001110010
01001100010
01001100110
01001100010
01001100110
01001100110
01001100000
01001100010
01001100001
01001000000
01001000000
01001100010
01001100010
01101110010
01001000000
11001100010
01101110010
01001000000
01001100001
01001100000
00000000000
00000000000
01001100010
01001100010
01001100000
00000000000
01101110010
01001100010
01001100001
01001100010
01001000000
01001000000
01001100110
11001100010
01001100000
01001100001
01001100010
01001000000
01001000000
01001110010
00000000000
01001100000
01001100110
01001100110
01001100010
01001000000
01001100000
01101110010
01001100010
01001000000
01001100001
11001100010
00000000000

//
segsites: 10
positions: 0.2606 0.2743 0.3019 0.4333 0.4819 0.6897 0.7306 0.7761 0.9478 0.9807 
0010000001
0010000001
0000011000
0010000001
0001001000
0000111000
0010000001
1010000001
0010000001
0010000001
0010000001
0000011000
0000011000
0000011000
0000011000
0010000001
0000011000
0000111000
0000011000
0000011000
0000011000
0010000001
0000011000
0000011000
0000011000
0000011000
0010000101
0000011000
0001001000
0000011000
0000011000
0001001000
0000011000
0001001000
0010000001
0000111000
0100011000
0000011000
0010000001
0100011000
0000011000
0010000001
0010000001
0100011000
0010000001
0010000001
0000011000
0000011000
0010000001
0000011000
0000011000
0000011000
0000011000
0000011000
0000011000
0000011000
0000011000
0010000001
0010000001
0010000001
0010000001
0000011000
0100011000
1010000001
0010000001
0000011000
0000111000
0000011000
0001001000
0100011000
0000011000
0001001000
0000011000
0000011000
0010000001
0000011000
0001001000
0100011000
0000011000
0001001000
0010000001
0001001000
0001001000
0100011000
0000011000
0010000001
0010000001
0010000001
0010000011
0000011000
0010000001
0010000001
0000011000
0000011000
0100011000
0010000001
0000011000
0010000001
0010000001
0000011000

//
segsites: 10
positions: 0.0824 0.2185 0.3826 0.4995 0.5870 0.6660 0.6943 0.7034 0.7090 0.8081 
0100001010
0100001100
0100001010
1100001000
0100001000
0100001010
1100001000
0100001010
1100001000
0100001000
0100001000
0100001010
0100001100
0100001100
1100001000
0100001100
0100001010
0100001010
0100001010
0100001000
0100001100
0100001010
1100001000
0100001000
0101001010
0110001001
0100001010
1100001000
0100001000
0110001001
0100001000
0100001000
0000100000
0100001000
1100001000
1100001000
0100001100
0100001010
0100001000
0110001001
0100001010
0100001100
0100001010
0100001000
0100001010
1100001000
0100001010
1100001000
0100001000
0100011000
0100001000
0100001000
0100001010
0100001010
0101001010
0100001100
0100001000
1100001000
0110001001
0100001010
0100001010
0110001001
0101001010
0100001010
0100001000
0100001100
0110001001
1100001000
1100001000
0100001010
0100001000
0110001001
0110001001
0100001010
1100001000
0101001010
0000100000
0110001001
0100001000
0110001001
0100001000
1100001000
1100001000
0100001010
0100001010
0100001000
0100001010
1100001000
0110001001
0100001010
1100001000
0110001001
0100001010
0100001010
0110001001
0100001010
1100001000
0100001000
0101001010
0100001010
