ms.exe 100 10 -t 2 
25903

//
segsites: 11
positions: 0.0202 0.0732 0.3386 0.3578 0.4250 0.4669 0.4913 0.5718 0.7321 0.8246 0.8526 
00100011000
00100011000
00000100010
00100011000
00100011000
01100011000
00000100010
00100011000
00100011000
00100011000
00000100010
00000100010
00000100010
00100011000
01100011000
01101011000
00000100010
01100011000
00100011000
00100011000
00100011000
10100011101
01100011000
00100011101
00100011000
00100011000
00000100010
00000100010
00100011000
00000100010
00000100010
00100011000
00100011000
00100011000
00100011000
00000100010
00000100010
00100011000
10110011101
00000100010
00100011000
01100011000
01100011000
01100011000
00000100010
00100011101
01100011000
00000100010
00000100010
01100011000
00000100010
00100011000
01100011000
00000100010
10110011101
00100011000
00000100010
00100011000
01100011000
00100011000
00000100010
01100011000
00100011000
00100011000
00000100010
00100011000
00100011000
00100011000
00100011000
00100011000
00000100010
00000100010
00100011000
00100011000
10110011101
01100011000
00100011000
01100011000
00100011000
00000100010
10100011101
10100011101
01100011000
01100011000
00000100010
01100011000
00100011000
00000100010
00000100010
01100011000
00000100010
00100011000
00100011000
00000100010
00000100010
00000100010
00100011000
10110011101
00100011000
00100011000

//
segsites: 10
positions: 0.0579 0.1260 0.2045 0.3560 0.3729 0.3979 0.4513 0.5914 0.9268 0.9298 
1000000001
0000100000
1000000001
1000000001
1000000001
0000100010
0000100000
1000000001
0010100010
0000100000
1000000001
0100110000
0000100010
0000100010
0000100010
0000100010
0000100000
0000100000
0100110000
0000100010
1000000001
1000000001
1000000001
0000100000
1000000001
1000000001
0100110000
0000100010
0000100010
1000001001
0000100000
0000100000
0100110000
0000100000
0010100010
0001100100
1000000001
0100110000
1000000001
1000000001
1000000001
1000000001
1000000001
0000100010
0000100010
1000000001
0100110000
1000000001
0100110000
1000000001
0100110000
0100110000
1000000001
0000100010
0000100000
0000100000
0000100010
0000100010
0100110000
1000000001
0100110000
1000001001
0000100010
1000000001
1000000001
0100110000
0000100010
0000100010
0100110000
0000100010
1000000001
0000100000
0100110000
0100110000
0000100100
1000000001
0000100010
1000000001
0100110000
1000000001
0100110000
1000000001
1000000001
1000000001
0100110000
1000001001
0100110000
0100110000
0100110000
1000000001
1000000001
0000100010
0000100010
0000100010
0000100000
1000000001
1000000001
1000000001
1000000001
1000000001

//
segsites: 6
positions: 0.5161 0.6865 0.7821 0.8208 0.8430 0.8744 
000000
000000
000000
101000
100000
100000
101000
000000
000000
000000
000000
100000
000000
000000
100000
010000
100000
100000
100000
000000
000000
100000
000000
100000
000000
000000
000000
000000
101000
000000
000000
000000
100000
100000
000000
000010
000000
100000
000000
000000
100000
000000
000000
100000
000100
000000
000000
100000
100000
000000
100000
101000
100000
000000
101000
000000
100000
100000
000000
000000
000000
101000
000000
010000
100000
100000
100000
000000
000000
000000
000000
101000
000000
000000
000010
000000
101000
000000
000000
000000
100000
000000
000000
000000
000001
000000
000000
100000
000000
000000
000000
000000
000000
000000
000000
100000
100000
000000
000000
000000

//
segsites: 10
positions: 0.0749 0.3967 0.5006 0.5801 0.6404 0.6576 0.6956 0.7542 0.8018 0.9161 
0000100010
0000100010
0000001010
0000100010
0100010100
0100010100
0100010100
0000100010
0000100010
0000100010
0000100010
0100010100
0100010100
0100010100
0000001010
0100010100
0100010100
0100010100
0100010100
0100010100
0000100010
0000100010
0000000010
0000001010
0000100010
0000100010
0000001010
0000001010
0000000010
0000000010
0000000010
0000000010
0100010100
0000000010
0000100010
0000100010
0000001010
0000001010
0100010100
0000000010
0000100010
0100010100
0100010100
0100010100
0100010100
0100010100
0100010100
0000100010
0100010101
0000100010
0100010100
0000000010
0000100010
0000100010
0100010100
0000100010
0010100010
0000000010
0100010100
0100010100
0000000010
0000001010
0100010100
0000000010
0000000010
0100010100
0000100010
0000000010
0000100010
0000100010
0100010100
0000000010
0000100010
0100010100
0100010100
0100010100
0000001010
0001000010
0000100010
0000100010
0000000010
0100010100
0100010100
1000100010
0000001010
0000000010
0000000010
0000000010
0100010100
0100010100
0000100010
0000000010
0100010100
0000001010
0000100010
0100010100
0000000010
0100010100
0100010100
0000100010

//
segsites: 11
positions: 0.0046 0.0927 0.1693 0.2079 0.2225 0.4630 0.5914 0.6507 0.7578 0.7914 0.9512 
00000010100
00000100110
10010000000
00000010100
00000000100
00000100110
01000010100
10010000000
00000010100
10010000000
10010000000
10010000000
00000010100
01000010100
00100000100
01000010100
01000010100
10010000000
00000000100
10010000000
00001001100
00000010100
00000010100
00000000100
00000100110
10010000000
01000010100
01000010100
00000010100
10010000000
10010000000
10010000000
10010000000
00000100110
01000010100
01000010100
10010000000
01000010100
10010000000
00000010100
01000010100
00000010100
01000010100
00000000100
10010000000
00000010100
01000010100
00000010100
10010000000
01000010100
00000010100
00000010100
00000000100
00000000100
01000010100
10010000000
01000010100
00000100110
00000010100
00000010100
00000100110
10010000000
01000010100
00001001100
01000010100
00000000100
00100000100
10010000000
00000010100
00000000100
01000010100
10010000000
10010000000
00000100110
00000000100
01000010100
00000100110
00000010100
01000010100
00000010100
10010000000
00000010100
00000000100
10010000000
10010000000
10010000001
00000010100
10010000000
00000000100
10010000000
10010000000
00001001100
10010000000
10010000000
00000010100
10010000000
00000000100
00000100110
01000010100
00000000100

//
segsites: 15
positions: 0.0456 0.0953 0.1407 0.1748 0.2242 0.3835 0.4416 0.4498 0.4961 0.5570 0.5635 0.7086 0.7334 0.8889 0.9948 
001000001000000
000000100000100
000000100000100
001000001000000
000100100010100
000000100010100
000100100010100
000000100000100
000000100010100
000000100000100
000000100000100
001000000000001
001001011000000
000000100000100
000000100000100
001000001000000
000010100010100
000000100010100
000100100010100
000000100000100
001001011000000
000000100000110
000000100000100
001001011000000
001000001000000
000000100010100
001001011000000
001001011000000
000000100010100
000100100010100
001000001000000
000000100000100
000000100010100
000000100010100
000000100010100
000000100000110
001000000000001
000100100010100
000000100010100
000000100000100
000100100010100
001001011000000
100000100001100
001000001000000
000000100100100
001001011000000
000100100010100
010100100010100
001001011000000
001000001000000
000000100010100
000000100000100
100000100001100
100000100001100
001000000000001
000000100000100
000000100010100
000000100000100
000100100010100
000000100010100
010100100010100
001000001000000
000000100000110
000000100010100
000000100010100
000000100010100
001001011000000
000000100000100
000000100010100
000000100010100
000000100000100
000000100010100
001000000000001
000100100010100
001000001000000
000000100000100
000000100010100
000000100010100
001000001000000
100000100000100
001000001000000
000000100010100
000000100000100
000000100000100
001000001000000
001000001000000
000000100000100
100000100001100
001000001000000
001000001000000
000000100010100
000000100010100
000000100010100
000000100000100
000000100000100
000000100010100
000000100010100
001000001000000
100000100001100
000000100000100

//
segsites: 24
positions: 0.0229 0.1449 0.1613 0.1769 0.1868 0.2687 0.3071 0.3169 0.3467 0.4023 0.4548 0.4941 0.4964 0.5826 0.7560 0.7611 0.7792 0.7825 0.8044 0.8207 0.8716 0.9407 0.9654 0.9750 
101100010000100010010010
001000010000110100010010
001000010000100100010010
001001010000100100110010
010010101001001000000001
001000010000100000010010
001000010000100000010010
001001010000100100110010
001000010000100000010010
101100010100100011010010
101100010000100011010010
101100010000100011010010
001000010000100000010010
101100010000100010010010
101100010000100010010010
001000010000100000010010
101100010000100010010110
001000010000100100010010
010010101001001000000001
001000010000100000010010
101100010000100011010010
001000010000100100010010
101100010000100010010010
010010101001001000000001
001000010000100000010010
001000010000100000010010
001000010000100100010010
101100010000100010010010
010010101001001000000001
010010101001001000001001
101100010000100010010010
001000010000100000010010
101100010100100011010010
001001010000100100010010
001000010010100100010010
101100010000100011010010
101100010000100011010010
001000010000100100010010
001000010000100100010010
001000010000100100010010
101100010000100010010010
001000010000100100010010
001000010000100000010010
101100010000100011010010
001000010000100100010010
001000010000100000010010
001000010000100100010010
001000010000100100010010
101100010000100010010010
001000010000100000010010
001000010000100100010010
001000010000100100010010
101100010000100010010010
001000010000100000010010
010010101001001000000001
001000010010100100010010
001000010000100000010010
010010101001001000001001
001000010000100100010010
001000010000100000010010
001000010000100100010010
101100010000100010010010
001000010000100100010010
001000010000100000010010
001000010000100000010010
001000010010100100010010
010010101001001000000001
001000010000110100010010
001000010000100000010010
001000010000100100010010
101100010000100011010010
001001010000100100110010
101100010000100010010010
001000010000100100010010
001000010000100100010010
101100010000100011010010
001000010000110100010010
001000010000100000010010
010010101001001000001001
101100010000100011010010
001000010000100000010010
101100010000100011010010
001000010000110100010010
001000010010100100010010
001000010000100100010010
001000010000100100010010
001000010000100000010010
101100010000100010010010
001000010000100100010010
001000010000100000010010
101100010000100010010110
001000010000100100010010
001000010000100000010010
001000010000100000010010
101100010000100010010010
001000010000100000010010
001000010010100100010010
001000010000100000010010
001000010000100000010010
101100010000100010010010

//
segsites: 12
positions: 0.2303 0.2890 0.4212 0.5193 0.5933 0.6722 0.6992 0.8008 0.8290 0.8665 0.9114 0.9333 
011110000000
011110000010
011110000000
011110000000
011110000000
111110000000
010110000000
011110000000
011110000000
011110000000
011110000000
011110000010
011110000000
000001011101
011110000000
011110000000
011110000000
011110000000
011110000000
011110000010
011110000000
011110000010
011110000000
011110000000
011110000010
011110000010
011110000000
010110000000
011110000000
011110000000
011110000000
011110000000
011110000000
010110000000
011110000000
111110000000
011110000010
011110100010
011110000000
111110000000
011110000000
011110000000
011110000010
111110000000
011110000000
111110000000
011110000010
011110000000
011110000000
011110000000
011110000010
011110000000
111110000000
011110000010
011110000000
011110000000
011110000000
010110000000
010110000000
000001011101
011110000000
011110000010
011110000000
011110000000
011110000010
011110000000
111110000000
011110000000
011110000000
111110000000
111110000000
011110000000
011110000000
011110000000
011110000000
011110000010
010110000000
011110000000
011110000000
011110000000
011110000010
011110000000
011110000000
111110000000
011110000000
011110000010
111110000000
011110000000
011110000000
011110000000
011110000000
011110000000
011110000000
011110000010
111110000000
011110000010
011110000010
010110000000
010110000000
011110000000

//
segsites: 13
positions: 0.1305 0.1577 0.1674 0.2278 0.2691 0.3225 0.4909 0.4979 0.6264 0.6693 0.7047 0.7553 0.9996 
0000100001000
0000010000000
0000001000010
0000100001000
0000000000000
0010000010001
0000100001000
0000001000000
0000100001000
0000010000000
0000000100001
0010000010001
0000001000000
0000001000000
0000000000001
0000000000100
0000100001000
0000000000000
0000100001000
0000001000000
0000100001000
0000000000000
0000001000000
0000000000000
0000100001000
0000000000000
0000000000000
0000100001000
0001001000000
0000001000000
0000001000000
0010000010001
0000010000000
0000001000000
0000010000000
0000001000000
0000100001000
0000001000000
0000001000000
0000100001000
0100000000001
0000001000000
0010000000001
0000100001000
0000100001000
0000000000001
0000000000100
0010000010001
0000100001000
0000000000100
0000000000000
0000010000000
0000010000000
0000001000000
0000000000000
0000001000000
0000010000000
0000001000000
0000001000000
0000001000010
0000100001000
0000001000000
0000001000000
0000010000000
0000001000000
0000001000000
0000010000000
0000100001000
0000000000000
0000010000000
0000100001000
0000001000000
0000001000010
0000010000000
0000001000000
0000100001000
0010000010001
0010000010001
0000000000000
0010000010001
0000100001000
0000010000000
0000010000000
0000010000000
0000000000000
0000000000000
0000100001000
0000000000000
0000001000000
0000000000000
0010000010001
0000100001000
0000000000001
0000100001000
0000010000000
0000001000000
0000010000000
0010000010001
1000001000000
0000001000000

//
segsites: 18
positions: 0.0276 0.0465 0.0754 0.1278 0.1686 0.1950 0.2397 0.2823 0.3039 0.3670 0.4652 0.5467 0.6071 0.6615 0.6867 0.7967 0.8397 0.9996 
000011010000010101
000000100000001000
000011010000010101
000000100010001000
000000100001001000
000000000000001000
101100000100000010
000011010000010101
000011010000010101
000011010000010101
010011010000010101
101100000100000010
101100001100000010
000011010000010101
000011010000010101
000000100000001000
000000100000001000
000000100000101000
101100000100000010
000011010000010101
000000100001001000
000000100000001000
000000100000001000
000000100000001000
000011010000010101
000000100000001000
000000100000001000
000011010000010101
000011010000010101
000000000000001000
101100000100000010
000011010000010101
000000100010001000
000000100000001000
000000100010001000
000011010000010101
101100000100000010
000000000000001000
000000100010001000
101100000100000010
000000100000001000
000000100001001000
000011010000010101
000011010000010101
000000100000001000
000000000000001000
000000100010001000
000011010000010101
101100000100000010
000011010000010101
000000000000001000
000011010000010101
000011010000010101
000000100000001000
000000100000001000
000000100000001000
000000000000001000
000000100000001000
000011010000010101
000011010000010101
000000100000001000
010011010000010101
000011010000010101
000011010000010101
000000100010001000
000000100000001000
000011010000010101
000011010000010101
000011010000010101
000011010000010101
101100000100000010
000011010000010101
000000000000001000
000000100000001000
000011010000010101
000011010000010101
101100000100000010
000011010000010101
000011010000010101
000011010000010101
000011010000010101
000000100000001000
000000100010001000
000000000000001000
101100000100000010
000011010000010101
000011010000010101
000011010000010101
000011010000010101
000011010000010101
000011010000010101
000011010000010101
000000100000001000
000011010000010101
000011010000010101
000011010000010101
000011010000010101
000000100010001000
000011010000010101
000011010000010101
