C:\Users\Paula\DOCUME~1\GitHub\QuBar\ms.exe 1000 1 -t 10 
13895

//
segsites: 71
positions: 0.0092 0.0144 0.0290 0.0326 0.0382 0.1192 0.1316 0.1364 0.1581 0.1633 0.1703 0.1842 0.1875 0.2279 0.2513 0.2875 0.3055 0.3161 0.3253 0.3390 0.3555 0.3850 0.4009 0.4046 0.4075 0.4120 0.4504 0.4839 0.4841 0.4918 0.4945 0.5160 0.5309 0.5372 0.5388 0.6104 0.6116 0.6210 0.6259 0.6367 0.6528 0.6589 0.6976 0.7071 0.7100 0.7183 0.7335 0.7488 0.7573 0.7666 0.7706 0.7773 0.7981 0.8076 0.8120 0.8256 0.8401 0.8443 0.8588 0.8777 0.9060 0.9101 0.9160 0.9248 0.9255 0.9348 0.9348 0.9448 0.9536 0.9771 0.9811 
00100001010000000000000001000000001100001000010010001000100000000000000
00000000000000000000000000000010010011000000000000000000000000000100011
00000000000000001000000000000010000011000100000000000000000010000100001
00100001010000000000000001000000001100001000010010001000100000000000000
00100001000010000000000001000000001100001000010000011000100000000000000
00100001000000000000000001010000001100001000010000001000100000000000000
00100001000000000000000001000000001100001000010000011000100000000000000
00100001000000000000000001000000001100001000010000011000100000000000000
00100001000000000000000001000000001100001000010000001000100000000000000
00000000000000000000000000000010000011000000100000000000000000000100011
00100001000000000000000001000000001100001000010000011000100000000000000
00000000000000000000000000000010000011000000100000000000000000000100011
00110001000000000000010001000000001100001000010000001000100000000000000
00000000000000000000000000000010000011000000100000000000000000000100011
00000000000000100010000000000000000000000000000000000000010000010000000
00000000000000000000000000000010100011000000000000000000000000000100001
00100001000000000000000001000000001100001000010000001000100000000000000
00000000000001100010000000000000000000000000000000000010010000010000000
00000000000000000000000000000010100011000000000000000000000000000100001
00000010000001100010000000000000000000000000000000000010010000010000000
00100001000000000000000001000000001100101000010000011000100000000000000
00000000000000000000000000000010100011000000000000000000000000000100001
00000000000000000000000100000010000011000000100000000000000000000100011
00000000000000000000000000000010000011000000000000000000000000000100011
00100001000000000000000001000001001100001000010000001000100000000001000
00100001000000000000000001000001001100001000010000001000100000000000000
00000000000000000000000000000010100011000000000000000000000000000100001
00000000000000000000000000000010100011000000000000000000000000000100001
00000000000000000000000000000010010011000000000000000000000000000100011
00000000000000100010000000000000000000000000000000000000010000010000000
00000000000000000000000000000010000011000000000000000000000000000100011
00100001000000000000000001000000001100001000010000011000100000000000000
00000000000000100010000000000000000000000000000000000000010000010000000
00100001000000000000000001000000001100001000010000011000100000000000000
00000000000000000000000000000010010011000000000000000000000000000100011
00110001000000000000010001000000001100001000010000001000100000000000000
00000000000000000000000000000010000011000000100000000000000000000100011
00000000000000100010000000001000000000000000000000000000010000010000000
00000000000000100010000000001000000000000000000000000000010000010000000
00100001000000000000000001000000001100001000010000011000100000000000000
00100001000000000000000001000000001100001000010000011000100000000000000
00000000000000100011000000000000000000000000000000000000010000010000000
00000000000000100110000000000000000000000000000000000000010000010000000
00000000000001100010000000000000000000000000000000000010010000010000000
00000000000000000000000000000010000011000000000000000000000000000100011
00000000000000100010000000000000000000000000000000000000010000010000000
00000000000000001000000000000010000011000100000000000000000010000100101
00000000000000000000000000000010010011000000000100000000000000000100011
00110001000000000000010001000000001100001000010000001000100000000000000
00000000000000000000000000000010010011000000000000000000000000000100011
00100001000010000000000001000000001100001000010000011000100000000000000
00100001000000000000000001000000001100001000010000001000100000000000000
00100001000000000000000001000000001100001000010000001000100000000000000
00000000000000001000000000000010000011000100000000000000000010000100001
00000000000000001000000000000010000011000100000000000000000010000100001
00100001000000000000000001000000001100001000010000001000100000000000000
00100001000000000000000001000000001100001000010000011000100000000000000
00000000000000000000000000000010100011000000000000000000000000000100001
00100001000000000000000001000000001100001000010000011000100000000000000
00000000000000001000000000000010000011000100000000000000000010000100001
00000010000001100010000000000000000000000000000000000010010000010000000
00000000000000000000000000000010100011000000000000000000000000000100001
00000000000000000000000000000010000011000000100000000000000000000100011
00100001000000000000000001000001001100001000010000001000100000000000000
00000000000000000000000000000010100011000000000000000000000000000100001
00100001000000000000000001000000001100001000010000001000100000000000000
00100001000000010000100001000000001100001000010000001000100000000000000
00000000000000000000000000000010100011000000000000000000000000000100001
00100001000000000000100001000000001100001000011000001000100000000000000
00100001000000000000000001000000001100001000010000001000100000000000000
00110001000000000000010001000000001100001000010000001000100000000000000
00100001000000000000000001000000001100001000010000011000100000000000000
00100001000000000000000001000000001100001000010000001000100000000000000
00000000000000100010000000000000000000000000000000000000010000010000000
00000000000000000000000000000010100011000000000000000000000000000100001
00100001000000000000000001000000001100001000010000011000100000000000000
00000000000000000000000000000010100011000000000000000000000000000100001
00000000000000000000000000000010100011000000000000000000000000000100001
00000000000000100010000000000000000000000000000000000000010000010000000
00000000000000000000000000000010010011000000000000000000000000000100011
00000000000000000000000000000010000011000000100000000000000000000100011
00100001000000000000000001000000001100001000010000001000100000000000000
00110001000000000000010001000000001100001000010000001000100000000000000
00000000000000000000000000000010000011000000100000000000000000000100011
00100001000000000000000001000000001100001000010000001000100000000000000
00000000000000100010000000000000000000000000000000000000010000010000000
00110001000000000000010001000000001100001000010000001000100000000000000
00100001000000000000000001010000001100001000010000001000100000000000000
00000000000000001000000000000010000011000100000000000000000010000100101
00000000000000000000000000000010100011000000000000000000000000000100001
00000000000000100010000000000000000000000000000000000000010000010000000
00100001000000000000000001000000001100001000010000001000100000000000000
00000000000000100010000000000000000000000000000000000000010000010000000
00100001001000000000001001000000001100001000010000001000100000000000000
00000000000000000000000000000010100011000000000000000000000000000100001
00000000000000001000000000000010000011000100000000000000000010000100001
00000000000000100010000000000000000000000000000000000000010000010000000
00000000000000001000000000000010000011000100000000000000000010000100001
00100001000000000000000001000000001100001000010000001000100000000000000
00100001000000000000000001000000001100001000010000011000100000000000000
00000000000000000000000100000010000011000000100000000000000000000100011
00000000000000000000000000000010000011000000100000000000000000000100011
00000000000000100010000000000000000000000000000000000000010000010000000
00100001000000000000000001000000001100001000010000011000100000000000000
00000000000000000000000000000010100011000000000000000000000000000100001
00100001000000000000000001000000001100001000010000011000100000000000000
00100001000000000000000001000000001100001000010000011000100000000000000
00100001000000000000000001000000001100001000010000011000100000000000000
00000000000000000000000000000010000011000000100000000000000000000100011
00100001000000000000000001000001001100001000010000001000100000000000000
00100001000000000000000001000000001100001000010000011000100000000000000
00110001000000000000010001000000001100001000010000001000100000000000000
00000000000000000000000000000010100011000000000000000000000000000100001
00000000000000000000000000000010000011000000100000000000000000000100011
00000000000000000000000010000010000011000000100000000000000000000100011
00000000000000000000000000000010100011000000000000000000000000000100001
00100001000000000000100001000000001100001000011000001000100000000000000
10100001010000000000000001000000001100001000010010001000100000000000000
00000000000000000000000000000010100011000000000000000000000000000100001
00000000000000000000000000000010000011000000100000000000000000000100011
00000000000001100010000000000000000000000000000000000010010000010000000
00100001000000000000000001000000001100001000010000011000100000000000000
00100001000000000000000001000000001100001000010000011000100000000000000
00001000000000000000000000000010010011000000000000000000000000000100011
00000000000000100011000000000000000000000000000000000000010000010000000
00000000000000000000000000000010000011000000100000000000000000000100011
00100001000000000000000001000000001100001000010000011000100000000000000
00000000000000000000000000000010100011000000000000000000000000000100001
00000000000000000000000000000010000011000000100000000000000000000100011
10100001010000000000000001000000001100001000010010001000100000000000000
00100001000000000000000001000001001100001000010000001000100000000000000
00100001010000000000000001000000001100001000010010001000100000000000000
00100001000000000000000001000000001100001000010000011000100000000000000
00100001000000000000000001000000001100001000010000011000100000000000000
00000000000000000000000000000010000011000000100000000000000000000100011
00000000000000001000000000000010000011000100000000000000000010000100001
00000000000000001000000000000010000011000100000000000000000010001100001
00000000000000000000000000000010100011000000000000000000000000000100001
00000000000000000000000000000010000011000000100000000000000000000100011
00100001000000000000000001000000001100001000010000001000100000000000000
00110001000000000000010001000000001100001010010000001000100000000000000
00100001000000000000000001000000001100001000010000001000100000000000000
00110001000000000000010001000000001100001010010000001000100000000000000
00100001000000000000000001000000001100001000010000011000100000000000000
00000000000000100010000000000000000000000000000000000000010000010000000
00000000000000001000000000000010000011000100000000000000000010000100101
00000000000000000000000000000010100011000000000000000000000000000100001
00000000000000001000000000000010000011000100000000000000000010000100001
00000000000000001000000000000010000011000100000000000000000010000100101
00100001000000000000000001000000001100001000010000001000100000000000000
00110001000000000000010001000000001100001000010000001000100000000000000
00100001000000000000000001000000001100001000010000001000100000000000000
00100001000000000000000001000000001100001000010000001000100000000000000
00110001000000000000010001000000001100001000010000001000100000000000000
00100001000000000000000001000001001100001000010000001000100000000000000
00000000000000000000000000000010010011000000000000100000000000000100011
00000000000000001000000000000010000011000100000000000000000010000100001
00100001000000000000000001000000001100001000010000011000100000000000000
00110001000000000000010001000000001100001000010000001000100000000000000
00100001000000000000000001000000001100001000010000001000100000000000000
00100001000000000000000001000000001100001000010000011000100000000000000
00100001000000000000000001000000001100001000010000011000100000000000000
00110001000000000000010001000000001100001000010000001000100000000000000
00100001000000000000000001000000001100001000010000001000100000000000000
00100001000000000000000001000000001100001000010000001000100000000000000
00100001000000000000000001000000001100001000010000011000100000000000000
00000000000000100010000000000000000000000000000000000000010000010000000
00000000000000000000000000000010100011000000000000000000000000000100001
00000000000000000000000000000010100011000000000000000000000000000100001
00100001010000000000000001000000001100001000010010001000100000000000000
00000000000000100010000000000000000000000000000000000000010000010000000
00000000000001100010000000000000000000000000000000000010010000010000000
00000000000000100010000000000000000000000000000000000000010000010000000
00000000000000100010000000000000000000000000000000000000010000010000000
00000000000000001000000000000010000011000100000000000000000010000100101
00000000000000000000000000100110000011000000000000000000000000000100011
00000000000000000000000000000010000011000000000000000000000000000100011
00110001000000000000010001000000001100001000010000001000100000000000000
00000000000000000000000000000010000011000000100000000000000000000100011
00000000000000000000000100000010000011000000100000000000000000000100011
00110001000000000000010001000000001100001000010000001000100000000000000
00000000000000000000000000000010100011000000000000000000000000000100001
00110001000000000000010001000000001100001000010000001000100000000000000
00100001001000000000001001000000001100001000010000001000100000000000000
00000000000000100010000000001000000000000000000000000000010000010000000
00000000000001100010000000000000000000000000000000000010010000010000000
00100001000000000000000001000000001100001000010000011000100000000000000
00000000000001100010000000000000000000000000000000000010010000010000000
00000000000000000000000000000010000011000000100000000000000000000100011
00000000000000000000000000000010000011000000100000000000000000000100011
00100001000000000000000001000000001100001000010000011000100000000000000
00000000000000000000000000000010100011000000000000000000000000000100001
00000000000000000000000000000010000011000000100000000000000000000100011
00000000000001100010000000000000000000000000000000000010010000010000000
00100001000000000000000001000000001100001000010000011000100000000000000
00100001000000000000000001000000001100001000010000001000100000000000000
00110001000000000000010001000000001100001000010000001000100000000000000
00000000000000000000000000000010100011000000000000000000000000000100001
00100001000000000000000001000000001100001000010000011000100000000000000
00100001000000000000000001000000001100001000010000001000100000000000000
00000000000000000000000000000010100011000000000000000000000000000100001
00000000000000000000000000000010010011000000000000000000000000000100011
00100001000000000000000001000000001100001000010000001000100000000000000
00000000000000001000000000000010000011000100000000000000000010000100001
00000000000001100010000000000000000000000000000000000010010000010000000
00100001000000000000000001000000001100001000010000001000100000000000000
00000000000001100010000000000000000000000000000000000010010000010000000
00110001000000000000010001000000001100001000010000001000100000000000000
00000000000000000000000000000010000011000000000000000000000000000100011
00000000000000000000000000000010000011000000100000000000000000000100011
00110001000000000000010001000000001100001000010000001000100000000000000
00000000000000001000000000000010000011000100000000000000000010000100001
00000000000000000000000000000010000011000000100000000000000000000100011
00000000000000000000000000000010010011000000000000000000000000000100011
00000000000001100010000000000000000000000000000000000010010000010000000
00000000000000000000000000000010100011000000000000000000000000000100001
00000000000000000000000000000010000011000000000000000000000000000100011
00100001000000000000000001000000001100001000010000011000100000000000000
00100001000000000000000001000000001100001000010000001000100000000000000
00100001001000000000001001000000001100001000010000001000100000000000000
00100001000000000000000001000000001100001000010000011000100000000000000
00100001000000000000000001000000001100001000010000001000100000000000000
00000000000000000000000000000010000011000000100000000000000000000100011
00000000000000000000000000000010000011000000100000000000000000000100011
00100001000000000000000001000000001100001000010000011000100000000000000
00000000000000000000000000000010100011000000000000000000000000000100001
00000000000000100010000000000000000000000000000000000000010000010000000
00000000000000000000000000000010100011000000000000000000000000000100001
00100001000000000000000001000000001100001000010000011000100100000000000
00000000000000100010000000000000000000000000000000000000010000010000000
00000000000000100010000000000000000000000000000000000000010000010000000
00000000000000001000000000000010000011000100000000000000000010000100001
00100001000000000000000001000000001100001000010000001000100000000000000
00000000000000001000000000000010000011000100000000000000000010000100001
00100001000000000000000001000000001100001000010000011000100000000000000
00100001000000000000000001000000001100001000010000001000100000000000000
00100001000000000000000001000000001100001000010000011000100000000000000
00100001000000000000000001000000001100001000010000011000100000000000000
00000000000001100010000000000000000000000000000000000010010000010000000
00100001000000000000000001010000001100001000010000001000100000000000000
00000000000000000000000000000010000011000000100000000000000000000100011
00100001000000000000000001000000001100001000010000001000100000000000000
00100001010000000000000001000000001100001000010010001000100000000000000
00100001000000000000000001000000001100001000010000001000100000000000000
00000000000000001000000000000010000011000100000000000000000010001100001
00000000000000100010000000000000000000000000000000000000010000010000000
00110001000000000000010001000000001100001000010000001000100000000000000
00110001000000000000010001000000001100001000010000001000100000000000000
00000000000000000000000000000010000011000000100000000000000000000100011
00000000000000000000000000000010100011000000000000000000001000000100001
00110001000000000000010001000000001100001000010000001000100000000000000
00100001010000000000000001000000001100001000010010001000100000000000000
00000000000000001000000000000010000011000100000000000000000010000100101
00000000000000001000000000000010000011000100000000000000000010000100001
00000000000000100010000000000000000000000000000000000000010000010000000
00000000000000100010000000000000000000000000000000000000010000010000000
00100001000000000000000001000000001100001000010000001000100000000000000
00001000000000000000000000000010010011000000000000000000000000000100011
00000000000000000000000000000010000011000000100000000000000000000100011
00100001000000000000000001000000001100001000010000001000100000000000000
00100001000000000000000001000001001100001000010000001000100000000000000
00100001000000000000000001000000001100001000010000011000100000000000000
00100001000000000000000001000000001100001000010000001000100000000000000
00100001000000000000000001000000001100001000010000011000100000000000000
00100001000000000000000001000000001100001000010000001000100000000000000
00000000000000000000000100000010000011000000100000000000000000000100011
00000000000000100010000000001000000000000000000000000000010000010000000
00000000000000000000000000000010000011000000100000000000000000000100011
00100001000000010000100001000000001100001000010000001000100000000000000
00000000000000000000000000000010010011000000000000100000000000000100011
00000000000000001000000000000010000011000100000001000000000010000100001
00110001000000000000010001000000001100001000010000001000100000000000000
00100001000000000000000001000000001100001000010000011000100000000000000
00000000000000000000000000000010000011000000100000000000000000000100011
00000000000001100010000000000000000000000000000000000010010000010000000
00100001000000010000100001000000001100001000010000001000100000000000000
00110001000000000000010001000000001100001000010000001000100000000000000
00000000000000001000000000000010000011000100000000000000000010000100001
00100001000000000000000001000000001100001000010000001000100000000000000
00100001010000000000000001000000001100001000010010001000100000000000000
00000000000000000000000000000010000011000000000000000000000001000100011
00100001000000000000000001000000001100001000010000001000100000000000000
00000000000000100010000000000000000000000000000000000000010000010000000
00000000000000000000000000000010100011000000000000000000000000000100001
00100001000000000000000001000000001100001000010000011000100000000000000
00000000000000100010000000000000000000000000000000000000010000010000000
00000000000001100010000000000000000000000000000000000010010000010000000
00100001000000000000000001000000001100001000010000001000100000000000000
00000000000000000000000000000010100011000000000000000000000000000100001
00000000000000100010000000001000000000000000000000000000010000010000000
00000000000000000000000000000010100011000000000000000000000000000100001
00000000000001100010000000000000000000000000000000000010010000010000000
00110001000000000000010001000000001100001000010000001000100000000000000
00000000000000100010000000000000000000000000000000000000010000010000000
00000000000000100010000000001000000000000000000000000000010000010000000
00110001000000000000010001000000001100001000010000001000100000000000000
00000000000000000000000000000010000011000000000000000000000000000100011
00000000000000000000000000000010010011000000000000000000000000000100011
00000000000000000000000000000010000011000000000000000000000000000100011
00110001000000000000010001000000001100001000010000001000100000000000000
00000000000000000000000000000010100011000000000000000000000000000100001
00000000000000000000000000000010000011000000100000000000000000000100011
00000000000000001000000000000010000011000100000000000000000010000100001
00000000000001100010000000000000000000000000000000000010010000010000000
00100001000000000000000001010000001100001000010000001000100000000000000
00000000000000100010000000000000000000000000000000000000010000010000000
00000000000000000000000000000010010011000000000000000000000000000100011
00100001000000000000000001000000001100001000010000001000100000000000000
00100001000000000000000001000000001100001000010000011000100000000000000
00100001000000000000000001000000001100001000010000001000100000000000000
00100001000000000000000001000000001100001000010000011000100000000000000
00000000000000000000000000000010010011000000000000000000000000000100011
00000000000000001000000000000010000011000100000000000000000010000100001
00000000000000000000000000000010100011000000000000000000000000000100001
00100001000000000000000001000000001100001000010000001000100000000000000
00100001000000000000000001000000001100001000010000011000100000000000000
00100101000000000000000001000000001100001000010000011000100000000000000
00100001000000000000000001000000001100001000010000011000100000000000000
00000000000000000000000000000010000011000000100000000000000000000100011
00100001000000000000000001000000001100001000010000001000100000000000000
00000000000000100010000000000000000000000000000000000000010000010000000
00000000000000001000000000000010000011000100000000000000000010000100001
00000000000000000000000000000010000011000000000000000000000000000100011
00100001000000000000000001000000001100001000010000011000100000000000000
00100001000000000000000001000000001100001000010000011000100000000000000
00110001000000000000010001000000001100001000010000001000100000000000000
00110001000000000000010001000000001100001000010000001000100000000000000
00000000000000000000000000000010000011000000100000000000000000000100011
00000000000000000000000000000010100011000000000000000000000000000100001
00000000000000100010000000000000000000000000000000000000010000010000000
00000000000000000000000000000010000011000000100000000000000000000100011
00110001000000000000010001000000001100001000010000001000100000000000000
00100001000000010000100001000000001100001000010000001000100000000000000
00100001000000000000000001000000001100001000010000001000100000000000000
00000000000000100010000000000000000000000000000000000000010000010000000
00100001000000000000000001000000001100001000010000001000100000000000000
00100001000000000000000001000000001100001000010000001000100000000000000
00000000000000100010000000000000000000000000000000000000010000010000000
00100001000000000000000001000000001100001000010000011000100000000000000
00000000000000001000000000000010000011000100000000000000000010000100001
00000000000000100010000000000000000000000000000000000000010000010000000
00100001000000000000000001000001001100001000010000001000100000000000000
00100001010000000000000001000000001100001000010010001000100000000000000
00100001000000000000000001000000001100001000010000001000100000000000000
00100001000000000000000001000000001100001000010000001000100000000000000
00000000000000100010000000000000000000000000000000000000010000010000000
00000000000000000000000000000010100011000000000000000000000000000100001
00100001000000000000000001000000001100001000010000001000100000000000000
10100001010000000000000001000000001100001000010010001000100000000000000
00000000000001100010000000000000000000000000000000000010010000010000000
00000000000000000000000000000010000011000000100000000000000000000100011
00100001000000000000000001000001001100001000010000001000100000000000000
00000000000001100010000000000000000000000000000000000010010000010000000
00100001000000000000000001000000001100001000010000011000100000000000000
00000000000000100010000000001000000000000000000000000000010000010000000
00000000000000000000000000000010010011000000000000000000000000000100011
00100001000000000000000001000000001100001000010000001000100000000000000
00000000000000000000000000000010010011000000000000000000000000000100011
00110001000000000000010001000000001100001000010000001000100000000000000
00000000000001100010000000000000000000000000000000000010010000010000000
00110001000000000000010001000000001100001000010000001000100000000000000
00100001000000000000000001010000001100001000010000001000100000000000000
00000000000000000000000000000010000011000000100000000000000000000100011
00000000000000001000000000000010000011000100000000000000000010000100001
00100001000000000000000001000000001100001000010000001000100000000000000
00110001000000000000010001000000001100001000010000001000100000000000000
00100001000000000000000001000000001100001000010000001000100000000000000
00100001000000000000000001000000001100001000010000001000100000000000000
00000000000000100010000000000000000000000000000000000000010000010000000
00100001000000000000000001000000001100001000010000001000100000000000000
00100001010000000000000001000000001100001000010010001000100000000000000
00000000000000100010000000000000000000000000000000000000010000010000000
00100001000000000000000001000000001100001000010000001000100000000000000
00000000000000000000000000000010100011000000000000000000000000000100001
00000000000000000000000000000010100011000000000000000000000000000100001
00000000000000000000000100000010000011000000100000000000000000000100011
00001000000000000000000000000010010011000000000000000000000000000100011
00000000000000000000000000000010000011000000100000000000000000000100011
00000000000000100010000000000000000000000000000000000000010000010000000
00000000000000000000000000000010100011000000000000000000000000000100001
00100001000000000000000001000000001100001000010000001000100000000000000
00000000000001100010000000000000000000000000000000000010010000010000000
00100001000000000000000001010000001100001000010000001000100000000000000
00100001000000000000000001000000001100001000010000001000100000000000000
00001000000000000000000000000010010011000000000000000000000000000100011
10100001010000000000000001000000001100001000010010001000100000000000000
00000000000000000000000010000010000011000000100000000000000000000100011
00100001000000000000000001000001001100001000010000001000100000000000000
00000000000000000000000000000010100011000000000000000000000000000100001
00000000000000100010000000001000000000000000000000000000010000010000000
00000000000000100010000000000000000000000000000000000000010000010000000
00000000000000000000000000000010100011000000000000000000000000000100001
00100001000000000000000001000000001100001000010000011000100000000000000
00000000000000100010000000000000000000000000000000000000010000010000000
00100001010000000000000001000000001100001000010010001000100000000000000
00100001000000000000000001000000001100001000010000001000100000000000000
00100001010000000000000001000000001100001000010010001000100000000000000
00100001000000000000000001000000001100001000010000001000100000000000000
00000000000000000000000000000010010011000000000000000000000000000100011
00000000000000000000000000000010000011000000100000000000000000000100011
00100001000000000000000001000000001100001000010000011000100000000000000
00100001000000000000000001000000001100001000010000011000100000000000000
00000000000001100010000000000000000000000000000000000010010000010000000
00100001001000000000001001000000001100001000010000001000100000000000000
00100001000000000000000001000000001100001000010000011000100000000000000
00100001000000000000000001000000001100001000010000011000100000000000000
00000000000000000000000000100110000011000000000000000000000000000100011
00000000000000100010000000000000000000000000000000000000010000010000000
00100001000000000000000001000000001100001000010000001000100000000000000
00000000000000000000000000000010010011000000000000000000000000000100011
00100001000000000000000001000000001100001000010000001000100000000000000
00000000000000000000000000000010000011000000100000000000000000000100011
00000000000000000000000000000010000011000000000000000000000000000100011
00100001000000000000000001000000001100001000010000001000100000000000000
00000000000000001000000000000010000011000100000000000000000010000100001
00110001000000000000010001000000001100001000010000001000100000000000000
00000000000000000000000010000010000011000000100000000000000000000100011
00000000000000100010000000000000000000000000000000000100010000010000000
00100001000000000000000001000000001100001000010000011000100000000000000
00100001010000000000000001000000001100001000010010001000100000000000000
00000000000000100010000000000000000000000000000000000000010000010000000
00000000000000001000000000000010000011000100000000000000000010000100101
00100001000000000000000001000000001100001000010000001000100000000000000
00100001000000000000000001000000001100001000010000001000100000000000000
00000000000000100010000000000000000000000000000000000000010000010000000
00100001000000000000000001000000001100001000010000011000100000000000000
00110001000000000000010001000000001100001000010000001000100000000000000
00000000000000000000000000000010010011000000000000100000000000000100011
00110001000000000000010001000000001100001000010000001000100000000000000
00000000000000100010000000000000000000000000000000000000010000010000000
00100001000000000000000001000000001100001000010000001000100000000000000
00100001000000000000000001000000001100001000010000001000100000000000000
00000000000000000000000000000010000011000000100000000000000000000100011
00000000000000000000000000000010100011000000000000000000000000000100001
00100001000000010000100001000000001100001000010000001000100000000000000
00100001000000000000100001000000001100001000011000001000100000000000000
00000000000000000000000000000010000011000000100000000000000000000100011
00000000000001100010000000000000000000000000000000000010010000010000000
00000000000000000000000000000010000011000000100000000000000000000100011
00000000000000000000000000000010010011000000000000000000000000000100011
00100001000000000000100001000000001100001000011000001000100000000000000
00100001000000000000000001000000001100001000010000001000100000000000000
00100101000000000000000001000000001100001000010000011000100000000000000
00000000000000100010000000000000000000000000000000000000010000010000000
00000000000100100010000000000000000000000000000000000000010000010000000
00000000000000000000000000000010010011000000000000000000000000000100011
00000000000000001000000000000010000011000100000000000000000010000100001
00000000000000000000000000000010000011000000100000000000000000000100011
00000000000000000000000000000010000011000000100000000000000000000100011
00100001000000000000000001000000001100001000010000001000100000000000000
00000000000000000000000000000010000011000000100000000000000000000100011
00000000000000000000000000000010100011000000000000000000000000000100001
00000000000000000000000000000010100011000000000000000000000000000100001
00000000000000000000000000000010010011000000000000000000000000000100011
00100001000000000000000001000000001100001000010000011000100000000000000
00000000000000100010000000000000000000000000000000000000010000010000000
00000000000000000000000000000010000011000000100000000000000000000100011
00100001000000000000000001000000001100001000010000011000100000000000000
00000000000000000000000000000010000011000000100000000000000000000100011
00000000000000000000000000000010100011000000000000000000000000000100001
00100001000000000000000001000000001100001000010000001000100000000000000
00100001010000000000000001000000001100001000010010001000100000000000000
00000000000000000000000010000010000011000000100000000000000000000100011
00000000000000000000000000000010000011000000000000000000000000000100011
00000000000000000000000000000010100011000000000000000000000000000100001
00110001000000000000010001000000001100001000010000001000100000000000000
00000000000000000000000000000010100011000000000000000000000000000100001
00000000000000000000000000000010000011000000100000000000000000000100011
00000000000000000000000000000010000011000000000000000000000000000100011
00000000000000100011000000000000000000000000000000000000010000010000000
00000000000001100010000000000000000000000000000000000010010000010000000
00110001000000000000010001000000001100001000010000001000100000000000000
00100001000000000000000001000000001100001000010000011000100000000000000
00000000000000000000000000000010000011000000000000000000000000000100011
00100001000000000000000001000000001100001000010000001000100000000000000
00000000000000100010000000000000000000000000000000000000010000010000000
00100001000000000000000001000000001100001000010000001000100000000000000
00000000000000000000000000000010000011000000000000000000000000000100011
00000000000000000000000000000010000011000000100000000000000000000100011
00100001000000010000100001000000001100001000010000001000100000000000000
00100001000000000000000001000000001100001000010000001000100000000000000
00000000000000000000000000000010000011000000000000000000000000000100011
00000000000000000000000000000010000011000000000000000000000000000100011
00000000000000000000000000000010000011000000000000000000000000000100011
00100001000000000000000001000000001100001000010000011000100000000000000
00000000000000000000000000000010000011000000100000000000000000000100011
00000000000000000000000000000010000011000000100000000000000000000100011
00100001000000000000000001000000001100001000010000001000100000000000000
00100001000000000000000001000001001100001000010000001000100000000000000
00000000000000001000000000000010000011000100000000000000000010000100001
00100001000000000000000001000000001100001000010000001000100000000000000
00100001000000000000100001000000001100001000011000001000100000000000000
00000000000000000000000000000010000011000000100000000000000000000100011
00100001000000000000000001000000001100001000010000001000100000000000000
00100001000000000000100001000000001100001000011000001000100000000000000
00100001000000000000000001000001001100001000010000001000100000000000000
00000000000000000000000000000010010011000000000000000000000000000100011
00000000000000000000000000000010010011000000000000000000000000000100011
00000000000000000000000000000010100011000000000000000000000000000100001
00100001010000000000000001000000001100001000010010001000100000000000000
00110001000000000000010001000000001100001000010000001000100000000000000
00000000000000000000000000000010100011000000000000000000000000000100001
00110001000000000000010001000000001100001000010000001000100000000000000
00100001000000000000000001000000001100001000010000011000100000000000000
00000000000000001000000000000010000011000100000000000000000010000100101
00100001000000000000000001000000001100001000010000011000100000000000000
00100001000000000000000001000000001100001000010000001000100000000000000
00000000000000100010000000000000000000000000000000000000010000010000000
10100001010000000000000001000000001100001000010010001000100000000000000
00000000000000100010000000000000000000000000000000000000010000010000000
00000000000000000000000000000010010011000000000000000000000000000100011
00100001000000000000000001000000001100001000010000001000100000000000000
00000000000000001000000000000010000011000100000000000000000010000100001
00001000000000000000000000000010010011000000000000000000000000000100011
00000000000000100010000000000000000000000000000000000000010000010000000
00100001000000000000000001000000001100001000010000011000100000000000000
00000000000000000000000000000010100011000000000000000000000000000100001
00100001000000000000000001000000001100001000010000011000100000000000000
00000000000000000000000000000010000011000000000000000000000000000100011
00000000000000001000000000000010000011000100000001000000000010000100001
00000000000000000000000000000010100011000000000000000000000000000100001
00000000000000001000000000000010000011000100000000000000000010000100001
00000000000000000000000000000010100011000000000000000000000000000100001
00100001000000010000100001000000001100001000010000001000100000000000000
00000000000001100010000000000000000000000000000000000010010000010000000
00100001000000000000000001000000001100001000010000011000100000000000000
00000000000100100010000000000000000000000000000000000000010000010000000
00000000000000000000000000000010100011000000000000000000000000000100001
00000000000000000000000000000010000011000000100000000000000000000100011
00100001000000000000000001000000001100001000010000001000100000000000000
00000000000000100010000000000000000000000000000000000000010000010000000
00000000000001100010000000000000000000000000000000000010010000010000000
00000000000000000000000000000010000011000000100000000000000000000100011
00000000000000000000000000000010000011000000100000000000000000000100011
00000000000000000000000000000010100011000000000000000000000000000100001
00000000000000000000000000000010000011000000000000000000000000000100011
00100001010000000000000001000000001100001000010010001000100000000000000
00100001000000000000000001000000001100001000010000001000100000000000000
00100001000000000000000001000000001100101000010000011000100000000000000
00100001000000000000000001000000001100001000010000001000100000000000000
00110001000000000000010001000000001100001000010000001000100000000000000
00000000000001100010000000000000000000000000000000000010010000010000000
00000000000000000000000000000010100011000000000000000000000000000100001
00000000000000000000000000000010010011000000000000000000000000000100011
00100001010000000000000001000000001100001000010010001000100000000000000
00100001000000000000000001000001001100001000010000001000100000000000000
00110001000000000000010001000000001100001010010000001000100000000000000
00000000000000000000000000000010100011000000000000000000000000000100001
00000000000001100010000000000000000000000000000000000010010000010000000
00100001000000000000000001000000001100001000010000001000100000000000000
00000000000000001000000000000010000011000100000000000000000010000100001
00000000000000100010000000000000000000000000000000000000010000010000000
00000000000000000000000000000010010011000000000000000000000000000100011
00000000000000000000000000000010000011000000100000000000000000000100011
00110001000000000000010001000000001100001000010000001000100000000000000
00100001000000000000000001000000001100001000010000011000100000000000000
00100001000000000000000001000000001100001000010000011000100100000000000
00000000000000000000000000000010000011000000000000000000000000000100011
00110001000000000000010001000000001100001010010000001000100000000000000
00000000000000000000000000000010000011000000100000000000000000000100011
00000000000001100010000000000000000000000000000000000010010000010000000
00110001000000000000010001000000001100001000010000001000100000000000000
00000000000000000000000000000010010011000000000000000000000000000100011
00100001000000000000000001000000001100001000010000001000100000000010000
00000000000000001000000000000010000011000100000000000000000010000100001
00001000000000000000000000000010010011000000000000000000000000000100011
00000000000000000000000000000010000011000000100000000000000000000100011
00000000000000000000000000000010100011000000000000000000000000000100001
00100001000000000000000001000000001100001000010000011000100000000000000
00100001000000000000000001000001001100001000010000001000100000000000000
00000000000000001000000000000010000011000100000001000000000010000100001
00000000000000000000000000000010000011000000000000000000000001000100011
00110001000000000000010001000000001100001000010000001000100000000000000
00100001000000000000000001000000001100001000010000011000100000000000000
00000000000000000000000000000010100011000000000000000000000000000100001
00000000000000001000000000000010000011000100000000000000000010000100001
00000000000000100010000000000000000000000000000000000000010000010000000
00000000000000000000000000000010000011000000100000000000000000000100011
00000000000000100010000000000000000000000000000000000000010000010000000
00100001000000000000000001000000001100001000010000011000100000000000000
00110001000000000000010001000000001100001000010000001000100000000000000
00000000000000100010000000000000000000000000000000000000010000010000000
00100001000000000000000001000000001100001000010000001000100000000000000
00100001000000000000000001000000001100001000010000001000100000000000000
00100001000000000000000001000001001100001000010000001000100000000000000
00100001000000000000000001000000001100001000010000011000100000000000000
00000000000000000000000000000010100011000000000000000000000000000100001
00100001000000000000000001000000001100001000010000001000100000000000000
00100001000000000000000001000000001100001000010000001000100000000000000
00000000000000000000000000000010000011010000000000000000000000000100011
00000000000000001000000000000010000011000100000000000000000010000100101
00000000000000100010000000000000000000000000000000000000010000010000000
00000000000000000000000000000010000011000000100000000000000000000100011
00100001000000010000100001000000001100001000010000001000100000000000000
00100001000000010000100001000000001100001000010000001000100000000000000
00100001000000000000000001000000001100001000010000001000100000000000000
00000000000000000000000000000010100011000000000000000000000000000100001
00000000000000000000000000000010000011000000100000000000000000000100011
00110001000000000000010001000000001100001010010000001000100000000000000
00000000000001100010000000000000000000000000000000000010010000010000000
00000000000001100010000000000000000000000000000000000010010000010000000
00100001000000000000000001000000001100001000010000001000100000000000000
00100001000000000000000001000000001100001000010000001000100000000000000
00000000000001100010000000000000000000000000000000000010010000010000000
00100001000000000000000001000000001100001000010000011000100000000000000
00100001000000010000100001000000001100001000010000001000100000000000000
00000000000000000000000000000010000011000000100000000000000000000100011
00100001000000000000000001000000001100001000010000011000100000000000000
00110001000000000000010001000000001100001000010000001000100000000000000
00000000000000000000000000000010000011000000100000000000000000000100011
00000000000000000000000000000010000011000000100000000000000000000100011
00000000000000000000000000000010100011000000000000000000000000000100001
00000000000000100010000000000000000000000000000000000000010000010000000
00000000000000000000000000000010100011000000000000000000000000000100001
00100001010000000000000001000000001100001000010010001000100000000000000
00100001000000000000000001000000001100001000010000011000100000000000000
00000000000000000000000010000010000011000000100000000000000000000100011
00100001000000000000000001000000001100001000010000001000100000000000000
00000000000000000000000000000010000011000000000000000000000000000100011
00000000000000001000000000000010000011000100000000000000000010000100101
00000000000000100010000000000000000000000000000000000000010000010000000
00000000000000100010000000000000000000000000000000000000010000010000000
00100001000000000000000001000000001100001000010000001000100000000010000
00100001000000000000000001000001001100001000010000001000100000000000000
00000000000000000000000000000010100011000000000000000000000000000100001
00100001000000000000000001000000001100001000010000001000100000000000000
00100001000000000000000001000000001100001000010000001000100000000000000
00100001000000000000000001000000001100001000010000001000100000000000000
00000000000000000000000000000010100011000000000000000000000000000100001
00100001000000000000000001000000001100001000010000011000100000000000000
00000000000000100010000000000000000000000000000000000000010000010000000
00100001100000000000000001000000001100001000010000011000100000000000000
00100001000000000000000001000000001100001000010000001000100000000000000
00000000000000100110000000000000000000000000000000000000010000010000000
00000000000001100010000000000000000000000000000000000010010000010000000
00100001000000000000000001000000001100001000010000011000100000000000000
00100101000000000000000001000000001100001000010000011000100000000000000
00100001000000000000000001000000001100001000010000001000100000000000000
00100001000000000000000001000000001100001000010000001000100000000000000
00000000000000000000000000000010100011000000000000000000000000000100001
00000000000000000000000000000010010011000000000000000000000000000100011
00000000000000000000000000000010100011000000000000000000000000000100001
00000000000000000000000000000010000011000000000000000000000000000100011
00100001000000000000000001000000001100001000010000001000100000000000000
00000000000000000000000000000010100011000000000000000000000000000100001
00000000000001100010000000000000000000000000000000000010010000010000000
00100001000000000000000001000001001100001000010000001000100000000000000
00100001000000000000000001000000001100001000010000001000100000000000000
00110001000000000000010001000000001100001000010000001000100000000000000
00000000000000100010000000000000000000000000000000000000010000010000000
00000000000000000000000000000010000011000000100000000000000000000100011
00000000000000000000000000000010100011000000000000000000000000000100001
00100001000000000000000001000000001100001000010000001000100000000000000
00100101000000000000000001000000001100001000010000011000100000000000000
00100001000000000000000001000000001100001000010000001000100000000000000
10100001010000000000000001000000001100001000010010001000100000000000000
00000000000000000000000000000010000011000000100000000000000000000100011
00100001000000000000000001000000001100001000010000001000100000000000000
00100001000000000000000001000000001100001000010000001000100000000000000
00000000000000001000000000000010000011000100000000000000000010000100101
00000000000000100010000000000000000000000000000000000000010000010000000
00100001000000000000000001000000001100001000010000011000100000000000000
00110001000000000000010001000000001100001010010000001000100000000000000
00100001010000000000000001000000001100001000010010001000100000000000000
00000000000000000000000000000010000011000000100000000000000000000100011
00110001000000000000010001000000001100001000010000001000100000000000000
00000000000000000000000000000010010011000000000000000000000000000100011
00100001000000000000000001000000001100001000010000011000100000000000000
00000000000000000000000000000010010011000000000000000000000000000100011
00000000000000000000000000000010000011000000100000000000000000000100011
00000000000000000000000000000010100011000000000000000000000000000100001
00000000000000000000000000000010010011000000000000000000000000000100011
00100001001000000000001001000000001100001000010000001000100000000000000
00100001000000000000000001000000001100001000010000001000100000000000000
00100001000000000000000001000000001100001000010000011000100000000000000
00000000000000100010000000000000000000000000000000000000010000010000000
00100001100000000000000001000000001100001000010000011000100000000000000
00000000000000000000000000000010000011000000100000000000000000000100011
00110001000000000000010001000000001100001000010000001000100000000000000
00100001000000000000000001000000001100001000010000011000100000000000000
00110001000000000000010001000000001100001010010000001000100000000000000
00000000000000000000000000000010100011000000000000000000000000000100001
00000000000001100010000000000000000000000000000000000010010000010000000
00000000000000000000000000000010000011000000100000000000000000000100011
00000000000001100010000000000000000000000000000000000010010000010000000
00100001000000000000000001000000001100001000010000001000100000000000000
00100001000000000000100001000000001100001000011000001000100000000000000
00100001000000000000000001000000001100001000010000011000100000000000000
00000000000000000000000000000010100011000000000000000000000000000100001
00100001000000000000000001000000001100001000010000001000100000000000000
00000000000000100010000000000000000000000000000000000000010000010000000
00000000000000000000000000000010100011000000000000000000000000000100001
00000000000000000000000000000010100011000000000000000000000000000100001
00000000000000000000000000000010000011000000100000000000000000000100011
00000000000000000000000000000010100011000000000000000000000000000100001
00000000000000000000000000000010010011000000000000000000000000000100011
00100001000000000000000001010000001100001000010000001000100000000000000
00000000000100100010000000000000000000000000000000000000010000010000000
00000000000001100010000000000000000000000000000000000010010000010000000
00000000000000000000000000000010100011000000000000000000000000000100001
00100001000000000000000001000000001100001000010000011000100000000000000
00110001000000000000010001000000001100001000010000001000100000000000000
00110001000000000000010001000000001100001000010000001000100000000000000
00000000000000000000000000000010000011000000000000000000000000000100011
00100001000000010000100001000000001100001000010000001000100000000000000
00100001000000000000000001000000001100001000010000011000100000000000000
00100001010000000000000001000000001100001000010010001000100000000000000
00100001000000000000000001000000001100001000010000001000100000000000000
00100001000000000000000001000000001100001000010000011000100000000000000
00100001000000000000000001000000001100001000010000001000100000000000000
00100001000000000000000001000000001100001000010000001000100000000000000
00000000000000000000000000000010010011000000000000000000000000000100011
00000000000000000000000000000010100011000000000000000000000000000100001
00000000000000001000000000000010000011000100000000000000000010000100001
00100001000000000000000001000000001100001000010000011000100000000000000
00000000000000001000000000000010000011000100000000000000000010000100101
00001000000000000000000000000010010011000000000000000000000000000100011
00000000000000000000000000000010100011000000000000000000000000000100001
00100001000000000000000001000000001100001000010000001000100000000000000
00110001000000000000010001000000001100001000010000001000100000000000000
00100001000000000000000001000000001100001000010000001000100000000000000
00100001000000000000000001000000001100001000010000011000100000000000000
00100001010000000000000001000000001100001000010010001000100000100000000
00000000000000100010000000000000000000000000000000000000010000010000000
00000000000000000000000000000010000011000000100000000000000000000100011
00110001000000000000010001000000001100001010010000001000100000000000000
00000000000000000000000000000010000011000000100000000001000000000100011
00100001000000000000000001000000001100001000010000011000100000000000000
00000000000000000000000000000010100011000000000000000000000000000100001
00100001000000000000000001000000001100001000010000001000100000000000000
00000000000000000000000000000010100011000000000000000000000000000100001
00000000000000000000000000000010100011000000000000000000000000000100001
00100001010000000000000001000000001100001000010010001000100000000000000
00000000000000000000000000000010010011000000000000000000000000000100011
00100001000000000000000001000000001100001000010000001000100000000000000
00000000000000000000000000000010100011000000000000000000000000000100001
00000000000000000000000000000010100011000000000000000000000000000100001
00100001000000000000000001000000001100001000010000001000100000000000000
00100001010000000000000001000000001100001000010010001000100000000000000
00000000000000000000000000000010000011000000100000000000000000000100011
00000000000000000000000000000010100011000000000000000000000000000100001
00000000000000000000000000000010000011000000100000000000000000000100011
00000000000000000000000000000010010011000000000000000000000000000100011
00100001000000000000000001000000001100001000010000001000100000000000000
00000000000000000000000000000010010011000000000000000000000000000100011
00000000000000000000000000000010010011000000000000000000000000000100011
00100001000000000000000001000000001100001000010000011000100000000000000
00100001000000000000000001000000001100001000010000001000100000000000000
00000000000000000000000000000010100011000000000000000000000000000100001
00100001010000000000000001000000001100001000010010001000100000000000000
00100001000000000000000001000000001100001000010000001000100000000000000
00110001000000000000010001000000001100001000010000001000100000000000000
00000000000000000000000000000010000011000000100000000000000000000100011
00000000000000000000000000000010000011000000100000000000000000000100011
00000000000000000000000000000010000011000000000000000000000000000100011
00100001000000000000000001000000001100001000010000001000100000000000000
00100001000000000000000001000001001100001000010000001000100000000000000
00110001000000000000010001000000001100001000010000001000100000000000000
00110001000000000000010001000000001100001000010000001000100000000000000
00100001000000000000000001000000001100001000010000001000100000000000000
00000000000000000000000000000010100011000000000000000000000000000100001
00000000000000000000000000000010000011000000100000000000000000000100011
00110001000000000000010001000000001100001000010000001000100000000000000
00000000000000000000000000000010100011000000000000000000000000000100001
00100001000000000000000001000000001100001000010000011000100000000000000
00100001001000000000001001000000001100001000010000001000100000000000000
00000000000000001000000000000010000011000100000000000000000010000100001
00000000000000000000000000000010010011000000000000000000000000000100011
00110001000000000000010001000000001100001010010000001000100000000000000
00100001000000000000000001000000001100001000010000011000100100000000000
00100001001000000000001001000000001100001000010000001000100000000000000
10100001010000000000000001000000001100001000010010001000100000000000000
00110001000000000000010001000000001100001010010000001000100000000000000
00100001010000000000000001000000001100001000010010001000100000000000000
00100001010000000000000001000000001100001000010010001000100000000000000
00000000000001100010000000000000000000000000000000000010010000010000000
00100001010000000000000001000000001100001000010010001000100000000000000
00000000000000000000000000000010000011000001100000000000000000000100011
00000000000000000000000000000010010011000000000000000000000000000100011
00100001000000000000000001000000001100001000010000001000100000000000000
00000000000000001000000000000010000011000100000000000000000010000100001
00000000000000100010000000000000000000000000000000000000010000010000000
00100001000000000000000001000000001100001000010000011000100000000000000
01000000000000000000000000000010100011000000000000000000000000000100001
00000000000000001000000000000010000011000100000000000000000010000100001
00110001000000000000010001000000001100001000010000001000100000000000000
00100001000000000000000001000000001100001000010000001000100000000000000
00000000000000000000000000000010100011000000000000000000000000000100001
00000000000000000000000000000010100011000000000000000000000000000100001
00100001000000000000000001000000001100001000010000001000100000000000000
00000000000000001000000000000010000011000100000000000000000010000100001
00100001000000000000000001000000001100001000010000011000100000000000000
00100001000000000000000001000000001100001000010000011000100000000000000
00000000000000000000000000000010100011000000000000000000000000000100001
00000000000000000000000000000010000011000000100000000000000000000100011
00000000000000000000000000000010100011000000000000000000000000000100001
00000000000000000000000000000010100011000000000000000000000000000100001
00110001000000000000010001000000001100001000010000001000100000000000000
00100001000000000000000001000000001100001000010000001000100000000000000
00000000000000100011000000000000000000000000000000000000010000010000000
00000000000000001000000000000010000011000100000000000000000010000100001
00000000000000100110000000000000000000000000000000000000010000010000000
00100001000000000000000001000000001100001000010000001000100000000000000
00100001000000000000000001000001001100001000010000001000100000000000000
00000000000000000000000000000010100011000000000000000000000000000100001
00000000000000000000000000000010000011000000100000000000000000000100011
00000000000000000000000000000010000011000000100000000000000000000100011
00100001000000000000000001000000001100001000010000011000100000000000000
00000000000000001000000000000010000011000100000000000000000010000100001
00100001000000000000000001000000001100001000010000001000100000000000000
00100001000000000000000001000000001100001000010000001000100000000000000
00100001000000000000000001000000001100001000010000001000100000000000000
00000000000000000000000000000010010011000000000000000000000000000100011
00000000000000000000000000000010100011000000000000000000000000000100001
00000000000100100010000000000000000000000000000000000000010000010000000
00000000000001100010000000000000000000000000000000000010010000010000000
00100001000000000000000001000000001100001000010000001000100000000000000
00110001000000000000010001000000001100001010010000001000100000000000000
00100001000000000000000001000000001100001000010000001000100000000000000
00000000000000000000000000000010000011000000100000000000000000000100011
00000000000000000000000000000010100011000000000000000000000000000100001
00000000000001100010000000000000000000000000000000000010010000010000000
00100001000000000000000001000000001100001000010000001000100000000000000
00100001000000000000000001000000001100001000010000011000100000000000000
00100001000000000000000001000000001100001000010000001000100000000000000
00000000000000000000000000000010100011000000000000000000000000000100001
00000000000000100010000000000000000000000000000000000000010000010000000
00100001000000000000100001000000001100001000011000001000100000000000000
10100001010000000000000001000000001100001000010010001000100000000000000
00000000000000001000000000000010000011000100000000000000000010000100001
00100001000000000000000001000000001100001000010000001000100000000000000
00000000000001100010000000000000000000000000000000000010010000010000000
00000000000000001000000000000010000011000100000000000000000010000100001
00100001010000000000000001000000001100001000010010001000100000000000000
00100001000000000000000001000000001100001000010000011000100000000000000
00100001000000000000000001000001001100001000010000001000100000000000000
00000000000000000000000000000010000011000000100000000000000000000100011
00000000000000000000000000000010000011000000100000000000000000000100011
00000000000000000000000000000010000011000000100000000000000000000100011
00100001010000000000000001000000001100001000010010001000100000000000000
00100001000000000000000001000001001100001000010000001000100000000000000
00100001000000000000000001000000001100001000010000001000100000000000000
00000000000000100010000000000000000000000000000000000000010000010000000
00110001000000000000010001000000001100001010010000001000100000000000000
00000000000000000000000000000010010011000000000000000000000000000100011
00000000000001100010000000000000000000000000000000000010010000010000000
00000000000000000000000000000010100011000000000000000000000000000100001
00100001010000000000000001000000001100001000010010001000100000000000000
00000000000000000000000000000010000011000000000000000000000000000100011
00100001010000000000000001000000001100001000010010001000100000000000000
00000000000001100010000000000000000000000000000000000010010000010000000
00100001000000000000000001000000001100001000010000001000100000000010000
00000000000000000000000000000010100011000000000000000000000000000100001
00100101000000000000000001000000001100001000010000011000100000000000000
00000000000000000000000000000010010011000000000000000000000000000100011
00100001010000000000000001000000001100001000010010001000100000000000000
00000000000000000000000000000010000011000000100000000000000000000100011
00000000000000000000000000000010010011000000000000000000000000000100011
00000000000000000000000000000010000011000000000000000000000000000100011
00000000000000000000000000000010000011000000100000000000000000000100011
00100001000000000000000001000000001100001000010000001000100000000000000
00100001000000000000000001000000001100001000010000011000100000000000000
00000000000000000000000000000010100011000000000000000000000000000100001
00000000000000000000000000000010100011000000000000000000000000000100001
00100001000000000000000001000000001100001000010000001000100000000000000
00100001000000000000000001000000001100001000010000001000100000000000000
00000000000000000000000000000010100011000000000000000000000000000100001
00000000000000000000000000000010100011000000000000000000000000000100001
00100001000000000000000001000000001100001000010000011000100000000000000
00000000000000000000000000000010000011000000000000000000000000000100011
00100001010000000000000001000000001100001000010010001000100000000000000
00100001000000000000000001010000001100001000010000001000100000000000000
00000000000000100010000000000000000000000000000000000000010000010000000
00000000000000000000000000000010010011000000000000000000000000000100011
00000000000000000000000000000010010011000000000000000000000000000100011
00000000000000100010000000001000000000000000000000000000010000010000000
00000000000000000000000000000010000011000000100000000000000000000100011
00000000000000100011000000000000000000000000000000000000010000010000000
00000000000000100010000000001000000000000000000000000000010000010000000
00110001000000000000010001000000001100001000010000001000100000000000000
00000000000000000000000000000010010011000000000000000000000000000100011
00000000000000001000000000000010000011000100000000000000000010000100001
00100001010000000000000001000000001100001000010010001000100000000000000
00000000000000000000000000000010000011000000100000000000000000000100011
00000000000000100010000000001000000000000000000000000000010000010000000
00100001000000000000000001000000001100001000010000001000100000000000000
00000000000000000000000000000010100011000000000000000000000000000100001
00100001000000000000000001000000001100001000010000011000100000000000000
00000000000000000000000000000010100011000000000000000000000000000100001
00000000000000000000000000000010100011000000000000000000000000000100001
00100001000000000000000001000000001100001000010000011000100000000000000
00000000000000100010000000000000000000000000000000000000010000010000000
00100001000000000000100001000000001100001000011000001000100000000000000
00000000000000000000000000000010000011000000100000000000000000000100011
00100001000000000000100001000000001100001000011000001000100000000000000
00000000000000100010000000000000000000000000000000000000010000010000000
00000000000000000000000000000010100011000000000000000000000000000100001
00110001000000000000010001000000001100001000010000001000100000000000000
00000000000000000000000000000010100011000000000000000000000000000100001
00000000000001100010000000000000000000000000000000000010010000010000000
00100001000000000000000001000000001100001000010000001000100000000000000
00000000000000001000000000000010000011000100000000000000000010000100001
00000000000000100010000000000000000000000000000000000000010000010000000
00110001000000000000010001000000001100001000010000001000100000000000000
00000000000001100010000000000000000000000000000000000010010000010000000
00100001000000000000000001000000001100001000010000011000100000000000000
00000000000000000000000000000010000011000000000000000000000000000100011
00110001000000000000010001000000001100001010010000001000100000000000000
00000000000000000000000000000010000011000000100000000000000000000100011
00000000000000001000000000000010000011000100000000000000000010000100001
00000000000000000000000000000010100011000000000000000000000000000100001
00110001000000000000010001000000001100001000010000001000100000000000000
00000000000000000000000000000010000011000000100000000000000000000100011
00000000000000000000000000000010000011000000000000000000000000000100011
00100001000000000000000001000000001100001000010000011000100000000000000
00000000000000100010000000000000000000000000000000000000010000010000000
00000000000001100010000000000000000000000000000000000010010000010000000
00100001001000000000001001000000001100001000010000001000100000000000000
00100001000000000000000001010000001100001000010000001000100000000000000
00000000000000000000000100000010000011000000100000000000000000000100011
00000000000100100010000000000000000000000000000000000000010000010000000
00000000000000000000000000000010000011000000000000000000000000000100011
00000000000000000000000000000010010011000000000000000000000000000100011
00000000000000001000000000000010000011000100000000000000000010000100101
00000000000000000000000000000010000011000000100000000000000000000100011
00100001000000000000000001000000001100001000010000011000100000000000000
00100001000000000000000001000000001100001000010000001000100000000000000
00100001000000000000000001000000001100001000010000001000100000000000000
00110001000000000000010001000000001100001010010000001000100000000000000
00100001000000000000000001000000001100001000010000011000100000000000000
00100001000000000000000001000000001100001000010000011000100000000000000
00100001000000000000100001000000001100001000011000001000100000000000000
00100001010000000000000001000000001100001000010010001000100000000000000
00000000000000100010000000001000000000000000000000000000010000010000000
00100001000000000000100001000000001100001000011000001000100000000000000
00100001000000000000000001000000001100001000010000011000100000000000000
00000000000000000000000000000010000011000000100000000000000000000100011
00100001000000000000000001000000001100001000010000011000100000000000000
00100001000000000000000001000000001100001000010000011000100000000000000
00100001000000000000000001000001001100001000010000001000100000000000000
00000000000000000000000000000010000011000000000000000000000001000100011
00000000000000000000000000000010000011000000000000000000000001000100011
00100001000000000000000001000000001100001000010000011000100100000000000
00100001000000000000000001000000001100001000010000001000100000000000000
00100001000000000000100001000000001100001000011000001000100000000000000
00100001000000000000000001000000001100001000010000011000100000000000000
00110001000000000000010001000000001100001010010000001000100000000000000
00000000000001100010000000000000000000000000000000000010010000010000000
00100001000000000000000001000000001100001000010000001000100000000000000
00000000000000000000000000000010010011000000000000000000000000000100011
00110001000000000000010001000000001100001000010000001000100000000000000
00000000000000000000000000000010100011000000000000000000000000000100001
00000000000000001000000000000010000011000100000000000000000010000100001
00100001000000000000000001000000001100001000010000001000100000000000000
00000000000000100010000000000000000000000000000000000100010000010000000
00000000000000000000000000000010010011000000000000000000000000000100011
00100001000000000000000001010000001100001000010000001000100000000000000
00000000000000000000000000000010010011000000000000000000000000000100011
00100001000000000000000001000000001100001000010000011000100000000000000
00110001000000000000010001000000001100001010010000001000100000000000000
00000000000000001000000000000010000011000100000000000000000010000100001
00100001000000000000000001000000001100001000010000001000100000000000000
00000000000000000000000000000010000011000000000000000000000000000100011
00000000000000000000000000000010100011000000000000000000000000000100001
00000000000001100010000000000000000000000000000000000010010000010000000
00100001001000000000001001000000001100001000010000001000100000000000000
00000000000000000000000000000010010011000000000000000000000000000100011
00000000000000100011000000000000000000000000000000000000010000010000000
00100001000000000000000001000000001100001000010000011000100000000000000
00110001000000000000010001000000001100001000010000001000100000000000000
00100001000000000000000001000000001100001000010000001000100000000000000
00000000000001100010000000000000000000000000000000000010010000010000000
00100001000000010000100001000000001100001000010000001000100000000000000
00100001000000000000000001000000001100001000010000011000100000000000000
00000000000000000000000000000010100011000000000000000000000000000100001
00100001000000000000000001000000001100001000010000011000100000000000000
00000000000000000000000000000010100011000000000000000000000000000100001
00100001000000000000000001000000001100001000010000011000100000000000000
00000000000001100010000000000000000000000000000000000010010000010000000
00100001000000000000000001000000001100001000010000001000100000000000000
00100001000000000000000001000001001100001000010000001000100000000000000
00000000000000000000000000000010000011000000100000000000000000000100011
00000000000000100010000000000000000000000000000000000000010000010000000
00100001000000000000000001000000001100001000010000011000100100000000000
00000000000000100010000000000000000000000000000000000000010000010000000
00000000000000001000000000000010000011000100000000000000000010000100001
00000000000000000000000000000010000011000000100000000000000000000100011
00100001000000000000000001000000001100001000010000001000100000000000000
00100001000000000000000001000000001100001000010000001000100000000000000
00100001000000000000000001000000001100001000010000011000100000000000000
00000000000000000000000000000010000011000000100000000000000000000100011
00000000000000001000000000000010000011000100000000000000000010000100101
00000000000000001000000000000010000011000100000000000000000010000100101
00000000000000000000000000000010000011000000100000000000000000000100011
00000000000000000000000000000010100011000000000000000000000000000100001
00000000000000000000000000000010000011000000100000000000000000000100011
00100001010000000000000001000000001100001000010010001000100000000000000
00100001000000000000000001010000001100001000010000001000100000000000000
00110001000000000000010001000000001100001010010000001000100000000000000
00000000000000001000000000000010000011000100000000000000000010000100101
