C:\Users\Paula\DOCUME~1\GitHub\QuBar\ms.exe 1000 1 -t 10 -G 10 
8582

//
segsites: 47
positions: 0.0378 0.0386 0.0905 0.1242 0.1601 0.1603 0.1833 0.2364 0.2498 0.2569 0.2928 0.3327 0.3793 0.4456 0.4516 0.4654 0.4822 0.4984 0.4998 0.5019 0.5295 0.5356 0.5682 0.5924 0.6712 0.6924 0.7629 0.7973 0.8057 0.8058 0.8102 0.8316 0.8316 0.8317 0.8445 0.8451 0.8500 0.8514 0.8654 0.8751 0.9127 0.9254 0.9460 0.9497 0.9844 0.9860 0.9975 
00000000000000000000000000000000000000000000000
00000000000000000000000000000000000000000000000
00000000000000000000000000000000000000000000000
00000000000000000000000000000000000000001000000
00000000000100010000000000000000000000001000000
00000000000000000000000000000000000000000000000
00100001000000001000000001000001000001000000000
00000000000100010000000000000000000000001010000
00000000000100010000000000000000000000001000000
00000000000100010000000000000000000000001000000
00000000000000000000000000000000000000000000000
00000000000000000000000000000000000000000000000
00100001000000001000000000000001000001000000000
00100001000000001000000000000001000001000000000
00000000000000000000000000000000000000001001100
00000000000100010000000000000000000000001000000
00000000000000000000000000000000000011000000000
00000000000000000000000000000000000000000000000
01000000000000000000000000000000000001000000000
00000000000100010000000000000000000000001000000
00000000000000000000000000000000000000000000000
00000000000000000000000000000000000000000000000
00000000000100010000000000000000000000001000000
00000000000000000000000000000000000000001001100
00000001000000001000000000000001000001000000000
00000000000100010000000000000000000000001000000
00100001000000001000000000000001000001000000000
00100001000000001000000000000001000001000000000
00000000000100010000000000000000000000001000000
00000001000000001000000000000001000001000000000
00000001001000001000000000010001000001000000000
00100001000000001000000001000001000001000000000
00000001000000001000000000000001000001000000000
01000000000000000000000000000000000001000000000
00000000000000000000000000000000000000001001000
00000000000100010000000000000000000000001000000
00000000000100010000000000000000000000001000000
01000000100000000000000000000000000001000000000
00000000000000000000000000000000000000000000000
00000000000000000000000000000000000000001001000
00000000000000000000000100000000000000000000000
00000001000000001000000000010001000001000000000
00000001000000001000000000000001000001000000000
00000001000000001000000000010001000001000000000
00000000000000000000000000000000000000000000000
00000000000100010000000000000000000000001000000
00100001000000001000000000000001000001000000000
01000000000000000000000000000000000001000000000
00000000000100010000000000000000000000001000000
00100001000000001000000000000001000001000000000
00000001000000001000000000010001000001000000000
00000000000000000000000100000000000000000000000
00000000000000000000000000000000000000000000000
00000000000000000000000000000000000000000000000
00000000000000000000000000000000000000001000000
00000000000100010000000000000000000000001000000
00000001001000001000000000010011000001000000000
00000001000000001000000000000001000001000000000
00000000000000000010000000000000000000000000000
00000001000000001000000000000001000001000000000
00000001001000001000000000010001000001000000000
00000000000000000000000000000000000000001001100
00000001001000001000000000010011000001000000000
00000000000100010000000000000000000000001000000
00000000000100010000000000000000000000001000000
00100001000000001000000000000001000001100000000
00100001000000001000000000000001000001000000000
00000000000000000000000100000000000000000000000
00000000000000000000000100000000000000000000000
00100001000000001000000000000001000001000000000
00000000000100010000000000000000000000001000000
00000000000000000000000000000000000000000000000
00000001000000001000000000000001000001000000000
00000000000000000000000000000000000000000000000
00000000000000000000000000000000000000001000000
00000000000000000000000000000000000000001000000
00000000000000000000000000000000000000000000000
01000000100000000000000000000000000001000000000
01000000100000000000000000000000000001000000000
00100001000000001000000000000001000001000000000
01000000000000000000000000000000000001000000000
00000001001000001000000000010001000001000000000
00000001000000001000000000000001000001000000000
00000000000000000000000000000000000000000000000
00000000000000000000000100000000000000000000000
00000000000100010000000000001000000000001000000
00100001000000001000000000000001000001000000000
00000000000100010000000000000000000000001000000
00100001000000001000000001000001000001000000000
00000000000000000000000000000000000000000000000
00000000000000000000000000000000000000000000000
00000000000000000000000000000000000000001000000
00000001000000001000000000000001000001000000000
00000000000000000000000000000000000000000000000
00000001000000001000000000000001000001000000000
00000001001000001000000000010001000001000000000
00000000000000000000000100000000000000000000000
00000000000000000000000000100000000000001000000
00001000000100010000000000000000000000001000000
00100001000000001000000000000001000001000000000
01000000100000000000000000000000000001000000000
00000000000100010000000000000000000000001000000
00000000000100010000000000000000000000001000000
00000000000000000000000100000000000000000000000
00000001000000001000000000000001000001000000000
00000001001000001000000000010001000001000000000
01000000000000000000000000000000000001000000000
00000000000000000000000000000000000000000000000
01000000100000000000000000000000000001000000000
00000000000000000000000000000000000000000000000
00000000000100010000000000000000000000001000000
00100001000000001000000000000001000001000000000
00000000000000000000000000000000000000000000000
00000000000000000000000000000000000000000000000
00000000000000000000000000000000000011000000000
00000000000100010000000000000000000000001000000
00100001000000001000000000000001000001000000000
00000000000000000000000000000000000000001000000
01000000000000000000000000000000000001000000000
00000000000000000000000000000000000000001001100
01000000100000000000000000000000000001000000000
00000000000000000000000000000000000000000000000
00000000000100010000000000000000000000001000000
00000000000000000000000000000000000011000000000
00000000000000000000000000000000000000000000000
01000000000000000000000000000000001001000000000
00000001000000001000000000010001000001000000000
00000000000000000000000000000000000000000000000
00000000000000000000000000000000000000000000000
01000000100000000000000000000000000001000000000
00000000000100010000000000000000000000001000000
00100001000000001000000000000001000001000000000
01000000000000000000000000000000000001000000000
01000000000000000000000000000000000001000100000
00000000000000000000000000000000000011000000000
00100001000000001000000000000001000001000000000
00000000000000000000000000000000000000000000000
01000000000000000000000000000000000001000000000
10010000000000000000000000000000000000000000000
00000001000000001000000000000001000001000000000
00100001000000001000000000000001000001000000000
00000000000000000000000000000000000011000000000
00000000000000000000000000000000000000000000000
00000000000000000000000000000000000000001001000
00100001000000001000000000000001000001000000000
01000000000000000000000000000000000001000000000
00000001000000001000000000000001000001000000000
00000001001000001000000000010001000001000000000
01000000000000000000000000000000000001000000000
00000000000100010000000000000000000000001000000
00100001000000001000000001000001000001000000000
00000000000000000000000000000000000000000000000
00000000000100010000000000000000000000001000000
00000001000000001000000000000001000001000000000
00000000000000000000000000000000000000001000000
00000000000000000000000000000000000000001001100
01000000000000000000000000000000000001000000000
00000000000000000000000000000000000011000000000
00000000000000000000000000000000000000000000000
00000001000000001000000000000001000001000000000
01000000000000000000000000000000000001000000000
00000000000000000000000000000000000000000000000
00000000000100010000000000000000000000001000000
00000000000100010000000000000000000000001000000
00100001000000001000000001000001000001000000000
00000000000100010000000000000000000000001000000
00000000000100010000000000000000000000001000000
01000000000000000000000000000000000001000000000
00000000000000000000000000000000000000000000000
00000000000100010000000000000000000000001000000
00000000000000000000000000000000000000000000000
00000000000000000000000000000000000000000000000
00000000000000000000000000000000000000000000000
00000000000000000000000000000000000011000000000
00000000000000000000000000000000000000000000000
00000000000100010000000000000000000000001000000
00000000000100010000000000000000000000001000000
00100001000000001000000000000001000001000000000
00000000000100010000000000000000000000001000000
00000000000000000000000000000000000000000000000
00000011000000001000000000000001000001000000000
00000000000000000000000000000000000011000000000
01000000000000000000000000000000000001000000000
00100001000000001000000000000001000001000000000
00000000000100010000000000000000000000001000000
01000000000000000000000000000000000001000000000
00000001000000001000000000010001000001000000000
01000000000000000000000000000000000001000000000
00100001000000001000000000000001000001000000000
00000000000000000000000000000000000000000000000
00000000000000000000000000000000000011000000000
00100001000000001000000000000001000001000000000
00100001000000001000000000000001000001000000000
00100001000000001000000000000001000001000000000
00000000000000000000000000000000000000000000000
00000001000000001000000000000001000001000000000
00000000000000000000000000000000000000000000000
00000001000000001000000000000001000001000000000
00100001000000001000000000000001000001000000000
00000000000000000000000000000000000000000000000
00000001000000001000000000000001000001000000000
00000000000100010000000000000000000000001000000
00000000000100010000000000000000000000001000000
00000000000000000000000000000000000000000000000
00000001001000001000000000010001000001000000000
00000000000100010000000000000000000000001000000
00100001000000001000000000000001000001000000000
00000000000000000000000100000000000000000000000
10010000000000000000000000000000000000000000000
00000000000000000000000000000000000000000000000
00000100000100010000000000000000000000001000000
00000000000000000000000000000000000000000000000
00000000000100010000000000000000000000001000000
01000000000000000000000000000000000001000000000
00000001000000001000000000000001000001000000000
00000001000000001000000000000001000001000000000
00000000000100010000000000000000000100001000000
00000000000000000000000000000000000011000000000
00000000000000000000000000000000000000000000000
00100001000000001000010001000001000001000000000
00000000000000000000000000000000000011000000000
00000001000000001000000000000001000001000000000
00100001000000001000000000000001000001000000000
00000000000100010000000000000000000000001000000
00000000000000000000000000000000000000001001000
00000000000000000000000100000000000000000000000
00000000000000000000000000000000000000000000000
00000000000000000000000000000000000011000000000
00000000000000000000000100000000000000000000000
00000000000000000000000000100000000000001000000
00000000000000000000000100000000000000000000000
00000000000000000000000100000000000000000000000
00000000000000000000000000000000000000000000000
00000000000000000000000000000000000000000000000
00000000000100010000000000000000000000001000000
00000011000000001000000000000001000001000000000
01000000000000000000000000000000000001000000000
00000000000100010000000000000000000000001010000
00000000000000000000000000000000000000000000000
00000001000000001000000000010001000001000000000
00000001000000001000000000000001000001000000000
00000000000000000000000000000000000000000000000
01000000000000000000000000000000000001000000000
00000001000000001000000000000001000001000000000
10010000000000000000000000000000000000000000000
00000001000000001000000000000001000001000000000
00000000000000000000000000000000000000000000000
01000000100000000000000000000000000001000000000
00000000000100010000000000000000000000001000000
00000000000000000000000000000000000000000000000
00000000000100010000000000000000000000001000000
00000000000000000000000000000000000000001001000
00000000000000000000000000000000100000000000000
00000000000000000010000000000000000000000000000
01000000000000000000000000000000000001000000000
01000000000000000000000000000000000001000000000
00000000000100010000000000000000000000001000000
00100001000000001000000000000001000001000000000
00100001000000001000000000000001000001000000000
01000000000000000000000000000000000001000100000
00000000000000000000000100000000000000000000000
00000000000100010000000000000000000000001000000
01000000100000000000000000000000000001000000000
00000000000100010000000000000000000000001000000
00000000000000000000000000000000000000000000000
00000000000000000000000100000000000000000000000
00000000000100010000000000000000000000001000000
00000000000000000000000000000000000000000000000
00000000000000000000000000000000000000001000000
00000000000000000000000100000000000000000000000
00100001000000001000000000000001000001000000000
00000000000100010000000000000000000000001000000
00000001000000001000000000000001000001000000000
00000000000100010000000000000000000000001000000
00000000000000000000000000000000000000001000000
00000000000000000000000000000000000011000000000
01000000000000000000000000000000000001000000000
00100001000000001000000000000001000001000000000
00000000000000000000000000000000000011000000000
00000000000000000000000000000000000000000000000
00000000000000000000000000000000000000000000000
00000011000000001000000000000001000001000000000
00100001000000001000000000000001000001000000000
00000000000000000000000100000000000000000000000
00000000000000000000000000000000000000001001000
00000000000000000000000000000000000000001000000
00000001000000001001000000000001000001000000000
00000000000000000000000000100000000000001000000
00100001000000001000000000000001000001000000000
00000001000000001000000000000001000001000000000
00000001000000001000000000000001000001000000000
00000000000000000000000000000000100000000000000
00000000000100010000000000000000000000001000000
00000001000000001000000000010001000001000000000
00000000000100010000000000000000000000001000000
00000001000000001000000000000001000001000000000
00100001000000001000000000000001000001000000000
00000000000000000010000000000000000000000000000
00000000000000000000000000000000000000000000000
00000000000000000000000000000000000000001001100
00000001000000001000000000000001000001000000000
00000000000000000000000000000000000000000000000
00000000000100010000000000000000000000001000000
00100001000000001000000000000001000001000000000
01000000000000000000000000000000000001000000000
00000001000000001000000000000001000001000000000
00100001000000001000000000000001000001000000000
00000000000100010000000000000000000000001000000
00100001000000001000000000000001000001000000000
00000000000100010000000000000000000000001000000
00000000000100010000000000000000000000001000000
00100001000000001000000001000001000001000000000
00100001000000001000000000000001000001000000000
00001000000100010000000000000000000000001000000
00000000000000000000000100000000000000000000000
00000000000000000000000000000000000000001001100
00000001000000001000000000000001000001000000000
00000000000000100000000000000000000000000000000
00100001000000001000000000000001000001000000000
00000011000000001000000000000001000001000000000
01000000000000000000000000000000000001000000000
00100001000000001000000000000001000001000000000
00100001000000001000000001000001000001000000000
00000000000000000000000100000000000000000000000
00000000000000000000000000000000000000000000000
00000000000100010000000000000000000000001000000
00000000000100010000000000000000000000001000000
00000000000000000000000000000000000000000000000
00000000000000000000000000000000000000000000000
00000000000000000000000000000000000000000000000
00100001000000001000000000000001000001000000000
00100001000000001000000000000001000001000000000
00000000000100010000000000000000000000001000000
00000001000000001000000000010001000001000000000
00000001000000001000000000000001000001000000000
00000000000100010000000000000000000000001000000
00000000000100010000000000000000000000001000000
00000000000100010000000000000000000000001000000
00000000000000000000000000000000000011000000000
00000000000000100000000000000000000000000000000
00000000000000000000000000000000000000000000000
00100001000000001000000000000001000001000000000
00000000000100010000000000000000000000001000000
00000000000000000000000000000000000000000000000
00000000000100010000000000000000000000001000000
00000000000000000000000000100000000000001000000
00000000000000000000000000000000000000000000000
00000000000000000000000100000000000000000000000
01000000000000000000000000000000000001000000000
00000000000000000000000000000000000000000000000
00000000000000000000000000000000000000000000000
01000000000000000000000000000000000001000100000
00000000000100010000000000000000000000001000000
00000000000000000000000000000000000011000000000
00000001001000001000000000010001000001000000000
00000000000000000000000000000000000011000000000
00000000000000000000000000000000000000000000000
01000000000000000000000000000000000001000000000
01000000100000000000000000000000000001000000000
00000000000000000000000100000000000000000000000
00000000000000000000000000000000000000000000000
00000001000000001000000000000001000001000000000
01000000000000000000000000000000000001000000000
00000000000000000000000000000000000000000000000
00000000000001000000000000000000000000000000000
00000000000000000000000000000000000000000000000
00000000000000000000000000000000000000001000000
00000001000000001000000000000001000001000000000
00000000000100010000000000000000000000001000000
01000000000000000000000000000000000001000000000
00000000000000000000000000000000000000000000000
00000000000000000000000000000000000000000000000
00000000000100010000000000000000000000001000000
00000000000000000000000000000000000000000000000
00000000000000000000000100000000000000000000000
00000000000000000000000000100000000000001000000
00000000000100010000000000000000000000001000000
00000000000000000000000000000000000000000000000
00000000000100010000000000000000000000001000000
00000001000000001000000000000001000001000000000
00000000000000000010000000000000000000000000000
00100001000000001000000000000001000001000000000
00000000000100010000000000000000000000001000000
00000000000000000000000000000000000000000000000
01000000100000000000000000000000000001000000000
00000000000000000000000000000000000000000000000
00000000000000000000000000000000000000000000000
00000011000000001000000000000001000001000000000
00000000000000000000000000000000000011000000000
00000000000100010000000000000000000000001000000
01000000000000000000000000000000000001000000000
00000000000000000000000000000000000000000000000
00000000000000000000000000000000000000000000000
01000000100000000000000000000000000001000000000
00000001001000001000000000010011000001000000000
00000000000000000000000000000000000000000000000
00100001000000001000000000000001000001000000000
00000001000000001000000000000001000001000000000
01000000100000000000000000000000000001000000000
00000001000000001000000000000001000001000000000
00000000000000000000000100000000000000000000000
00000000000100010000000000000000000000001000000
00000000000100010000000000000000000000001000000
00001000000100010000000000000000000000001000000
00000000000000000000000000000000000000000000000
00000011000000001000000000000001000001000000000
00000000000000000000000000000000000000001001000
01000000000000000000000000000000000001000000000
00000000000100010000000000000000000000001000000
00100001000000001000010001000001000001000000000
00000001000000001000000000000001000001000000000
00000000000100010000000000000000000000001000000
00000000000000000000000000000000000000000000000
00000000000000000000000000000000000000001001000
00000000000000000000000000000000000000000000000
01000000000000000000000000000000000001000000000
00000000000000000000000000000000000000000000000
00000000000000000000000000000000000000000000000
00000000000100010000000000000000000000001000000
00000000000100010000000000000000000000001000000
00000000000000100000000000000000000000000000000
00000000000100010000000000000000000000001000000
00000000000000000000000000000000000000001000000
00000000000000000000000000000000000011000000000
00100001000000001000000001000001000001000000000
01000000100000000000000000000000000001000000000
01000000100000000000000000000000000001000000000
00100001000000001000000000000001000001000000000
00100001000000001000010001000001000001000000000
01000000000000000000000000000000000001000000000
00000001000000001000000000000001000001000000000
00000000000100010000000000000000000000001000000
00100001000000001000000000000001000001000000000
00000001000000001000000000000001000001000000000
01000000100000000000000000000000000001000000000
00100001000000001000000000000001000001000000000
01000000000000000000000000000000000001000000000
00000000000100010000000000000000000000001000000
00000000000000000000000000000000000000000000000
00100001000000001000000000000001000001000000000
00000000000000000000000000000000000000000000000
00000000000000000000000100000000000000000000000
00000000000000000000000000000000000000000000000
01000000000000000000000000000000000001000000000
01000000000000000000000000000000000001000000000
00000000000100010000000000000000000000001000000
00000000000000000000000000000000000011000000000
00000000000000000000000000000000000000000000000
00000000000100010000000000000000000000001000000
00100001000000001000000000000001000001000000000
00000000000100010000000000000000000000001000000
00000000000000000000000000000000000000000000000
00100001000000001000000000000001000001000000000
00000000000000000000000000000000000000000000000
00000000000000000000000000000000000000000000000
00000000000000000000000100000000000000000000000
00100001000000001000000000000001000001000000000
00000001000000001000000000000001000001000000000
00000001000000001000000000010001000001000000000
00000000000000000000000000000000000000000000000
00000000000000000000000000000000000000000000000
00000000000000000000000000000000000000000000000
00000000000000000000000000000000000000000000000
00000000000000000100000000000000000000001000000
00000000000000000000000000000000000011000000000
00000000000000000000000100000000000000000000000
00000011000000001000000000000001000001000000000
00000000000000000000000000000000000000000000000
00100001000000001000000000000001000001000000000
00000000000000000000000000000000000000000000000
01000000100000000000000000000000000001000000000
00000000000000000000000000000000000000001000000
00100001000000001000000000000001000001000000000
00000000000100010000000000000000000000001000000
01000000000000000000000000000000000001000000000
00000000000000000000000000000000000000001000000
00000000000100010000000000000000000000001000000
00000001000000001000000000000001000001000000000
00000000000000100000000000000000000000000000000
00000000000100010000000000000000000000001000000
00000000000000000000000000000100000000000000000
01000000000000000000000000000000000001000000000
00000000000100010000000000000000000000001000000
00000000000000000000000000000000000000000000000
01000000000000000000000000000000000001000000000
00100001000000001000000000000001000001000000000
00000000000000000000000000000000000000001000000
00000000000100010000000000000000000000001000000
00000000000000000000000000000000010000001000000
00000000000000000000000100000000000000000000000
00100001000000001000000000000001000001000000000
00000000000100010000000000000000000000001010000
00000000000100010000000000000000000000001000000
00100001000000001000000000000001000001000000000
00000000000000000010000000000000000000000000000
00100001000000001000000000000001000001000000000
00000000000000000000000000000000000000001001100
00100001000000001000000000000001000001000000000
00000000000100010000000000000000000000001000000
00000001000000001000000000010001000001000000000
00000001000000001000000000000001000001000000000
01000000000000000000000000000000000001000100000
00100001000000001000000000000001000001000000000
00000001000000001000000000010001000001000000000
00000000000100010000000000000000000000001000000
00000000000000000000000000000000000011000000000
00000000000000000010000000000000000000000000000
00000000000100010000000000000000000000001000000
00000000000000000000000100000000000000000000000
00100001000000001000000000000001000001000000000
00000000000100010000000000000000000000001000000
00100001000000001000000001000001000001000000000
00000000000000000000000000000000000011000000000
00000000000100010000000000000000000000001000000
00000000000000000000000100000000000000000000000
00000000000000000000000000000000000011000000000
00100001000000001000000000000001000001000000000
00000000000000000000000100000000000000000000000
00000001000000001000000000000001000001000000000
00000000000000000000000100000000000000000000000
00000000000000000000000100000000000000000000000
00000000000000000000000000000000000000001000000
00000000000000000000000000000000000000001001100
00000000000000000000000000000000000000000000000
00000000000000000000000000000000000000000000000
00000000000000000000000000000000000000000000000
01000000000000000000000000000000000001000000000
00100001000000001000000000000001000001000000000
01000000000000000000000000000000000001000000000
00000001000000001000000000010001000001000000000
00000000000000000000000000000000000000000000000
00000000000000000000000000000000000000001001100
00000000000000000000000100000000000000000000000
01000000000000000000000000000000000001000000000
00000000000100010000000000000000000000001000000
00000000000100010000000000000000000000001000000
00000000000000000000000000000000000011000000000
00000000000000000000000000000000000000001001100
01000000100000000000000000000000000001000000000
00000001000000001000000000010001000001000000000
00000001000000001000000000000001000001000000000
00000000000100010000000000000000000000001000000
00000000000000000000000000000000000011000000000
01000000000000000000000000000000000001000000000
00000001000000001000000000000001000001000000000
00000000000000000000000100000000000000000000000
00100001000000001000000000000001000001000000000
00000001000000001000000000000001000001000000000
01000000100000000000000000000000000001000000000
00000001000000001000000000000001000001000000000
00000000000100010000000000000000000000001010000
00000000000100010000000000000000000000001000000
00000000000001000000000000000000000000000000000
01000000000000000000000000000000001001000000000
00000000000000000000000000000000000000000000000
00000000000000000000000000000000000011000000000
00000001000000001000000000000001000001000000000
00000000000000000000000000100000000000001000000
00000000000000000000000000000000000000000000000
00100001000000001000000000000001000001100000000
00000000000000000000000000000000000000000000000
00000000000100010000000000000000000000001000000
00000000000000000000000000100000000000001000000
00000000000000000000000000000000000000000000000
00000001000000001000000000000001000001000000000
00000000000000000000000000000000000000000000000
00000000000000000000000100000000000000000000000
00000000000100010000000000000000000000001000000
01000000100000000000000000000000000001000000000
00000000000000000000000000000000000000000000000
00000000000100010000000000000000000000001000000
00100001000000001000000000000001000001000000001
00000000000100010000000000000000000000001000000
00000000000000000000000000000000000000000000000
00000000000000000000000000000000000000001000000
00000000000000000000000000000000000000000000000
00000000000000000000000000000000000000000000000
00000001000000001000000000000001000001000000000
00100001000000001000000000000001000001000000000
00000000000100010000000000000000000000001000000
00000000000100010000000000000000000000001000000
00000000000000000000000000000000000000001001000
00000000000000000000000000000000000011000000000
00000000000100010000000000000000000000001000000
00000001001000001000000000010001000001000000000
00000000000100010000000000000000000000001000000
00000000000000000000000000000000000000000000000
00000000000000000000000000000000000000001001000
00000000000000000000000100000000000000000000000
00000000000000000000000000100000000000001000000
00000000000000000000000000000000000000001000000
01000000100000000000000000000000000001000000000
00000000000000000000000000000000000000001001100
00000000000100010000000000000000000000001000000
00100001000000001000000001000001000001000000000
00000000000100010000000000000000000000001000000
00100001000000001000000000000001000001000000000
00000000000100010000000000000000000000001000000
00000000000100010000000000000000000000001000000
00000001000000001000000000000001000001000000000
00000001000000001000000000000001000001000000000
00000000000000000000000000000000000000000000000
00000000000000000000000000000000000011000000000
00000001000000001000000000010001000001000000000
01000000100000000000000000000000000001000000000
00000000000000000000000000000000000000000000000
00000000000100010000000000000000000000001000000
00000000000100010000000000000000000000001000000
00000000000100010000000000000000000000001000000
00000000000100010000000000000000000000001000000
00000001000000001000000000000001000001000000000
01000000000000000000000000000000000001000000000
00000000000000000000000000000000000000000000000
01000000000000000000000000000000000001000000000
00000001000000001000000000000001000001000000000
01000000000000000000000000000000000001000000000
00000000000100010000000000000000000000001000000
00000000000000000000000000000000000000000000000
00000000000100010000000000000000000000001000000
01000000000000000000000000000000000001000000000
00000000000000000000000000000000000011000000000
00000000000100010000000000000000000000001000000
00000011000000001000000000000001000001000000000
01000000100000000000000000000000000001000000000
00000000000100010000000000000000000000001000000
00000000000000000000000000000000000011000000000
00000000000100010000000000000000000000001000000
00000000000000100000000000000000000000000000000
00000000000000000000000000000000000000000000000
00000000000000000000000000000000000000001001000
00000001001000001000000000010001000001000000000
01000000000000000000000000000000001001000000000
00000000000000000000000000000000000000000000000
00000000000000000000001000000000000000000000000
00000001001000001000000000010001000001000000000
00000000000000000000000000000000000011000000000
00100001000000001000000000000001000001000000000
00100001000000001000000000000001000001000000000
00000000000000000000000000000000000000000000000
01000000000000000000000000000000000001000000000
00000011000000001000000000000001000001000000000
00000000000100010000000000000000000000001000000
00000000000100010000000000000000000000001000000
00000000000000000000000000000000000011000000000
00000000000100010000000000000000000000001000000
00000000000000000000000000000000000000000000000
00000001000000001000000000010001000001000000000
00000000000100010000000000000000000000001000000
00000001001000001000000000010001000001000000000
00000000000000000000000000000000000000000000000
00000000000000000000000000000000000011000000000
00000001000000001000000000000001000001000000000
00000000000000000000000000000000000011000000000
00000000000100010000000000000000000000001000000
00000000000100010000000000000000000000001000000
00000011000000001000000000000001000001000000000
01000000100000000000000000000000000001000000000
00000000000100010000000000000000000000001000000
01000000000000000000000000000000000001000000000
00000001000000001000000000000001000001000000000
00000000000000000000000000000000000000000000010
00000000000100010000000000000000000000001000000
01000000000000000000000000000000000001000000000
00000000000100010000000000000000000000001010000
00000000000100010000000000000000000000001000000
00000000000100010000000000001000000000001000000
00000000000000000000000000000000000000001000000
00000000000100010000000000000000000000001000000
00000000000000000000000000000000000000000000000
00000000000000000000000000000000000011000000000
00000000000000000000000100000000000000000000000
00000000000000000000000000000000000000000000000
00000000000100010000000000000000000000001000000
01000000000000000000000000000000000001000000000
00000000000000000000000000000000000000000000000
00100001000000001000000000000001000001000000000
00000000000000000010000000000000000000000000000
00000001000000001000000000000001000001000000000
00000000000100010000000000000000000000001000000
00000001000000001000000000010001000001000000000
00000000000000000000000000000000000000000000000
00000000000000000000000000000000000000000000000
00000000010000000000000100000000000000000000000
01000000000000000000000000000000000001000000000
00000000000000000000000000000000000000000000000
00000000000000000000000000000000000000000000000
00000001001000001000000000010001000001000000000
00000000000000000000000000000000000000000000000
00000000000000000000000000000000000000001001100
00000000000000000000000100000000000000000000000
00000000000000000000000000100000000000001000000
00000000000000000000000000000000000000000000000
00000000000000000000000100000000000000000000000
00000000000000000000000000000000000000001001000
00000000000100010000000000000000000000001000000
00000001000000001000000000000001000001000000000
01000000000000000000000000000000000001000000000
00000000000000000000000000000000000000000000000
00100001000000001000000000000001000001000000000
00000000000000000000000100000000000000000000000
00100001000000001000000000000001000001100000000
00000000000100010000000000000000000000001000000
00000000000000000000000000000000000000000000000
00000000000100010000000000000000000000001000000
00000000000100010000000000000000000000001000000
01000000000000000000000000000000000001000000000
01000000100000000000000000000000000001000000000
00000000000000000000000000000000000000000000000
01000000000000000000000000000000000001000000000
01000000100000000000000000000000000001000000000
00100001000000001000000000000001000001000000000
00000000000100010000000000000000000000001000000
00000000000000000000000000000000000000000000000
01000000000000000000000000000000000001000000000
00000000000000000000000000000000000000000000000
00000000000000000000000000000000000000001001100
00000000000100010000000000000000000000001000000
00100001000000001000000000000001000001000000000
00000000000000000000000000000000000000000000000
00000000000000000000000100000000000000000000000
10010000000000000000000000000000000000000000000
00000000000100010000000000000000000000001000000
00100001000000001000000001000001000001000000000
00000000000000000000000000000000000000000000000
00000000000000000000000100000000000000000000000
00000000000100010000000000000000000000001000000
00000000000000000000000000000000000011000000000
00000000000000000000000000000000000000001001000
00000000000100010000000000000000000000001000000
00000000000000000000000000000000000000000000000
00000000000000000000000000000000000011000000000
00000001000000001000000000000001000001000000000
01000000000000000000000000000000000001000000000
00000000000100010000000000000000000000001000000
00000000000000000000000000000000000011000000000
00000000000100010000000000000000000000001000000
00100001000000001000000000000001000001000000000
00000001000010001000000000010001000001000000000
00000001000000001000000000000001000001000000000
00000000000000000000000000000000000000001001000
01000000000000000000000000000000000001000000000
00000001000000001000000000000001000001000000000
00100001000000001000000000000001000001000000000
00000000000000000000000100000000000000000000000
01000000100000000000000000000000000001000000000
00000001000000001000000000000001000001000000000
01000000100000000000000000000000000001000000000
01000000000000000000000000000000000001000000000
00100001000000001000000000000001000001000000000
00000000000000000000000000100000000000001000000
00000000000100010000000000000000000000001000000
00000000000100010000000000000000000000001000000
00000001000000001000000000000001000001000000000
00100001000000001000000000000001000001000000000
00000000000000000000000000000000000000001001100
00000000000000000000000000000000000000000000000
00000000000100010000000000000000000000001000000
00000000000100010000000000000000000000001000000
01000000100000000000000000000000000001000000000
00000000000000000000000100000000000000000000000
00000001000000001000000000010001000001000000000
00000000000000000000000100000000000000000000000
00000000000100010000000000000000000000001000000
00000000000000000000000000000000000000000000000
00100001000000001000000000000001000001000000000
00000000000000000000000100000000000000000000000
10010000000000000000000000000000000000000000000
00000000000000000000000000000000000011000000000
00000000000000000000000100000000000000000000000
00000001000000001000000000000001000001000000000
00000000000000000000000000000000000000000000000
00000001001000001000000000010001000001000000000
00000000000100010000000000000000000000001010000
00000001001000001000000000010011000001000000000
00000011000000001000000000000001000001000000000
00000000000000000000000000000000000000001001000
00000000000100010000000000000000000000001000000
00100001000000001000000000000001000001000000000
00100001000000001000000000000001000001000000000
00000001000000001000000000000001000001000000000
00100001000000001000000000000001000001000000000
00000000000000000000000000000000000000000000000
00000000000000000000000100000000000000000000000
00000000000000000000000000000000000000000000000
01000000000000000000000000000000001001000000000
00000000000100010000000000000000000000001000000
00000000000100010000000000000000000000001000000
00000000000000000000000000000000000000001001100
00000000000000000000000000000000000000001001000
00000000000000000000000000000000000000000000000
01000000000000000000000000000000000001000000000
00000000000000000000000000000000000000000000000
00000000000000000000000100000000000000000000000
01000000000000000000000000000000000001000000000
00000000000100010000000000000000000000001000000
01000000100000000000000000000000000001000000000
00000000000100010000000000000000000000001000000
00000000000000000000000000000000000000000000000
00000001000000001000000000010001000001000000000
00000000000100010000000000000000000000001000000
00100001000000001000000000000001000001000000000
00000000000000000000000000000000000011000000000
00000000000100010000000000000000000000001000000
01000000100000000000000000000000000001000000000
00100001000000001000000001000001000001000000000
01000000000000000000000000000000000001000000000
00000000000000000000000000000000000000000000000
00000000000100010000000000000000000000001000000
00100001000000001000000001000001000001000000000
00000001000000001000000000000001000001000000000
00000000000100010000000000000000000000001010000
00000001001000001000000000010011000001000000000
00000000000000000000000000000000000000000000000
00000000000100010000000000000000000000001000000
00000000000000000000000000000000000000000000000
00001000000100010000000000000000000000001000000
00000000000000000000000000000000000000000000000
00000000000000000000000100000000000000000000000
00000000000100010000000000000000000000001000000
00000000000100010000000000000000000000001000000
00000000000000000000000000000000000000000000000
00000001000000001000000000010001000001000000000
00000000000000000000000000000000000000000000000
00000000000100010000000000000000000000001000000
01000000000000000000000000000000000001000100000
00000000000100010000000000000000000000001000000
00000000000000000000000100000000000000000000000
00000011000000001000000000000001000001000000000
00000000000000000000000000000000000000000000000
00100001000000001000000001000001000001000000000
00100001000000001000000000000001000001000000000
00000000000000000000000100000000000000000000000
01000000100000000000000000000000000001000000000
00000000000100010000000000000000000000001000000
01000000000000000000000000000000000001000000000
00000000000100010000000000000000000000001000000
00000001000000001000000000000001000001000000000
00000000000100010000000000000000000000001000000
00000000000000000000000000000000000000000000000
00000000000000000000000000000000000000000000000
00100001000000001000000000000001000001000000000
00000000000000000000000000000000000000000000000
00000000000000000000000000000000000000001001100
00100001000000001000000000000001000001000000000
00000001000000001000000000000001000001000000000
00100001000000001000000000000001000001000000000
00000000000000000000000000000000000000000000000
00000001000000001000000000000001000001000000000
00000000000000000000000000000000000011000000000
01000000000000000000000000000000001001000000000
00100001000000001000000000000001000001000000000
01000000000000000000000000000000000001000000000
00000000000100010000000000000000000000001000000
00100001000000001000000000000001000001000000000
00000000000100010000000000000000000000001000000
00000000000000000000000000000000000000000000000
01000000000000000000000000000000000001000100000
00000000000100010000000000000000000000001000000
00000000000000000000000000000000000011000000000
00000001001000001000000000010001000001000000000
01000000000000000000000000000000000001000000000
00000000000000000000000000100000000000001000000
00000000000000000000000110000000000000000000000
00000000000000000000000000000000000000000000000
00100001000000001000000000000001000001000000000
00000000000100010000000000000000000000001000000
00000000000000000000000000000000000000000000000
00000001000000001000000000000001000001000000000
00000000000100010000000000000000000000001000000
00100001000000001000000000000001000001000000000
00000000000000000000000000000000000000000000000
00000000000000000000000000000000000000000000010
00100001000000001000000000000001000001000000000
01000000100000000000000000000000000001000000000
01000000000000000000000000000000000001000000000
00000000000000000000000000000000000000000000000
00100001000000001000000000000001000001000000000
00000001000000001000000000010001000001000000000
01000000100000000000000000000000000001000000000
00000000000000000000000000000000000000000000000
00000000000000000000000100000000000000010000000
00100001000000001000000000000001000001000000000
00000000000100010000000000000000000000001000000
00000000000000000000000000000000000000001001100
00000000000000000000000000000000000000001001000
00000000000000000000000000000000000000000000000
00000000000000000000000000000000000000000000000
00100001000000001000000000000001000001000000000
01000000000000000000000000000000000001000000000
00000000000000000000000000000000000000000000000
00100001000000001000010001000001000001000000000
00000000000100010000000000000000000000001000000
00100001000000001000000000000001000001000000000
00000000000000000000000000000000000000000000000
00000000000100010000000000000000000000001000000
00000000000100010000000000000000000000001000000
00000000000100010000000000000000000000001000000
00100001000000001000000000000001000001000000000
00000000000100010000000000000000000000001000000
00000000000000000000000000000000000000000000000
00000000000000000000000000000000000000000000000
00000000000000000000000100000000000000000000000
01000000000000000000000000000000000001000000000
00000001000000001000000000000001000001000000000
00000000000000000000000000000000000000000000000
00000000000000000000000000000000000000001001100
00000000000000000000000000000000000011000000000
00000000000000000000000000000000000000000000000
00000000000000000000000000000000000011000000000
00000000000000000000000000100000000000001000000
01000000000000000000000000000000000001000000000
00000000000100010000000000000000000000001000000
00000000000000000000000100000000000000000000000
00000000000000000000000000000000000000000000000
00000000000000000000000000000000000000000000000
00100001000000001000000000000001000001000000000
00000000000000000000000100000000000000000000000
00000000000000000000000000000000000000000000000
00000000000000000000000100000000000000000000000
01000000000000000000000000000000000001000100000
00000000000000000000000000000000000000000000000
00000000000000000000000000000000000000000000000
00000000000000000000000000000000000000000000000
00000001000000001000000000000001000001000000000
00000001000000001000000000000001000001000000000
00000000000000000000000000000000000000000000000
00000001000000001000000000010001000001000000000
00000000000000000010000000000000000000000000000
00000000000100010000000000000000000000001000000
01000000100000000000000000000000000001000000000
00000000000000000000000100000000000000000000000
00000000000100010000000000000000000000001000000
00000001000000001000000000000001000001000000000
00000000000000000000000000000000000011000000000
00000000000100010000000000000000000000001000000
00000000000000000000000100000000000000000000000
00000000000100010000000000000000000000001010000
00100001000000001000000000000001000001000000000
00000000000000000000000100000000000000000000000
00100001000000001000000000000001000001000000000
01000000000000000000000000000000000001000000000
00000000000000000000000000000000000000000000000
01000000100000000000000000000000000001000000000
00000000000000000000000000000000000000000000000
00000000000000000000000100000000000000000000000
00000000000000000000000000000000000000000000000
00100001000000001000000000000001000001000000000
00000000000000000000000000000000000000000000000
00000000000000000000000000000000000000001000000
01000000000000000000000000000000000001000000000
00000000000000000000000100000000000000000000000
00000000000100010000000000000000000000001000000
00000000000000000000000000000000000000000000000
00000000000000000000000000000000000000000000000
00000000000000000000000000000000000000000000000
00000000000000000000000100000000000000000000000
00100001000000001000000000000001000001000000000
00000000000000000000000100000000000000000000000
00000000000100010000000000000000000000001000000
00000000000100010000000000000000000000001000000
00000000000000000000000000000000000000000000000
01000000000000000000000000000000000001000000000
00000001000000001000000000000001000001000000000
00000000000000000000000000100000000000001000000
00000000000000000000000000000000000000001000000
00000000000000000000000000000000000000000000000
00000000000000000000000000000000000000001000000
00100001000000001000000000000001000001000000000
00000000000100010000000000000000000000001000000
00100001000000001000000000000001000001000000000
00000001001000001000000000010011000001000000000
00000000000000000000000000000000000000000000000
01000000000000000000000000000000000001000000000
00000000000100010000000000000000000000001000000
00000000000000000000000000000000000000000000000
00000000000000000000000000000000000000000000000
00000000000000000000000000000000000000000000000
01000000000000000000000000000000000001000000000
00000000000000000000000000000000000000001001100
00000000000100010000000000000000000000001000000
00000001000000001000000000000001000001000000000
00000000000000000000000000000000000011000000000
00000000000000000000000000000000000011000000000
00000000000100010000000000000000000000001000000
10010000000000000000000000000000000000000000000
00000000000100010000000000000000000000001000000
00000000000100010000000000000000000000001000000
00000000000000000000000000000000000000000000000
00000000000100010000000000000000000000001000000
01000000100000000000000000000000000001000000000
00000000000000000000000000000000000000000000000
00000001000000001000000000000001000001000000000
00000000000000000000000000000000000000000000000
00000000000100010000000000000000000000001000000
00000000000100010000000000000000000000001000000
00000000000100010000000000000000000000001000000
00100001000000001000100000000001000001000000000
00000000000100010000000000000000000000001000000
00000001000000001000000000010001000001000000000
00000000000000000000000000000000000000001001000
