C:\Users\Paula\DOCUME~1\GitHub\QuBar\ms.exe 1000 1 -t 5 -G 10 
1229

//
segsites: 18
positions: 0.0354 0.0908 0.1261 0.2150 0.2863 0.3137 0.5529 0.5636 0.5693 0.6036 0.6157 0.6355 0.6390 0.7491 0.7664 0.8452 0.8721 0.9540 
000000000000000000
000000000000000000
000000000000000000
000000000000000000
000000000000000000
000000000000000000
000000100000000010
000000000000000000
000000000000000000
000000000000000000
000000000000000000
000000000000000000
000000000000000000
000000000000000000
000000000000000000
000000000000000000
100000000000000000
000000100000000010
000000000000000000
000000010000000000
000001000000000000
000000000000000000
000000000000000000
000000000000000000
000000000000000000
000000000000000000
000000000000000000
000000100000000010
000000000000000000
000000000000000000
000000000000000000
000000000000000000
000000000000000000
000001000000000000
000000000000000000
000000000000000000
000000000000000000
000000000000000000
000000000000000000
000000000000000000
000000000000000000
000000000000000000
000000000000000000
000000000000000000
000000000000100000
000000000000000000
000000000000000000
000000000000000000
000000100000000010
000000000000000000
000000000000000000
000000000000000000
000000000000000000
000000000000000000
000000000000000000
000000000000000000
000000000000000000
000000000000000000
000000100000000010
000000000000000000
000000000000000000
000000000000000000
000000000000000000
000000010000000000
000000000000000000
000000000000000000
000000000000000000
000000000000000000
000000000000000000
000000000000000000
000001000000000000
000000000000000000
000000000000000000
010000000000000000
000000100000000010
000000000000000000
000000000000010000
000000000000000000
000000000000000000
000000000000000000
000000000000000000
001000000000000000
000000000000010000
000000000000000000
000000000000000000
000000000000000000
000000000000000000
001000000000000000
000000000000000000
010000000000000000
000000000010000000
000001000000000000
000000000000000000
000000000000000000
000000000000000000
000000000000000000
000000000000000000
000000000000000000
000000000000000000
000000000000000000
000000000000000000
000000000000000000
000000000000000000
000000000000000000
000000000000000000
000000100000000010
000000000000000000
000000000000000000
000000000000000000
000001000000000000
000000000000000000
000000000000000000
000000000000000000
000000000000000000
000000000000000000
000000000000000000
001000000000000000
000000100000000010
000000000000000000
000001000000000000
000000000000000000
000000000000000000
000000000000000000
000000000000000000
000000000000000000
000000000000000000
000001000000000000
000000000000000000
000000000000000000
000000000000000000
000000100000000010
000000100000000010
000000000000000000
000000000000000000
000000100000000010
000000000000000000
000000000000000000
000000000000000000
000000100000000010
000000000000000000
000000000000010000
100000000000000000
000000000000000000
000000000000000000
000000000000000000
000000000000000000
000000000000000000
000000000000000000
000001000000000000
000000000000000000
000000000000000000
001000000000000000
000000000000000000
000000000000000000
000000000000000000
000000000000010000
000000000000000000
000000000000000000
000000010000000000
000000000000000000
000000000000000000
000001000000000000
000000000000000000
000000100000000010
000000000000000000
000000000000000000
000000000000000000
000000000000000000
000000100000000010
000000000000000000
000000000000000000
000000000000000000
000010000000000000
000000000000000000
000000000000000000
000000000000000000
000000100000000010
000001000000000000
000000000000010000
000000000000000000
000000000000000000
000000000000000000
000000000000000000
001000000000000000
000000000000000000
000000100000000010
000000000000000000
000000000000000000
000000000000000000
000001000000000000
000000000000000000
000001000000000000
000000000000000000
000000000000000000
000000000000000000
000000000000000000
000000000000000000
000000000000000000
000000000000000000
000000000000000000
000000000000000000
000000000000000000
000000000000000000
000001000000000000
000000000000000000
000000000000000000
000000000000000000
000000000000010000
000000100000000010
000000000000000000
000000000000000000
001000000000000000
000000100000000010
000000000000010000
000000000000000000
000000000000000000
000000000000000000
000010000000000000
000000000000000000
000000100000000010
000000000000000000
000000000000000000
000000000000000000
000000000000000000
000000000000000000
000000000000000000
000000000000000000
000000100000000010
000000100000000010
000000000000000000
000000000000000000
000000000000000000
000000000000000000
000000100000000010
000000000000000000
000000100000000010
000000000000000000
000000000000000000
000001000000000000
000000000000000000
000000000000000000
000000000000000000
000000000000000000
000000000000000000
000000000000000000
000000000000000000
000000000000000000
000000000000000000
000000000000000000
000000000000000000
000000000000000000
000000000000000000
000000000000000000
000000000000000000
000000000000000000
000000000000000000
000000100000000010
000000000000000000
000000000000000000
000001000000000000
000000000000000000
000000000000000000
000000000000000000
000000100000000010
000000000000000000
000001000000000000
000000000000000000
000000000000000000
000000000000000000
000000000000000000
000000000000000000
000000000001000000
000000000000000000
000000000000000000
000000000000000000
000000000000010000
000000000000000000
000000000000000000
000000000000000000
000000000000000000
000000000000000000
000000000000000000
000000000000000000
010000000000000000
000000000000000000
000000000000000000
000000000000000000
100000000000000000
000000000000000000
000000000000000000
000000000000000000
000000000000010000
000000000000000000
000000010000000000
000000000000000000
000000000000000000
000000000000000000
000000000000000000
000000100000000010
000000000000000000
000000000000000000
000000100000000010
000000000000000000
000000000000000000
000000000000000000
000000000000000000
000000000000000000
000000000000000000
000000000000000000
000000000000000000
000000000000000000
000000000000000000
000000000000000000
000000000000000000
000000000000000000
000000000000000000
000000000000000000
000000000000000000
000000000000000000
000000000000000000
000000000000000000
000000000000000000
000000100000000010
000000000010000000
000000000000000000
000000000000000000
000000000000000000
000000000000000000
000000000000000000
000000000000000000
000000000000000000
000000000000000000
000000000000000000
000000000000000000
000001000000000000
000000000000000000
000001000000000000
000000000000000000
000000000000000000
000001000000000000
000001000000000000
000001000000000000
000000000010000000
000000100000000010
000000000000000000
000000000000000000
000000000000000000
000000000000000000
000000000000000000
000000000000000000
000000000000000000
000000000000000000
000000000000000000
000000000000000000
000000000000000000
000000000000000000
000000000000000000
000000000000000000
000000000000000000
000000000000000000
000000000000000000
000000000000000000
000000000000000000
000000100000000010
000000000000000000
000000000000010000
000000000000000001
000000000000000000
000000000000000000
000000000000000000
000000000000000000
000000000000000000
000000000000000000
000000000000000000
001000000000000000
000000100000000010
000000000000000000
000000000000000000
000000000000000000
000000000000000000
001000000000000000
000001000000000000
000000000000000000
000000000000000000
001000000000000000
000000000000000000
000000000000010000
000000000000000000
000000000000000000
000000000000000000
000000100000000010
000000000000000000
000000000000000000
000000000000000000
000000000000000000
000000000000000000
000000000000000000
000000100000000010
000000000000000000
000001000000000000
000000000000010000
000000000000000000
000000000000000000
000001000000000000
000000000000000000
000000100000000010
000000000000000000
000000000000000000
000000100000000010
000001000000000000
000000000000000000
000000000000000000
000000000000000000
000000000000000000
000000000000000000
000000000000000000
000000000000000000
000000000000000000
000000000000000000
000001000000000000
000000000000000000
000000000000000000
000000000000000000
000001000000000000
000000000000000000
000000000000000000
000000000000000000
000000000000000000
000000000000000000
000000100000000010
000000000000000000
000000100000000010
000000000000000000
000000000000000000
000000000000000000
000001000000000000
000000000000000000
000000000000000000
000000000000000000
000000000000000000
000000000000000000
000000000000000000
000000100000000010
000000000000000000
000000000000000000
000000000000000000
000000000000000000
000000000000000000
000000000000000000
000000000000100000
000000000000000000
000000100000000010
000000000000010000
000000000000000000
000101000000000000
000000000000000000
000000000000000000
000000100000000010
000000000000000000
000000000000000000
000000000000000000
000000000000000000
000000000000000000
000000000000010000
000000000000000000
000000000000000000
000000000000000000
000000000000000000
000000000000000000
000000001000000000
000001000000000000
000001000000000000
000000000000000000
000000000000000000
000000100000000010
000000000000010000
000001000000000000
000000000000000000
000000000000000000
000000000000000000
000000000000010000
000001000000000000
000000000000000000
000000100000000010
000000000000000000
000000000000000000
000000000000000000
000000000000000000
000000000000000000
000000100000000010
000000100000000010
000000000000000000
000000000000000100
000000000000000000
000000000000000000
000000000000000000
000000000000000000
000000000000000000
000000100000000010
000000000000000000
000000000000000000
000000000000000000
000000000000000000
000000000000000000
000000000000000000
000000000000000000
000000000000000000
000001000000000000
000000010000000000
000000000000000000
000000000000000000
000001000000000000
000000000000000000
000001000000000000
000000100000000010
000000000000000000
000000000000000000
000000100000000010
000000000000000000
000000000000000000
000000000000000000
000000000000000000
000000000000010000
000000000000000000
000000000000000000
000001000000000000
000000000000000000
000000000000000000
000000000000000000
000000000000000000
000001000000000000
000000000000000000
000000000000000000
000000000000000000
000000000000000000
000000000000000000
000000000000000000
000000000000000000
000000000000000000
000000000000000000
000000000000000000
000000000000000000
000000000000010000
000001000000000000
000000000000000000
000000000000000000
000001000000000000
000000000000000000
000000000000000000
000000000000000000
000000000000000000
000000000000000000
000010000000000000
000001000000000000
000000000000000000
000000000000000000
000001000000000000
000001000000000000
000000000000000000
000000000000000000
000000000000000000
000000000000000000
000000000100000000
010000000000000000
000000000000000000
000000000000000000
000001000000000000
000000100000000010
000000000000000000
000000000000000000
000000000000000000
000000000000000000
000000100000000010
000000000000000000
000000000000000000
000000000000000000
000000000000000000
000000100000000010
000000000000000000
000010000000000000
000000000000000000
001000000000000000
000000000000010000
000000000000000000
000000100000000010
000000000000000000
000000000000000000
000000000000000000
000000000000000000
000000000010000000
000000000000000000
000000100000000010
000000000000000000
000000000000000000
000000000000000000
000000000000000000
000000000000000000
000000000000010000
000000000000000000
000001000000000000
000000000000000000
000000000000000000
000000000000000000
000000000000000000
000000000000000000
000000000000000000
000000000000000000
000000000000010000
000000000000000000
000000000000000000
000000000000000000
000000000000000000
000010000000000000
000000100000000010
000000000000000000
000000000000000000
000000000000000000
000000000000000000
000001000000000000
000000100000000010
000000000000000000
000000000000000000
000000000000000000
000000000000000000
000000000000000000
000000000000000000
000000100000000010
000000000000000000
000000000000000000
000000010000000000
000000100000000010
000000000000000000
000000000000000000
000000010000000000
000000000000000000
000000000000000000
000000000000000000
000000000010000000
000001000000000000
000000000000000000
000000000000000000
000000100000000010
000000000000000000
000000000000000000
100000000000000000
000000000000000000
000000000000000000
000000000000000000
000000000000000000
000000100000000010
000001000000000000
000000000000000000
000000000000000000
000000000000000000
000000000000000000
000000000000010000
000001000000000000
000000000000000000
000000000000000000
000000000000000000
000000000000000000
000000000000000000
000000000000000000
000000000000000001
000000000000000000
000000000001000000
000000000010000000
000000000000010000
000000000000000000
000000000000000000
000000000000000000
000000000000000000
000000000000000000
000000000000000000
000001000000000000
000000010000000000
000001000000000000
000000000000000000
000000000010000000
000000000000000000
000000000000000000
000000000000000000
000000000000000000
000000000000000000
000000000000000000
000000000000000000
000000000000000000
000000000000000000
000000000000000000
000000000000000000
000000000000000000
000000100000000010
000000000000000000
000010000000000000
000000000000000000
000000000000000000
000000000010000000
000001000000000000
000000000000000000
000000000000000000
000000000000000000
000000000000000000
000000000000000000
000001000000000000
000000000000000000
000000000000000000
000000000000000000
000000000000000000
000000000000000000
000000000000000000
000000000010000000
000001000000000000
000000000000000000
000000000000000000
000000000000000000
000000000000000000
000000000000000000
000000000000000000
000000000000000000
000000000000000000
000000000000000000
000000000000000000
000000000000000000
000000000000000000
000000000000000000
001000000000000000
000000000000000000
000000000000000000
000000000000000000
000000000000000000
000000000000000000
000000000000000000
001000000000000000
000000000000010000
000000000010000000
000000000000000000
000000000000000000
000000000000000000
000000000000000000
000000000000000000
000000000000000000
000000000000000000
000000000000000000
000000000000000000
100000000000000000
000000000000000000
000000000000000000
000000000000000000
000000000000000000
000000000000000000
000000000000000000
000000100000000010
010000000000000000
000000100000000010
000000000000000000
000000000000000000
000000000000000000
000000000000000000
000000000000000000
000000000000000000
000000000000000000
000000000000000000
000000000000000000
000000000000000000
000000000000000000
000000000000000000
000000000000000000
000000000000000000
000000000000000000
000000000000000000
000001000000000000
000000000000000000
000000000000000000
001000000000000000
000000000000000000
000000000000000000
000000000000000000
000000100000000010
000000000000000000
000000000000000000
000000000000000000
000000000000000000
000000000000001000
000000000000000000
000000000000000000
000000000000000000
000000000000000000
000000000000000000
000000000000000000
000000000000000000
000000000000000000
000000000000000000
000000000000000100
001000000000000000
000000100000000010
000000000000000000
001000000000000000
000000000000000000
000000000000000000
000000000000000000
000000000000000000
000000010000000000
000000000000010000
000000000000000000
000000000000000000
001000000000000000
000000000000000000
000000000000000000
000000000000000000
000000000000000000
000000000000000000
000001000000000000
000000000000000000
000000000000000000
000000000000000000
100000000000000000
000000000000000000
000010000000000000
000001000000000000
000000000000000000
000000000000000000
000000000000000000
000000000000000000
000000000000000000
000000000000000001
000000000000000000
000000100000000010
000000000000000000
000000010000000000
000000000000000000
000001000000000000
000000000000000000
000001000000000000
000000000000000000
000000000000000000
100000000000000000
000001000000000000
000000000000000000
000000100000000010
000000100000000010
000001000000000000
000000000000000000
000000000000000000
000000000000000000
000000000000000000
000000000000000000
000000000000000000
000000000000000000
000000000000000000
000000000000000000
100000000000000000
000000000000000000
000001000000000000
000000000000000000
000000000000000000
000000000000010000
000000000000000000
000000000000000000
000101000000000000
000000000000000000
000000000000000000
000000000000000000
000000010000000000
000000000000000000
000000100000000010
000000000000000000
000000000000000000
000000000000000000
000000000000000000
000001000000000000
000000000000000000
000000100000000010
000000000000000000
000000000000000000
000000000000010000
000000000000010000
000000010000000000
000000000000000000
000000000000000000
000000000000000000
000000000000000000
000000000000000000
000000000000000000
000000000000000000
000000000000000000
000001000000000000
000000000000000000
000001000000000000
000000000000010000
000000000000000000
000000000000000000
000000000000000000
000000000000000000
000000000000000000
000000000000000000
000000010000000000
000001000000000000
000000000000000000
000000000000000000
000000000000000000
000000000000000000
000000000000000000
000000000000000000
000000000000000000
000000000000000000
000000000000000000
000000000000000000
000000000000000000
000000000000000000
000000100000000010
000001000000000000
000000000000000000
000000000000000000
000000000000000000
000000000000000000
000000000000000000
000000000000000000
000000000000000000
000000000000000000
000000000010000000
000000000000000000
000000000000000000
000000000000000000
000000000000000000
000000000000000000
000001000000000000
000000000000000000
000001000000000000
000000000000000000
000000000000000000
000000000000000000
000000000000000000
000000000000000000
000000000000000000
000000000000000000
001000000000000000
000001000000000000
000000000000000000
000000000000000000
000001000000000000
000000000000000000
000000000000000000
000000000000000000
000000000000000000
000000000000000000
000000000000000000
000000000000000000
000000000000000000
000000000000000000
000000000000000000
000000000000000000
000000000000000000
000000000000000000
000000000000010000
000000000000000000
000000000000000000
000000100000000010
000000000000000000
000000000000000000
000000000000000000
000000000000001000
000000000000010000
000000000000000000
000000000000000000
000000000000000000
000001000000000000
000000000000000000
000000000000000000
000000000000000000
000000000000000000
000000000000000000
000000000000000000
000000000000000000
000001000000000000
000000000000000000
000000000000000000
000000000001000000
000000000000000000
000000000000000000
000000000000000000
000000000000000000
000000000000000000
000001000000000000
000000000000000000
000000000000000000
000000000000010000
010000000000000000
000000000000000000
000000000010000000
000000000000000000
000101000000000000
000000000000000000
000001000000000000
000000000000000000
000000000000000000
000000100000000010
000000000000000000
000000000000000000
000000000000000000
000000000000000000
