C:\Users\Paula\DOCUME~1\GitHub\QuBar\ms.exe 1000 1 -t 10 -G 10 
4281

//
segsites: 51
positions: 0.0162 0.0302 0.0425 0.0613 0.0772 0.0890 0.0894 0.1007 0.1126 0.1360 0.1542 0.1552 0.1885 0.1887 0.1931 0.2174 0.2419 0.2557 0.2658 0.2674 0.2697 0.2863 0.3009 0.3421 0.3545 0.4730 0.4911 0.5148 0.5534 0.5600 0.5851 0.5943 0.6209 0.6283 0.6363 0.6492 0.6604 0.6856 0.7251 0.7278 0.7290 0.7817 0.7955 0.8114 0.8697 0.8727 0.9059 0.9487 0.9694 0.9783 0.9809 
000000000000000000000000010000000001000000000000001
000000010000000000000000010000000000000000000000000
000000000000000000000000010000000001000000000000001
000000000000000000000000010100000000000000000000000
000000000000000000000000010000000001000000000000001
000000000000000000000000010000000000000000000000000
000100000010000000000000000000010000000000000000000
000100000001000000000000000000000000000100000000000
000000000000000000000000000000000000000000000000000
000000100000000010000000000001000000010000000100000
000000000000000000000000010000000000000000000000000
000100000010000000000000000000000000000000000000000
000000010000000000000000010000000000000000000000000
000100001001000001000000000000000000000100000000000
000000100000000010000000000001000000010000000100000
000100000001000000000000000000100000000100000000000
000100000010000000000000000000000000000000000000000
000000000000000000000000010000000000000000000000000
000000100000000010000000000001000000010000000100000
000100000010000100000000000000000000000000000001000
000000000000000000000000000000000000000000000000000
000000100000000010000000000001000000010000000100000
000100000001000000000000000000000000000100000000000
000000000000000000000000010000000000000000000000000
000100001001000000000000000000000000000100000000000
000000000000000000000000000000000000000000000000000
000000000000000000000000010000000000000000000000000
000000000000000000000000010000000000000000000000000
000100000010000000000000000000000000000000000000000
000000000000000000000000010000000000000000000000000
000100001001000001000000000000000000000100000000000
000000000000000000000000010100000000000000000000000
000100000010000000000000000000010000000000000000000
000000000000001000000100000000000000000010000000000
000100000001000000000000000000000000000100000000000
000000000000000000000000010000000000000000000000000
000000000000000000000000000000000000000000000000000
000100001001000000000000000000000000000100000000000
000100000010000000000000000000010000000000000000000
000100000001100000000000000000000000000100000000000
000000100000000010000000000001000000010000000100000
000000000000000000000000010100000000000000000000000
000100000010000000000000000000010000000000000000000
000000000000000000000000000000000000000000000000000
000000000000000000000000010000000000000000000000000
000100000010000000000000000000000000000000000000000
000100000001000000000000000000000000000100000000000
000000000000000000000000010100000000000000000000000
000001100000000010000000000001000000010000000100000
000100000010000000000000000000000000000000000000000
000000100000000010000000000001000000010000000100000
000100000001000000000000000000000000000100000000000
000000000000000000000000010000000000000000000000000
000000000000000000000000000000000000000000000000000
100100000001010000000000000000000000000100000000010
000100000001000000000000000000000000000100000000000
000100000001000000000000000000000000000100000000000
000100001001000001000000000000000000000100000000000
000100000001000000000000000000000000000100000000000
000000000000000000000000010000000000000000000000000
000100000001100000000000000000000000000100000000000
000000000000000000000000010000000000000000000000000
000000000000000000000000010000000000000000000000000
000000000000000000000000010000000000000000000000000
000000100000000010000000000001000000010000000100000
000000100000000010000000000001000000010000000100000
000000100000000010000000000001000000010000000100000
000000100000000010000000000001000000010000000100000
000100000001100000000000000000000000000100000000000
000000000000000000000000010000000000000000000000000
000000000000000000000000010000000000000000000000000
000000000000000000000000000000000000000000000000000
000000000000000000000000010000000000000000000000000
000000000000000000000000010000000000000000000000000
000100000010000100000000000000000000000000000001000
000000000000000000000000000000000000000000000000000
000100000001000000000000000000000000000100000000000
000100000010000000000000000000000000000000000000000
000100000001100000000001000000000000000100000000000
000000000000000000000000010100000000000000000000000
000100000001000000000000000000000000000100000000000
000000000000000000000000000000000000000000000000000
000100000001100000000001000000000000000100000000000
000000100000000010000000000001000000010000000100000
000100000010000000000000000000000000000000000000000
000100000001000000000000000000100000000100000000000
000100000001000000000000000000000000000100000000000
000000100000000010000000000001000000010000000100000
000100000001000000000000000000000000000100000000000
000000100000000010000000000001000000010000000100000
000100000001000000000000000000000000000100000000000
000000000000000000000000010000000000000000000000000
000000000000000000000000000000000000000000000000000
000000000000000000000000000000000000000000000000000
000001100000000010000000000001000000010000000100000
000000000000001000000100000000000000000010000000000
000100000001000000000000000000100000000100000000000
000100000001100000000000000000000000000100000000000
000000000000000000000000000000000000000000000000000
000000000000000000000000010000000000000000000000000
000000000000000000000000000000000100000000000010000
000000100000000010000000000001000000010000000100000
000000000000000000000000000010000000000000000000000
000000000000000000000000000000000000000000000000000
000000100000000010000000000001000000010000000100000
000100000010000000000000000000000000000000000000000
000000100000000010000000000001000000010000000100000
000100001001000001000000000000000000000100000000000
000100000001000000000000000000000000000100000000000
000100000001000000000000000000000000000100000000000
000000100000000010000000000001000000010000000100000
000000000000000000000000010000000001000000000000001
000000000000000000000000011000000000000000000000000
000100000001100000000000000000000000000100000000000
000000000000000000000000000010000000000000000000000
000000000000000000000000000000000000000000000000000
000000100000000010000000000001000000010000000100100
000000000000000000000000010000000000000000000000000
000100000010000000000000000000000000000000000000000
000000000000000000000000000000000000000000000000000
000000100000000010000000000001000000010000000100000
000100000001100000000000000000000000000100000000000
000000000000000000000000000000000000000000000000000
000000000000000000000000000000000100000000000010000
000000000000000000000000010000000000000000000000000
000000000000000000000000000000000000000000000000000
000000100000000010000000000001000000010000000100000
000100000001100000000000000000000000000100000000000
000000100000000010000000000001000000010000000100000
000100000010000000000000000000000000000000000000000
000000100000000010000000000001000000010000000100000
000100001001000000000000000000000000000100000000000
000100000010000000000000000000000000000000000000000
000000000000000000000000010000000000000000000000000
000000000000000000000000010000000000000000000000000
000000000000000000000000000000000000000000000000000
000100000010000000000000000000000000000000000000000
000000100000000010000000000001000000010000000100000
000000000000000000000000010000000000000000000000000
000000000000000000000000010000000000000000000000000
000100000001000000000000000000000000000100000000000
100100000001010000000000000000000000000100000000010
000000100000000010000000000001000000010000000100000
000100000001000000000000000000100000000100000000000
000000000000000000000000010000000000000000000000000
000100000001000000000000000000000000000100000000000
000000100000000010000000000001000000010000000100000
000000010000000000000000010000000000000000000000000
000000000000000000000000000000000000000000000000000
000100000010000000000000000000000000000000000000000
000000000000000000000000010000000000000000000000000
000000100000000010000000000001000000010000000100000
000000000000000000000000010000000000000000000000000
000100000001000000000000000000100000000100000000000
000000000000000000000000010000000000000000000000000
001100000001100000000001000000000000000100000000000
000000000000000000000000010000000001000000000000001
000100000010000000000000000000000000000000000000000
000000000000000000000000010000000000000000000000000
000100000010000000000000000000000000000000000000000
000100000010000000000000000000000000000000001000000
000100000010000000000000000000000000000000000000000
000000100000000010000000000001000000010000000100000
000000000000000000000000000000000000000000000000000
000000000000000000000000000000000000000000000000000
000000000000000000000000000000000100000000000010000
000000100000000010000000000001000000011000000100000
000100000001100000000000000000000000000100000000000
000000000000000000000000010000000000000000000000000
000100000001100000000000000000000000000100000000000
000100000010000000000000000000000000000000001000000
000100000001000000000000000000000000000100000000000
000100000010000000000000000000000000000000000000000
000000000000000000000000000000000000000000000000000
000100000001000000000000000000000000000100000000000
000000000000000000000000010000000000000000000000000
000000000000000000000000000000000000000000000000000
000000000000000000000000010000000000000000000000000
000000000000001000000100000000000000000010000000000
000100000001100000000000000000000000000100000000000
000000000000000000000000010000000000000000000000000
000100000001000000000000000000000000000100000000000
000000000000000000000000000000000000000000000000000
100100000001010000000000000000000000000100000000010
000100000001000000000000000000000000000100000000000
000000000000000000000000010000000000000000000000000
000100000001000000000000000000000000000100000000000
000100000010000000000000000000010000000000000000000
000100000010000000000000000000000000000000000000000
000000000000000000000000010000000000000000000000000
000000100000000010000000000001000000010000000100000
000000000000000000000000010000000010000000000000000
000000000000000000000000000000000100000000000010000
000000000000000000000000000000000000000000000000000
010100000010000000000000000000000000000000000000000
000000000000000000000000000000000100000000000010000
000000000000000000000000010000000000000000000000000
000100000001100000000000000000000000000100000000000
000000000000000000000000000000000000000000000000000
000000000000000000000000010000000000000000000000000
000000000000000000000000010000000000000000000000000
000100000010000100000000000000000000000000000001000
000000100000000010000000000001000000010000000100100
000000000000000000000000000000000000000000000000000
000100000001000000000000000000100000000100000000000
000100000001100000000001000000000000000100000000000
000000000000000000000000010000000000000000000000000
000000000000000000000000010000000000000000000000000
000100000001000000000000000000100000000100000000000
000000000000000000000000010000000000000000000000000
000100000001000000000000000000000000000100000000000
000100000001000000000000000000000000000100000000000
000000100000000010000000000001000000010000000100000
000100000010000000000000000000000000000000000000000
000000000000001000000100000000000000000010000000000
000100001001000000000000000000000000000100000000000
000000000000000000000000010000000000000000000000000
000100000010000000000000000000000000000000000000000
000000000000000000000000000000000000000000000000000
000000000000000000000000010000000000000000000000000
000000000000000000000000010000000000000000000000000
000100000001100000000000000000000000000100000000000
000000010000000000000000010000000000000000000000000
000000000000000000000000000000000000000000000000000
000100000010000000000000000000000000000000000000000
000000000000000000000000010000000000000000000000000
000000000000000000000000010000000000000000000000000
000100000001000000000000000000000000000100000000000
000000100000000010000000000001000000010000000100000
000000000000000000000000010000000000000000000000000
000100000001100000000001000000000000000100000000000
000000000000000000000000000000000000000000000000000
000100000001100000000001000000000000000100000000000
000000000000000000000000010000000000000000000000000
000000100000000010000000000001000000010000000100000
000000100000000010000000000001000000010000000100100
000000000000000000000000010000000000000000000000000
000100000001100000000000000000000000000100000000000
000100000001000000000000000000000000000100000000000
000100000001000000000000000000000000000100000000000
000001100000000010000000000001000000010000000100000
000100000001000000000000000000000000000100000000000
000100000010000000000000000000000000000000000000000
000000000000000000000000010000000000000000000000000
000000000000000000000000010000000000000000000000000
000000000000000000000000010000000000000000000000000
000100000010000000000000000000000000000000000000000
000000100000000010000000000001000000010000000100000
000000000000000000000000010000000001000000000000001
000000000000000000000000000000000000000000000000000
000100000001100000000000000000000000000100000000000
000000000000000000000000000000000000000000000000000
000100001001000000000000000000000000000100000000000
000000000000001000000100000000000000000010000000000
000000000000000000000000010000000000000000000000000
000100001001000000000000000000000000000100000000000
000000000000000000000000000000000000000000000000000
000000000000000000000000010000000000000000000000000
000000100000000010000000000001000000010000000100000
000000000000000000000000010000000001000000000000001
000100000001000000000000000000000000000100000000000
000000000000000000000000010000000000000000000000000
000100000001000000000000000000000000000100000000000
000000000000000000000000000000000000000000000000000
000000000000000000000000000000000000000000000000000
000000010000000000000000010000000000000000000000000
000000100000000010000000000001000000010000000100000
000000000000000000000000000000000000000000000000000
000000100000000010000000000001000000010000000100000
000100000001100000000000000000000000000100000000000
000000000000000000000000000000000000000000000000000
000100000001100000000000000000000000000100000000000
000000100000000010000000000001000000010000000100000
000000100000000010000000000001000000010000000100000
000000000000000000000000000000000000000000000000000
000100000001100000000001000000000000000100000000000
000100000010000100000000000000000000000000000001000
000000000000000000000000000000000000000000000000000
000000100000000010000000000001000000010000000100000
000100000010000100000000000000000000000000000001000
000000000000000000000000010000000000000000000000000
000100000010000000000000000000000000000000000000000
000000000000000000000000010000000000000000000000000
000100000010000000000000000000000000000000000000000
000000000000000000000000000000000000000000000000000
000100000010000000000000000000000000000000000000000
000100000010000000000000000000000000000000000000000
000000000000000000000000010000000001000000000000001
000000000000001000000100000000000000000010000000000
000000100000000010000000000001000000010000000100000
000000100000000010000000000001000000010001000100000
000000100000000010000000000001000000010000000100000
000000000000000000000000010000000000000000000000000
000000000000000000000000000000000000000000000000000
000000000000001000001100000000000000000010000000000
000000000000000000000000011000000000000000000000000
000000000000000000000000010100000000000000000000000
000000000000000000000000010000000000000000000000000
000100000001000000000000000000000000000100000000000
000000000000000000000000000000000000000000000000000
000100000010000000000000000000000000000000000000000
000000100000000010000000000001000000010000000100000
000000100000000010000000000001000000010000000100000
000000000000000000000000010000000000000000000000000
000100001001000000000000000000000000000100000000000
000100000001100000000000000000000000000100000000000
000000000000000000000000000000000000000000000000000
000100000001000000000000000000000000000100000000000
000000000000000000000000000000000000000000000000000
000000000000000000100000010000000000000000000000000
000100000010000000000000000000000000000000000000000
000000000000000000000000010000000000000000000000000
000100000010000000000000000000000000000000000000000
000000100000000010000000000001000000010000000100100
000000000000000000000000000000000100000000000010000
000100000001000000000000000000000000000100000000000
000000100000000010000000000001000000010000000100100
000000000000000000000000000000000100000000000010000
000000000000000000000000000000000000000000000000000
000000000000000000000000010000000000000000000000000
000000100000000010000000000001000000010000000100000
000000000000000000000000010100000000000000000000000
000000000000000000000000000000000000000000000000000
000000000000000000000000000000000000000000000000000
000100000001000000000000000000000000000100000000000
000010000000000000000000010000000000000000000000000
000000000000000000000000010000000000000000000000000
000000100000000010000000000001000000010000000100000
000100000001000000000000000000000000000100000000000
000000000000000000000000000000000000000000000000000
000100000001100000000000000000000000000100000000000
000000000000000000000000000000000100000000000010000
000000000000000000000000010000000001000000000000001
000100000001000000000000000000000000000100000000000
000100000010000000000000000000000000000000000000000
000000000000000000000000010000000000000000000000000
000000000000000000000000010000000001000000000000001
000100001001000000000000000000000000000100000000000
000100000010000100000000000000000000000000000001000
000000100000000010000000000001000000010000000100000
000100000001100000000000000000000000000100000000000
000100000001100000000001000000000000000100000000000
000100001001000000000000000000000000000100000000000
000100001001000001000000000000000000000100000000000
000100000010000000000000000000000000000000000000000
000000000000000000000000000000000000000000000000000
000000000000000000000000000000000100000000000010000
000000000000001000000100000000000000000010000000000
010100000010000000000000000000000000000000000000000
000000100000000010000000000001000000010000000100000
000000100000000010000000000001000000010000000100000
000100000001100000000001000000000000000100000000000
000000000000000000000000010000000001000000000000001
000000000000000000000000000000000000000000000000000
000100000001000000000000000000000000000100000000000
000000100000000010000000000001000000010000000100100
000000100000000010000000000001000000010000000100100
000000000000000000000000000000000000000000000000000
000000000000000000000000010000000001000000000000001
000000100000000010000000000001000000010000000100000
000000000000000000000000000000000000000000000000000
000100000001000000000000000000000000000100000000000
000100000010000100000000000000000000000000000001000
000100000010000000000000000000000000000000000000000
000100000001100000000000000000000000000100000000000
000100000001000000000000000000000000000100000000000
000100000001000000000000000000000000000100000000000
000000000000001000000100000000000000000010000000000
000100000010000000000000000000000000000000000000000
000000000000000000000000010000000000000000000000000
000100000010000000000000000000000000000000000000000
000100000001000000000000000000000000000100000000000
000000100000000010000000000001000000010000000100000
000000000000000000000000000000000000000000000000000
000000100000000010000000000001000000010000000100000
000000000000000000000000000000000000000000000000000
000100000001000000000000000000000000000100000000000
000000000000001000000100000000000000000010000000000
000000000000000000000000010000000000000000000000000
000000000000000000000000000000000000000000000000000
000000000000000000000000000000000000000000000000000
000000100000000010000000000001000000010000000100000
000000000000000000000000000000000000000000000000000
000000000000000000000000010000000000000000000000000
000100000001000000000000000000000000000100000000000
000100000001000000000000000000000000000100000000000
000000100000000010000000000001000000010000000100000
000000000000000000000000000000000000000000000000000
000100000001000000000000000000000000000100000000000
000000100000000010000000000001000000010000000100000
000000100000000010000000000001000000010000000100000
000000100000000010000000000001000000010000000100000
000000000000000000000000000000000000000000000000000
000100000010000000000000000000000000000000000000000
000000000000000000000000000000000000000000000000000
000100000010000000000000000000000000000000000000000
000100000001100000000001000000000000000100000000000
000000000000000000000000010000000000000000000000000
000000000000000000000000000000000000000000000000000
000100000010000000000000000000000000000000000000000
000000100000000010000000000001000000011000000100000
000000000000000000000000010000000000000000000000000
000000100000000010000000000001000000010000000100000
000000000000000000000000000000000000000000000000000
000100000001000000000000000000000000000100000000000
000000000000000000000000010000000000000000000000000
000100000001000000000000000000000000000100000000000
000000000000000000000000010000000000000000000000000
000000000000001000000100000000000000000010000000000
000000010000000000000000010000000000000000000000000
000000000000000000000000010000000000000000000000000
000000100000000010000000000001000000010000000100000
000100000010000100000000000000000000000000000001000
000100000001000000000000000000000000000100000000000
000100000010000000000000000000000000000000000000000
000100000001000000000000000000000000000100000000000
000000100000000010000000000001000000010000000100000
000100000001100000000000000000000000000100000000000
000000000000000000000000010000000000000000000000000
000000000000000000000000000000000000000000000000000
000100000001000000000000000000000000000100000000000
000000100000000010000000000001000000010000000100000
000100000001000000000000000000100000000100000000000
000100000010000000000000000000000000000000000000000
000000000000000000000000000000000000000000000000000
000000000000000000000000010000000000000000000000000
000000000000000000000000000000000000000000000000000
000100000010000000000000000000000000000000000000000
000000000000000000000000010100000000000000000000000
000000000000000000000000000000000000000000000000000
000100000010000000000000000000010000000000000000000
000100000010000000000000000000000000000000000000000
000000100000000010000000000001000000010000000100000
000000100000000010000000000001000000010000000100000
000000000000000000000000010000000001000000000000001
000000010000000000000000010000000000000000000000000
000100000001000000000000000000000000000100000000000
000100000001000000000000000000000000000100000000000
000100000001100000000000000000000000000100000000000
000100000001000000000000000000000000000100000000000
000100000001100000000000000000000000000100000000000
000100000010000000000000000000000000000000000000000
000100000010000000000000000000000000000000000000000
000000000000000000000000010000000000000000000000000
000000100000000010000000000001000000010000000100000
000000000000000000000000010000000000000000000000000
000000000000000000000000010000000000000000000000000
000100000001000000000000000000000000000100000000000
000000000000000000000000010000000000000000000000000
000100000001000000000000000000100000000100000000000
000000100000000010000000000001000000010000000100000
000000100000000010000000000001000000010000000100100
000000000000000000000000000000000000000000000000000
000100000010000000000000000000000000000000000000000
000100000001000000000000000000000000000100000000000
000100000001000000000000000000000000000100000000000
000000100000000010000000000001000000010000000100000
000100000001100000000000000000000000000100000000000
000000000000000000000000000000000000000000000000000
000000000000000000000000010000000000000000000000000
000000000000000000000000010000000000000000000000000
000100000001100000000000000000000000000100000000000
000000000000000000000000010000000000000000000000000
000000000000001000000100000000000000000010000000000
000000000000001000000100000000000000000010000000000
000100000001100000000000000000000000000100000000000
000100000010000000000000000000000000000000000000000
000000000000001000000100000000000000000010000000000
000100000001100000000001000000000000000100000000000
000000000000000000000000010000000000000000000000000
000000000000000000000000000000000000000000000000000
000000000000000000000000010000000000000000000000000
000100000001100000000001000000000000000100000000000
000000000000000000000000010000000000000000000000000
000100000010000000000000000000000000000000000000000
000000000000000000000000000000000000000000000000000
000000000000000000000000010000000000000000000000000
000000000000000000000000010000000000000000000000000
000000100000000010000000000001000000010000000100000
000000000000000000000000010000000001000000000000001
000000000000000000000000010000000000000000000000000
000000100000000010000000000001000000011000000100000
000000000000000000000000010000000000000000000000000
000000000000000000000000000000000000000000000000000
000010000000000000000000010000000000000000000000000
000000000000000000000000011000000000000000000000000
000100000101000000000000000000000000000100000000000
000000100000000010000000000001000000010000000100000
000000100000000010000000000001000000010000000100000
000100000010000000000000000000000000000000001000000
000000000000001000000100000000000000000010000000000
000000000000000000000000010000000000000000000000000
000100000010000000000000000000000000000000000000000
000000000000000000000000010000000000000000000000000
000000010000000000000000010000000000000000000000000
000000000000000000000000010000000000000000000000000
000000000000000000000000010000000000000000000000000
000100000001000000000000000000000000000100000000000
000000000000000000000010000000000000000000000000000
000000100000000010000000000001000000010000000100000
000000000000000000000000010000000000000000000000000
000000000000000000000000000000000000000000000000000
000000000000000000000000000000000000000000000000000
000100000010000000000000000000000000000000000000000
000100000010000100000000000000000000000000000001000
000000000000000000000000010000000000000000000000000
000100000010000000000000000000000000000000000000000
000000000000000000000000000000000000000000000000000
000000000000000000000000010000000000000000000000000
000000000000000000000000010000000000000000000000000
000000000000000000000000010000000000000000000000000
000000000000000000000000010000000000000000000000000
000001100000000010000000000001000000010000000100000
100100000001010000000000000000000000000100000000010
000100000010000100000000000000000000000000000001000
000100000001000000000000000000000000000100000000000
000100000001000000000000000000000000000100000000000
000000100000000010000000000001000000010000000100000
000000000000000000000000000000000000000000000000000
000100000001100000000000000000000000000100000000000
000100000001100000000000000000000000000100000000000
000000100000000010000000000001000000010000000100100
000000000000000000000000000000000000000000000000000
000000000000000000000000010000000000000000000000000
000000100000000010000000000001000000010000000100100
000000000000000000000000010000000001000000000000001
000000000000000000000000010000000000000000000000000
000000000000000000000000010000000000000000000000000
000000000000000000000000010000000000000000000000000
000000000000000000000000000000000000000000000000000
000100000001100000000000000000000000000100000000000
000000000000000000000000000000000000000000000000000
000000000000000000000000010000000000000000000000000
000000000000000000000000010000000000000000000000000
000000000000000000000000000000000000000000000000000
000100000001000000000000000000000000000100000000000
000000000000000000000000000000000100000000000010000
000100000001000000000000000000100000000100000000000
000100000001100000000000000000000000000100000000000
000000000000000000000000010000000001000000000000001
000000000000000000000000000000000000000000000000000
000100000001000000000000000000000000000100000000000
000000000000000000000000000000000000000000000000000
000100000001100000000000000000000000000100000000000
000000000000000000000000010000000000000000000000000
000000100000000010000000000001000000010000000100000
000000000000000000000000010000000000000000000000000
000000000000000000000000010000000000000000000000000
000000100000000010000000000001000000010000000100000
000000000000000000000000010000000000000000000000000
000000010000000000000000010000000000000000000000000
000100000001100000000001000000000000000100000000000
000100000001000000000000000000000000000100000000000
000100000001000000000000000000000000000100010000000
000100000010000100000000000000000000000000000001000
000000100000000010000000000001000000010000000100000
000000000000000000000000000000000000000000000000000
000100000001000000000000000000000000000100000000000
000000000000000000000000010000000000000000000000000
000100000001100000000000000000000000000100000000000
000000000000000000000000000000000000000000000000000
000100000001100000000000000000000000000100000000000
000001100000000010000000000001000000010000000100000
000000000000000000000000010000000000000000000000000
000000000000000000000000010000000000000000000000000
000000000000000000000000000000000000000000000000000
000000100000000010000000000001000000010000000100000
000000000000000000000000010000000000000000000000000
000000100000000010000000000001000000010000000100000
000100000010000000000000000000001000000000000000000
000000000000000000000000000000000000000000000000000
000100000001000000000000000000000000000100000000000
000000000000000000000000010100000000000000000000000
000000000000000000000000000000000000000000000000000
000000000000000000000000010000000000000000000000000
000000000000000000000000010000000000000000000000000
000100000010000000000000000000000000000000000000000
000000000000000000000000000000000000000000000000000
000000000000000000000000100000000000000000000000000
000100000001100000000001000000000000000100000000000
000100000010000000000000000000000000000000000000000
000000100000000010000000000001000000010000000100000
000000000000000000000000000000000100000000000010000
000000100000000010000000000001000000010000000100100
000000100000000010000000000001000000010000000100000
000100000010000100000000000000000000000000000001000
000000000000000000000000010000000000000000000000000
000000100000000010000000000001000000010000000100000
000100000010000000000000000000000000000000000000000
000000000000000000000000010000000000000000000000000
000100000001000000000000000000000000000100000000000
000000000000000000000000010000000000000000000000000
000100000010000000000000000000000000000000000000000
000100000001000000000000000000000000000100000000000
000000000000000000000000010100000000000000000000000
000000000000000000000000000000000000000000000000000
000000010000000000000000010000000000000000000000000
000100000010000000000000000000000000000000000000000
000100000010000000000000000000010000000000000000000
000100000001000000000000000000000000000100000000000
000000000000000000000000010000000001000000000000001
000000000000000000000000010000000000000000000000000
000000000000000000000000010000000001000000000000001
000000000000000000000000010000000000000000000000000
000100000010000000000000000000000000000000000000000
000000000000001000000100000000000000000010000000000
000000100000000010000000000001000000010000000100000
000000000000000000000000000000000100000000000010000
000100000001100000000001000000000000000100000000000
000000000000000000000000010000000000000000000000000
000100000001000000000000000000000000000100000000000
000000000000000000000000000000000100000000000010000
000100000001000000000000000000000000000100000000000
000000100000000010000000000001000000010000000100000
000000000000000000000000010000000000000000000000000
000100000010000000000000000000000000000000000000000
000000100000000010000000000001000000010000000100100
000000000000000000000000000000000000000000000000000
000100000001000000000000000000000000000100000000000
000100000001000000000000000000000000000100000000000
000000000000000000000000010000000000000000000000000
000000000000000000000000010000000000000000000000000
000100000001000000000000000000000000000100000000000
000000010000000000000000010000000000000000000000000
000000000000000000000000000000000000000000000000000
000000000000000000000000010000000000000000000000000
000100000001100000000000000000000000000100000000000
000000100000000010000000000001000000010000000100000
000100000010000000000000000000000000000000000000000
000000100000000010000000000001000000010000000100000
000100000010000100000000000000000000000000000001000
000000100000000010000000000001000000010000000100000
000000000000000000000000010000000000000000000000000
000000000000000000000000010000000001000000000000001
000000000000000000000000010000000000000000000000000
000100000001100000000001000000000000000100000000000
000000000000000000000000010000000000000000000000000
000000100000000010000000000001000000010000000100000
000000100000000010000000000001000000010000000100000
000100000001000000000000000000000000000100000000000
000000000000000000000000000000000000000000000000000
000000100000000010000000000001000000010000000100000
000000000000000000000000010000000000000000000000000
000000000000000000000000010000000000000000000000000
000000000000000000000000010000000000000000000000000
000100000010000000000000000000000000000000000000000
000100000010000000000000000000000000000000000000000
000000100000000010000000000001000000010000000100000
000100000010000000000000000000000000000000000000000
010100000010000000000000000000000000000000000000000
000000000000000000000000010000000001000000000000001
000000100000000010000000000001000000010000000100000
000000000000000000000000000000000000000000000000000
000100000010000000000000000000000000000000000000000
000000000000000000000000010000000001000000000000001
000000000000000000000000000000000000000000000000000
000000100000000010000000000001000000011000000100000
000000000000000000000000000000000000000000000000000
000100000010000000000000000000000000000000000000000
000000000000000000000000010000000000000000000000000
000000100000000010000000000001000000010000000100000
000100000001000000000000000000000000000100000000000
000000000000000000000000000000000000000000000000000
000000000000000000000000000000000000000000000000000
000001100000000010000000000001000000010000000100000
000001100000000010000000000001000000010000000100000
000000000000000000000000000000000000000000000000000
000000000000000000000000000000000000000000000000000
000010000000000000000000010000000000000000000000000
000100000001100000000000000000000000000100000000000
000100000001100000000000000000000000000100000000000
000000100000000010000000000001000000010000000100100
000100000001000000000000000000100000000100000000000
000000100000000010000000000001000000110000000100000
000000010000000000000000010000000000000000000000000
000000000000000000010000000000000000000000000000000
000000000000000000000000010000000000000000000000000
000100000010000000000000000000000000000000000000000
000000100000000010000000000001000000010000000100000
000000000000000000000000000000000000000000000000000
000000000000000000000000010000000000000000000000000
000000100000000010000000000001000000010000000100000
000100000010000000000000000000000000000000000000000
000100000001000000000000000000000000000100000000000
000000000000000000000000010000000000000000000000000
000000000000000000000000000000000000000000000000000
010100000010000000000000000000000000000000000000000
000100000010000000000000000000000000000000000000000
000000000000000000000000010000000000000000000000000
000100000001000000000000000000000000000100000000000
000000000000000000000000010000000000000000000000000
000000000000000000000000010000000000000000000000000
000000000000000000000000010000000000000000000000000
000000000000000000000000010000000000000000000000000
000000000000000000000000000000000000000000000000000
000000000000000000000000010000000000000000000000000
000000000000000000000000010000000000000000000000000
000000100000000010000000000001000000010000000100000
000100000001000000000000000000000000000100000000000
000100000010000000000000000000000000000000000000000
000000100000000010000000000001000000010000000100000
000100000001100000000000000000000000000100000000000
000100000010000000000000000000000000000000000000000
000100000001100000000000000000000000000100000000000
000000100000000010000000000001000000010000000100000
000000000000000000000000000000000000000000000000000
000000100000000010000000000001000000010000000100000
000000100000000010000000000001000000010000000100000
000100000010000000000000000000000000000000000000000
000000000000000000000000010000000000000000000000000
000000100000000010000000000001000000010000000100000
000100000001000000000000000000000000000100000000000
000000000000000000000000000000000000000000000000000
000000000000000000000000010000000000000000000000000
000000100000000010000000000001000000010000000100000
000000100000000010000000000001000000010000000100000
000100000010000000000000000000000000000000000000000
000000000000000000000000000000000000000000000000000
000100000010000000000000000000000000000000001000000
000100000010000000000000000000010000000000000000000
000000100000000010000000000001000000010000000100000
000000000000000000000000010000000000000000000000000
000100000001000000000000000000000000000100000000000
000100000001000000000000000000000000000100000000000
000000000000000000000000000000000000000000000000000
000000000000000000000000000000000000000000000000000
000000000000000000000000010000000000000000000000000
000100000001000000000000000000000000000100000000000
000100001001000000000000000000000000000100000000000
000000000000000000000000010000000000000000000000000
000000000000000000000000010000000000000000000000000
000100000010000000000000000000000000000000000000000
000100000010000100000000000000000000000000000001000
000000100000000010000000000001000000011000000100000
000000100000000010000000000001000000010000000100100
000000100000000010000000000001000000010000000100000
000000000000000000000000000000000000000000000000000
000100000001100000000000000000000000000100000000000
000000000000000000000000010100000000000000000000000
000100000001100000000001000000000000000100000000000
000000000000000000000000010000000000000000000000000
000000000000000000000000010000000000000000000000000
000000010000000000000000010000000000000000000000000
000100000010000000000000000000000000000000000000000
000000000000000000000000010000000000000000000000000
000000100000000010000000000001000000010000000100000
000000000000000000000000010000000000000000000000000
000100000010000000000000000000000000000000000000000
000100000010000000000000000000000000000000000000000
000000000000000000000000010000000001000000000000001
000000000000000000000000000000000000000000000000000
000000000000000000000000000000000000000000000000000
000100000001100000000000000000000000000100000000000
000000100000000010000000000001000000010000000100000
000000000000000000000000000000000000000000000000000
000100000001000000000000000000000000000100000000000
000100000010000100000000000000000000000000000001000
000100000001100000000001000000000000000100000000000
000000000000000000000000000000000000000000000000000
000000000000001000000100000000000000000010000000000
000000000000000000000000000000000000000000000000000
000100000001000000000000000000000000000100000000000
000000100000000010000000000001000000010000000100000
000100000001100000000000000000000000000100000000000
000000000000000000000000010000000001000000000000001
000100000001000000000000000000100000000100000000000
000000000000001000000100000000000000000010100000000
000000000000000000000000010000000000000000000000000
000000100000000010000000000001000000010000000100000
000000100000000010000000000001000000010000000100000
000100000001000000000000000000000000000100000000000
000000000000000000000000010000000000000000000000000
000100000001000000000000000000000000000100000000000
000000000000000000000000010000000001000000000000001
000000100000000010000000000001000000010000000100000
000100000001000000000000000000000000000100000000000
000000000000000000000000010000000000000000000000000
000000000000000000000000000000000000000000000000000
000000100000000010000000000001000000010000000100000
000100000001000000000000000000000000000100000000000
000000000000000000000000010000000000000000000000000
000100000001100000000000000000000000000100000000000
000000000000000000000000000000000000000000000000000
100100000001010000000000000000000000000100000000010
000000100000000010000000000001000000010000000100000
000000000000000000000000010000000001000000000000001
000000000000000000000000010000000000000000000000000
000000100000000010000000000001000000010000000100000
000000100000000010000000000001000000010000000100000
000000000000000000000000000000000000000000000000000
000000000000000000000000010000000001000000000000001
000010000000000000000000010000000000000000000000000
000000100000000010000000000001000000010000000100000
000000000000000000000000000000000100000000000010000
000100000010000000000000000000000000000000000000000
000000000000000000000000000000000000000000000000000
000000000000000000000000010000000001000000000000001
000000000000000000000000010000000000000000000000000
000000000000001000000100000000000000000010000000000
000001100000000010000000000001000000010000000100000
000000100000000010000000000001000000010000000100000
000100000001000000000000000000000000000100000000000
000000000000000000000000000000000000000000000000000
000000100000000010000000000001000000010000000100000
000100000001000000000000000000000000000100000000000
000000000000000000000000010000000000000000000000000
000100000010000000000000000000000000000000000000000
000000010000000000000000010000000000000000000000000
000100000001100000000000000000000000000100000000000
000000000000000000000000000000000000000000000000000
000000000000000000000000000000000000000000000000000
000000000000000000000000010100000000000000000000000
000000000000000000000000000000000000000000000000000
000100000010000100000000000000000000000000000001000
000000000000000000000000010000000000000000000000000
000000000000001000000100000000000000000010000000000
000000000000000000000000010000000000000000000000000
000100000010000000000000000000000000000000001000000
000100000001000000000000000000000000000100000000000
000100000001000000000000000000000000000100000000000
000000010000000000000000010000000000000000000000000
000000000000000000000000000010000000000000000000000
000000000000000000000000000000000000000000000000000
000000000000000000000000000010000000000000000000000
000100000010000000000000000000000000000000000000000
000100000001100000000000000000000000000100000000000
000100000010000000000000000000010000000000000000000
000100000001100000000001000000000000000100000000000
100100000001010000000000000000000000000100000000010
000100000010000000000000000000010000000000000000000
000100000001000000000000000000000000000100000000000
000010000000000000000000010000000000000000000000000
000000000000001000000100000000000000000010000000000
000000000000000000000000000000000000000000000000000
000100000010000000000000000000000000000000000000000
000000000000000000000000000000000000000000000000000
000000000000000000000000000000000000000000000000000
000100001001000000000000000000000000000100000000000
000100000001000000000000000000000000000100000000000
000000000000000000000000010000000001000000000000001
000000100000000010000000000001000000010000000100000
000000000000000000000000010000000000000000000000000
000000100000000010000000000001000000010000000100000
000100000001000000000000000000000000000100000000000
000000000000000000000000000000000000000000000000000
000000000000000000000000010000000001000000000000001
000100000001000000000000000000000000000100000000000
000100000001000000000000000000000000000100000000000
000000100000000010000000000001000000010000000100000
000100000010000100000000000000000000000000000001000
000100000001000000000000000000000000000100000000000
000000100000000010000000000001000000010000000100000
000100000001000000000000000000000000000100000000000
000100000010000100000000000000000000000000000001000
000000000000000000000000010000000000000000000000000
000100000001000000000000000000000000000100000000000
000000000000000000000000000000000000000000000000000
000100000001100000000000000000000000000100000000000
000000010000000000000000010000000000000000000000000
000000000000000000000000000000000000000000000000000
000000100000000010000000000001000000010000000100000
000000000000000000000000010000000000000000000000000
000000000000000000000000010000000001000000000000001
000000000000000000000000010000000000000000000000000
000000100000000010000000000001000000010000000100000
000100000001000000000000000000000000000100000000000
000000000000001000000100000000000000000010000000000
000000100000000010000000000001000000010000000100000
000000000000000000000000010000000000000000000000000
000000000000001000000100000000000000000010000000000
000000000000000000000000010000000000000000000000000
000000000000000000000000010000000000000000000000000
000100000010000000000000000000000000000000000000000
000000000000000000000000000000000000000000000000000
000000000000000000000000000000000000000000000000000
000100000010000000000000000000000000000000000000000
000000010000000000000000010000000000000000000000000
000000100000000010000000000001000000010000000100000
000100000001100000000000000000000000000100000000000
000000100000000010000000000001000000010000000100000
000100000001000000000000000000000000000100000000000
000100000010000000000000000000000000000000000000000
000010000000000000000000010000000000000000000000000
000100000010000000000000000000000000000000000000000
000000000000000000000000010000000000000000000000000
000100000010000000000000000000000000000000000000000
000000000000000000000000000000000000000000000000000
000010000000000000000000010000000000000000000000000
000100001001000000000000000000000000000100000000000
000000000000000000000000000000000000000000000000000
000100000010000000000000000000000000000000000000000
000000000000000000000000000000000000000000000000000
000000000000000000000000000000000000000000000000000
000000100000000010000000000001000000010000000100000
000100000001100000000001000000000000000100000000000
000000000000000000000000000000000000000000000000000
100100000001010000000000000000000000000100000000010
000100001001000000000000000000000000000100000000000
000100000001000000000000000000100000000100000000000
000000100000000010000000000001000000010000000100000
000000000000000000000000000000000000000000000000000
000000100000000010000000000001000000010000000100000
000000100000000010000000000001000000010000000100000
000000000000000000000000010000000000000000000000000
000000100000000010000000000001000000010000000100000
000000000000000000000000000000000000000000000000000
000000000000000000000000010000000000000000000000000
000000100000000010000000000001000000010000000100000
000100000001000000000000000000100000000100000000000
000000100000000010000000000001000000010000000100000
000100000010000000000000000000000000000000000000000
000000000000001000000100000000000000000010000000000
000100000010000000000000000000000000000000000000000
000000000000000000000000010000000000000000000000000
000000000000000000000000000000000000000000000000000
000000000000000000000000010000000000000000000000000
000000000000000000000000010000000000000000000000000
000000000000000000000000010000000000000000000000000
000000000000000000000000000000000000000000000000000
000100000010000000000000000000000000000000000000000
000100000001000000000000000000000000000100000000000
000000000000000000000000010000000000000000000000000
000000000000000000000000000000000000000000000000000
000000000000000000000000000000000100000000000010000
000000000000000000000000010000000000000000000000000
000000000000000000000000000000000000000000000000000
000000000000000000000000000000000000000000000000000
000000000000000000000000010000000000000000000000000
000100000010000000000000000000000000000000000000000
000000000000000000000000010000000000000000000000000
000100000010000000000000000000000000000000000000000
000000000000000000000000010000000000000000000000000
000000000000000000000000010000000000000000000000000
000000100000000010000000000001000000010000000100000
000000000000000000000000000000000000000000000000000
000000000000000000000000000000000000000000000000000
000100000010000000000000000000000000000000000000000
000100000010000100000000000000000000000000000001000
000100000001100000000000000000000000000100000000000
000000000000000000000000010000000001000000000000001
000000100000000010000000000001000000010000000100000
000100000001100000000000000000000000000100000000000
000000100000000010000000000001000000010000000100000
000000000000000000000000010000000000000000000000000
000100000001000000000000000000000000000100000000000
000100000001100000000001000000000000000100000000000
000000000000000000000000010000000000000000000000000
000000000000000000000000010000000000000000000000000
000000000000000000000000010000000000000000000000000
000000100000000010000000000001000000010000000100000
000100000001000000000000000000000000000100000000000
000000000000000000000000010000000001000000000000001
000000100000000010000000000001000000010000000100000
000000000000000000000000000000000000000000000000000
000000000000000000000000000000000000000000000000000
000100000001100000000000000000000000000100000000000
000000000000000000000000010000000000000000000000000
000000000000000000000000000000000000000000000000000
000000100000000010000000000001000000010000000100000
000000000000000000000000010000000000000000000000000
000000000000000000000000000000000000000000000000000
000000100000000010000000000001000000010000000100100
000000000000000000000000010100000000000000000000000
000000100000000010000000000001000000010000000100000
000000100000000010000000000001000000010000000100000
100100000001010000000000000000000000000100000000010
000000000000000000000000010000000000000000000000000
000100000010000000000000000000000000000000000000000
000000000000000000000000010000000000000000000000000
000000000000000000000000010000000000000000000000000
000100000010000000000000000000000000000000000000000
000000000000000000000000010000000000000000000000000
000100000001000000000000000000000000000100000000000
000100000010000000000000000000000000000000000000000
000000000000000000000000000000000000000000000000000
000000000000000000000000000000000000000000000000000
000000000000000000000000000000000000000000000000000
000000000000000000000000010000000000000000000000000
000000000000000000000000000000000000000000000000000
000000100000000010000000000001000000010000000100000
000100000010000000000000000000000000000000000000000
000100000001100000000001000000000000000100000000000
000100000001000000000000000000000000000100000000000
000000100000000010000000000001000000010000000100000
000000000000000000000000000000000000000000000000000
000000100000000010000000000001000000010000000100000
000000000000000000000000000000000000000000000000000
000100000001000000000000000000000000000100000000000
000100001001000000000000000000000000000100000000000
000000100000000010000000000001000000010000000100000
000000100000000010000000000001000000010000000100000
000100000010000000000000000000000000000000000000000
000000000000000000000000010000000000000000000000000
000000000000000000000000000000000000000000000000000
000000100000000010000000000001000000011000000100000
000000100000000010000000000001000000010000000100000
000000000000000000000000000000000100000000000010000
000100000010000000000000000000000000000000000000000
000000000000000000000000000000000000000000000000000
000000000000000000000000010000000000000000000000000
