C:\Users\Paula\DOCUME~1\GitHub\QuBar\ms.exe 1000 1 -t 5 
31901

//
segsites: 62
positions: 0.0210 0.0217 0.0395 0.0450 0.0466 0.0557 0.0824 0.0957 0.1216 0.1885 0.2039 0.2071 0.2410 0.2499 0.2574 0.2575 0.2767 0.2808 0.2941 0.3266 0.3358 0.3360 0.3452 0.3529 0.4427 0.4450 0.4487 0.4907 0.5083 0.5191 0.5471 0.5519 0.5659 0.5744 0.5881 0.5999 0.6026 0.6345 0.6374 0.6418 0.6793 0.6889 0.7173 0.7510 0.7565 0.8434 0.8589 0.8602 0.8651 0.8793 0.8871 0.8973 0.9097 0.9156 0.9180 0.9221 0.9276 0.9405 0.9444 0.9679 0.9830 0.9967 
00100000000000100000101000100010000000110100000010010000000010
10000100100000000000000100011101110001000010110101000110100100
10000100100000000000000100011101110001000010110101000110100100
00100000000000100000000000100000001000100101000010010000000010
00100000000000100000101000100010000000110100000010010000000010
00100000000000100000101000100010000000110100000010010000000010
10000100100000000000000100011101110001000010110101000100100100
00100000000000100000101000100010000000110100000010010000000010
00100000000000100000000000100000001000100101000010010000000010
00100000000000101000101000100010000000110100000010010000000010
00100000000000101000101000100010000000110100000010010000000010
00100000000000100000101000100010000000110100000010010000000010
00100000000000100000000000100000001000100101000010010000000010
00100000000000101000101000100010000000110100000010010000000010
10000100100010000000000100011101110001000010110101000110100100
10000100100000000000000100011101110001000010110101000100100100
00100000000000100000101000100010000000110100000010010000000010
00100000000000100000101000100010000000110100000010010000000010
10000100100001000000000100011101110001000010110101000100100100
10000100100000000000000100011101110001000010110101000100100100
00100000000000100000101000100010000000110100000010010000000010
10000100100000000000000100011101110001000010110101000110100100
00100000000000100000101000100010000000110100000010010000000010
00100000000000100000101000100010000000110100000010110000000010
00100000000000101000101000100010000000110100000010010000000010
10000100100000000000000100011101110001000010110101000100100100
00100000000000100000101000100010000000110100000010010000000010
10000100100000000000000100011101110001000010110101000100100100
00100000000000101000101000100010000000110100000010010000000010
00100000000000101000101000100010000000110100000010010000000010
00100000000000100000101000100010000000110100000010010000000010
00100000000000101000101000100010000000110100000010010000000010
10000100100010000000000100011101110001000010110101000110100100
00100000010000100000000000100000001000100101000010010000000010
00100000000000100000101000100010000000110100000010010000000010
10000100100000000000000100011101110001000010110101000110100100
00100000000000101000111000100010000000110100000010010000000010
11000100100000000000000100011101110001000010110101000100100100
00100000000000100000000000100000001000100101000010010000000010
00100000000000100000101010100010000000110100000010010000000010
00100000000000101000101000100010000000110100000010010000000010
11000100100000000000000100011101110001000010110101000100100100
00100000000000101000101000100010000000110100000010010000000010
00100000000000101000101000100010000000110100000010010000000010
00100000000000101000111000100010000000110100000010010000000010
00100000000000100000101000100010000000110100000010010000000010
00100000000000100000000000100000001000100101000010010000000010
00100000000000100000101000100010000000110100000010010000000010
00100000000000101000111000100010000000110100000010010000000010
10000100100000000000000100011101110001000010110101000100100100
00100000000000100000101000100010000000110100000010010000000010
00100000000000101000101000100010000000110100000010010000000010
00100000000000100000101000100010000000110100000010010000000010
00100000000000100000101000100010000000110100000010010000000010
00100000000000100000101000100010000000110100000010010000000010
10000100100000000000000100011101110001000010110101000100100100
00100000000000100000101000100010000000110100000010010000000010
00100000000000100000101000100010000000110100000010010000000010
00100000000000100000101000100010000000110100000010010000000010
10000100100000000000000100011101110001000010110101000100100100
00100000000000101000101000100010000000110100000010010000000010
00100000000000101000101000100010000000110100000010010000000010
00100000000000100000101000100010000000110100000010010000000010
10000100100000000000000100011101110001000010110101000100100100
00100000000000100000101000100010000000110100000010010000000010
00100000000000101000101000100010000000110100000010010000000010
00100000000000101000101001100010000000110100000010010000000010
00100000000000100000101000100010000000110100000010010000000010
10000100100000000000000100011101110001000010110101000100100100
00100000000000100000101000100010000000110100000010010000000010
10000100100000000000000100011101110001000010110101000100100100
00100000000000101000101000100010000000110100000010010000000010
10000100100000000000000100011101110001000010110101000110100100
10000100100000000000000100011101110001000010110101000110100100
00100000000000100000101000100010000000110100000010010000000010
00100000000000100000101000100010000000110100000010010000000010
10000100100100000000000100011101110001000010110101000100100100
00100000000000100000101000100010000000110100000010010000000010
10000100100000000000000100011101110001000010110101000100100100
00100000000000101000101000100010000000110100000010010000000010
00100000000000100000101000100010000000110100000010010000000010
10000100100010000000000100011101110001000010110101000110100100
00100000000000100000101000100010000000110100000010010000000010
10000100100000000000000100011101110001000010110101000110100100
00101000000000101000101000100010000000110100000010010000000010
00100000000000100000101000100010000000110100000010110000000010
00100000000000100000101000100010000000110100000010010000000010
10000100100100000000000100011101110001000010110101000100100100
10000100100000000000000100011101110001000010110101000100100100
00100000000000101000101000100010000000110100000010010000000010
00100000000000100001101000100010000000110100000010010000000010
10000100100000000000000100011101110001000010110101000100100100
10000100100000000000000100011101110001000010110101000100100100
00100000000000100000101000100010000000110100000010110000000010
00100000000000101000101000100010000000110100000010010000000010
10000100100000000000000100011101110001000010110101000110100100
00100000000000101000101000100010000000110100000010010000000010
10000100100001000000000100011101110001000010110101000100100100
10000100100000000000000100011101110001000010110101000100100100
00100000000000100000101000100010000000110100000010110000000010
00100000000000101000101000100010000000110100000010010000000010
00100000000000100000000000100000001000100101000010010000000010
00100000000000100000000000100000001000100101000010010000000010
00100000000000100000101000100010000000110100000010010000000010
00100000000000100000000000100000001000100101000010010000000010
10000100100000000000000100011101110001000010110101000110100100
00100000000000100000101000100010000000110100000010010000000010
10000100100000000000000100011101110001000010110101000100100100
00100000000000101000101000100010000000110100000010010000000010
10000100100000000000000100011101110001000010110101000100100100
00100000010000100000000000100000001000100101000010010000000010
00100000000000100000000000100000001000100101000010010000000010
00100000000000100000101000100010000000110100000010010000000010
00100000000000101000101000100010000000110100000010010000000010
00100000010000100000000000100000001000100101000010010000000010
10000100100001000000000100011101110001000010110101000100100100
00100000000000101000101000100010000000110100000010010000000010
00100000000000101000101000100010000000110100000010010000000010
10000100100000000000000100011101110001000010110101000100100100
10000100100001000000000100011101110001000010110101000100100100
00100000000000101000101000100010000000110100000010010000000010
10000100100001000000000100011101110001000010110101000100100100
00100000000000100000101000100010000000110100000010110000000010
00100000000000101000101000100010000000110100000010010000000010
00100000000000101000111000100010000000110100000010010000000010
10000100100000000000000100011101110001000010110101000100100100
00100000000000100000000000100000001000100101000010010000000010
00100000000000100000101000100010000000110100000010010000000010
10000100100001000000000100011101110001000010110101000100100100
00100000000000100000101000100010000000110100000010010000000010
10000100100000000000000100011101110001000010110101000110100100
00100000000000100000101000100010000000110100000010110000000010
00100000000000100000101000100010000000110100000010010000000010
10000100100000000000000100011101110001000010110101000110100100
00100000000000101000101000100010000000110100000010010000000010
00100000000000101000101000100010000000110100000010010000000010
00100000000000101000101000100010000000110100000010010000000010
00100000000000100000101000100010000000110100000010010000000010
00100000000000101000101000100010000000110100000010010000000010
10000100100100000000000100011101110001000010110101000100100100
00100000000000110000101000100010000000110100000010010000000010
00100000000000101000101000100010000000110100000010010000000010
00100000000000100000101000100010000000110100000010010000000010
00100000000000100000000000100000001000100101000010010000000010
00100000000000101000101000100010000000110100000010010000000010
00100000000000100000101000100010000000111100000010110000000010
10000100100000000000000100011101110001000010110101000100100100
00100000000000100000101000100010000000111100000010110000000010
10000100100000000000000100011101110001000010110101000100100100
00100000000000100000101000100010000000110100000010010000000010
10000100100000000000000100011101110001000010110101000110100100
00100000000000100001101000100010000000110100000010010000000010
00100000000000100000101000100010000000110100000010010000000010
10000100100001000000000100011101110001000010110101000100100100
00100000000000100000101000100010000000110100000010010000000010
10000100100000000000000100010001110010000010100101000100000101
00101000000000101000101000100010000000110100000010010000000010
11000100100000000000000100011101110001000010110101000100100100
00100000000000100000000000100000001000100101000010011000000010
00100000000000100000101000100010000000110100000010010000000010
00100000000000100000101000100010000000110100000010010000000010
10000100100000000000000100010001110010000010100101000100000101
00100000010000100000000000100000001000100101000010010000000010
00100000000000100000101000100010000000110100000010010000000010
10000100100000000000000100011101110001000010110101000100100100
10000100100001000000000100011101110001000010110101000100100100
10000100100000000000000100011101110001000010110101000110100100
10000100100000000000000100011101110001000010110101000100100100
00100000000000101000111000100010000000110100000010010000000010
00100000000000100000101000100010000000110100000010110000000010
00100000000000100000101000100010000000110100000010010000000010
00100000000000100000101000100010000000110100000010010000000010
10000100100000000000000100010001110010000010100101000100000101
00100000010000100000000000100000001000100101000010010000000010
00100000000000100000101000100010000000110100000010010000000010
00100000000000100000000000100000001000100101000010010000000010
00100000000000101000101000100010000000110100000010010000000010
00100000000000100000000000100000001000100101000010010000000010
10000100100000000000000100011101110001000010110101000100100100
00100000010000100000000000100000001000100101000010010000000010
00100000000000100000000000100000001000100101000010010000000010
00100000000000100000101000100010000000110100000010010000000010
00100000000000100000101000100010000000110100000010110000000010
10000100100000000000000100010001110010000010100101000100000101
00100000000000101000101000100010000000110100000010010000000010
00101000000000101000101000100010000000110100000010010000000010
00100000000000101000101000100010000000110100000010010000000010
00100000000000101000101000100010000000110100000010010000000010
00100000000000100000101000100010000000110100000010010000000010
00100000000000100000000000100000001000100101000010010000000010
10000100100000000000000100011101110001000010110101000100100100
00100000000000100000101000100010000000110100000010010000000010
00100000000000100000101000100010000000110100000010010000000010
10000100100010000000000100011101110001000010110101000110100100
00100000000000101000101000100010000000110100000010010000000010
00100000010000100000000000100000001000100101000010010000000010
00100000000000101000111000100010000000110100000010010000000010
10000100100000000000000100011101110001000010110101000110100100
00100000000000100000000000100000001000100101000010010000000010
00100000000000100000101000100010000000110100000010110000000010
00100000000000100000101000100010000000110100000010010000000010
00100000000000100000000000100000001000100101000010010000000010
10000100100000000000000100011101110001000010110101000110100100
10000100100100000000000100011101110001000010110101000100100100
10000100100100000000000100011101110001000010110101000100100100
00100000000000100000101000100010000000110100000010010000000010
00100000000000100000101000100010000000110100000010010000000010
10000100100001000000000100011101110001000010110101000100100100
10000100100000000000000100011101110001000010110101000100100100
00100000000000100000101000100010000000110100000010010000000010
00100000000000100000101000100010000000110100000010010000000010
10000100100000000000000100010001110010000010100101000100000101
10000100100100000000000100011101110001000010110101000100100100
10000100100000000000000100011101110001000010110101000110100100
10000100100000000000000100011101110001000010110101000100100100
10000100100000000000000100011101110001000010110101000100100100
00101000000000101000101000100010000000110100000010010000000010
00100000000000101000101000100010000000110100000010010000000010
00100000010000100000000000100000001000100101000010010000000010
00100000000000101000101000100010000000110100000010010000000010
00100000000000100000101000100010000000110100000010010000000010
00100000000000100000101010100010000000110100000010010000000010
00100000000000100000101000100010000000110100000010010000000010
00100000000000100000101000100010000000110100000010010000000010
10000100100010000000000100011101110001000010110101000110100100
10000100100010000000000100011101110001000010110101000110100100
00100000000000101000101000100010000000110100000010010000000010
00100000000000101000111000100010000000110100000010010000000010
00100000000000100000101000100010000000110100000010010000000010
10000100100000000000000100011101110001000010110101000100100100
10000100100000000000000100011101110001000010110101000100100100
00100000001000100100101000100010000000110100000010010000000010
00100000000000100000000000100000001000100101000010010000000010
00100000000000100000101000100010000000110100000010010000000010
10000100100000000000000100011101110001000010110101000100100100
00100000000000100000101000100010000000110100000010010000000010
10000100100000000000000100011101110001000010110101000100100100
00100000000000101000111000100010000000110100000010010000000010
00100000000000100000101000100010000000110100000010010000000010
00100000000000100000101000100010000000110100000010010000000010
00100000000000100000101000100010000000110100000010010000000010
10000100100000000000000100011101110001000010110101000100100100
10000100100000000000000100011101110001000010110101000100100100
10000100100000000000000100011101110001000010110101000100100100
00100000000000100000101000100010000000110100000010010000000010
10000100100000000000000100011101110001000010110101000110100100
00100000000000100000000000100000001000100101000010010000000010
10000100100000000000000100011101110001000010110101000100100100
00100000000000100000000000100000001000100101000010010000000010
00100000000000100000101000100010000000110100000010010000000010
00100000000000101000101000100010000000110100000010010000000010
10000100100000000000000100010001110010000010100101000100000101
00101000000000101000101000100010000000110100000010010000000010
00100000000000100000000000100000001000100101000010010000000010
10000100100000000000000100011101110001000010110101000110100100
10000100100000000000000100011101110001000010110101000110100100
00100000000000101000101000100010000000110100000010010000000010
10000100100000000000000100011101110001000010110101000100100100
00100000000000101000101000100010000000110100000010010000000010
10000100100100000000000100011101110001000010110101000100100100
10000100100000000000000100011101110001000010110101000110100100
00100000010000100000000000100000001000100101000010010000000010
00100000000000100000000000100000001000100101000010010000000010
00100000000000101000101000100010000000110100000010010000000010
00100000000000100000101000100010000000110100000010010000000010
10000100100000000000000100011101110001000010110101000100100100
00100000001000100100101000100010000000110100000010010000000010
00100000000000100000101000100010000000110100000010010000000010
00100000000000100000000000100000001000100101000010010000000010
00100000000000100000101000100010000000110100000010010000000010
00100000000000101000101000100010000000110100000010010000000010
00100000000000100000101000100010000000110100000010010000000010
00100000000000101000101000100010000000110100000010010000000010
00100000000000100000101000100010000000110100000010010000000010
00100000000000100000101000100010000000110100000010010000000010
10000100100000000000000100011101110001000010110101000110100100
00100000000000100000101000100010000000110100000010010000000010
10000100100000000000000100011101110001000010110101000100100100
00100000000000101000101000100010000000110100000010010000000010
00100000000000101000101000100010000000110100000010010000000010
00100000000000100000101000100010000000110100000010010000000010
00100000000000100001101000100010000000110100000010010000000010
10000100100000000000000100011101110001000010110101000110100100
00100000000000100000101000100010000000110100000010110000000010
00100000000000100000101000100010000000110100000010010000000010
10000100100000000000000100010001110010000010100101000100000101
00100000000000100000101000100010000000110100000010010000000010
10000100100000000010000100010001110010000010100101000100000101
00100000000000101000101000100010000000110100000010010000000010
10000100100000000000000100011101110001000010110101000100100100
00100000000000100000101000100010000000110100000010010000000010
00100000000000101000101000100010000000110100000010010000000010
00100000000000100000000000100000001000100101000010010000000010
00100000000000101000111000100010000000110100000010010000000010
10000100100001000000000100011101110001000010110101000100100100
10000100100100000000000100011101110001000010110101000100100100
10000100100000000000000100010001110010000010100101000100000101
00100000000000100000101000100010000000110100000010010000000010
00100000000000101000111000100010000000110100000010010000000010
00100000000000100000101000100010000000110100000010010000000010
00100000000000100000101000100010000000110100000010010000000010
00100000000000100000000000100000001000100101000010010000000010
10000100100100000000000100011101110001000010110101000100100100
00100000000000101000101000100010000000110100000010010000000010
00100000000000100000101000100010000000110100000010010000000010
00100000000000100000101000100010000000110100000010010000000010
00100000010000100000000000100000001000100101000010010000000010
10000100100001000000000100011101110001000010110101000100100100
00100000000000100000101000100010000000110100000010010000000010
00100000000000100000101000100010000000110100000010010000000010
00100000000000101000101000100010000000110100000010010000000010
00100000000000100000101000100010000000110100000010010000000010
00100000000000100000101000100010000000110100000010010000000010
00100000000000100000101000100010000000110100000010010000000010
10000100100000000000000100011101110001000010110101000100100100
00100000000000100000000000100000001000100101000010010000000010
10000100100100000000000100011101110001000010110101000100100100
00100000000000100000000000100000001000100101000010010000000010
00100000000000100000101000100010000000110100000010010000000010
00100000000000100000101000100010000000110100000010010000000010
00100000000000101000101000100010000000110100000010010000000010
10000100100000000000000100011101110001000010110101000100100100
00100000000000100000000000100000001000100101000010010000000010
10000100100000000000000100011101110001000010110101000100100100
00100000000000100000101000100010000000110100000010010000000010
00100000000000100000101000100010000000110100000010010000000010
00100000000000100000101010100010000000110100000010010000000010
00100000000000100000101000100010000000110100000010010000000010
00100000000000100000101000100010000000110100000010010000000010
00100000000000100000101000100010000000110100000010010000000010
10000100100000000000000100011101110001000010110101000100100100
00100000000000100000000000100000001000100101000010010000000010
00101000000000101000101000100010000000110100000010010000000010
00100000010000100000000000100000001000100101000010010000000010
00100000010000100000000000100000001000100101000010010000000010
00100000000000100000101000100010000000110100000010010000000010
10000100100000000000000100011101110001000010110101000100100100
00100000000000100000101000100010000000110100000010010000000010
10000100100010000000000100011101110001000010110101000110100100
00100000000000100000101000100010000000110100000010010000000010
00100000000000100000101000100010000000110100000010010000000010
10000100100000000000000100011101110001000010110101000100100100
00100000000000100000000000100000001000100101000010010000000010
10000100100000000000000100011101110001000010110101000100100100
00100000000000100000101000100010000000110100000010010000000010
00100000000000100000101000100010000000110100000010010000000010
00100000000000100000101000100010000000110100000010010000000010
00100000000000101000111000100010000000110100000010010000000010
00100000000000100000000000100000001000100101000010010000000010
00101000000000101000101000100010000000110100000010010000000010
00100000000000100000101000100010000000110100000010010000000010
00100000000000100000101000100010000000110100000010010000000010
00100000000000100000000000100000001000100101000010010000000010
10000100100000000000000100011101110001000010110101000110100100
00100000010000100000000000100000001000100101000010010000000010
10000100100000000000000100011101110001000010110101000100100100
00100000000000100000101000100010000000110100000010010000000010
00101000000000101000101000100010000000110100000010010000000010
00100000000000100000101000100010000000110100000010010000000010
00100000000000100000101000100010000000110100000010010000000010
00100000000000100000101000100010000000110100000010010000000010
00100000000000100000000000100000001000100101000010010000000010
00100000001000100100101000100010000000110100000010010000000010
10000100100000000000000100011101110001000010110101000100100100
00100000000000101000101000100010000000110100000010010000000010
10000100100100000000000100011101110001000010110101000100100100
10000100100001000000000100011101110001000010110101000100100100
00100000000000100000101000100010000000110100000010010000000010
10000100100000000000000100011101110001000010110101000100100100
00100000000000100000101000100010000000110100000010010000000010
00100000000000100000101000100010000000110100000010010000000010
10000100100000000000000100011101110001000010110101000100100100
10000100100000000000000100011101110001000010110101000110100100
00100000000000100000101000100010000000110100000010010000000010
00100000000000101000101000100010000000110100000010010000000010
00100000000000101000101000100010000000110100000010010000000010
00100000010000100000000000100000001000100101000010010000000010
10000100100000000000000100011101110001000010110101000100100100
10000100100010000000000100011101110001000010110101000110100100
00100000000000100000000000100000001100100101000010010000001010
10000100100000000000000100011101110001000010110101000100100100
00100000000000100000101000100010000000110100000010010000000010
10000100100001000000000100011101110001000010110101000100100100
10000100100000000000000100011101110001000010110101000100100100
00100000010000100000000000100000001000100101000010010000000010
00100000010000100000000000100000001000100101000010010000000010
00100000000000100000000000100000001000100101000010010000000010
00100000000000100000101000100010000000110100000010010000000010
00100000000000100000101000100010000000110100000010010000000010
00100000000000101000111000100010000000110100000010010000000010
00100000000000100000101000100010000000110100000010010000000010
00101000000000101000101000100010000000110100000010010000000010
10000100100000000000000100011101110001000010110101000110100100
10000100100000000000000100011101110001000010110101000110100100
00100000000000101000111000100010000000110100000010010000000010
00100000000000101000111000100010000000110100000010010000000010
10000100100000000000000100010001110010000010100101000100000101
10000100100000000000000100011101110001000010110101000100100100
10000100100000000000000100010001110010000010100101000100000101
00100000000000101000101000100010000000110100000010010000000010
00100000000000100000101000100010000000110100000010010000000010
00100000000000100000101000100010000000110100000010010000000010
10000100100000000000000100011101110001000010110101000100100100
10000100100001000000000100011101110001000010110101000100100100
10000100100000000000000100011101110001000010110101000100100100
10000100100000000000000100011101110001000010110101000100100100
00100000000000101000101000100010000000110100000010010000000010
00100000000000100000000000100000001000100101000010010000000010
10000100100001000000000100011101110001000010110101000100100100
00100000000000100000000000100000001000100101000010010000000010
00100000000000100000101000100010000000110100000010110000000010
10000100100001000000000100011101110001000010110101000100100100
00100000010000100000000000100000001000100101000010010000000010
00100000000000100000101000100010000000110100000010010000000010
00101000000000101000101000100010000000110100000010010000000010
00101000000000101000101000100010000000110100000010010000000010
00100000010000100000000000100000001000100101000010010000000010
00100000000000101000101000100010000000110100000010010000000010
00100000001000100100101000100010000000110100000010010000000010
00100000000000100000000000100000001000100101000010010000000010
00100000000000100000000000100000001000100101000010010000000010
00100000000000100000000000100000001000100101000010010000000010
10000100100000000000000100011101110001000010110101000110100100
00100000000000100000101000100010000000110100000010010000000010
10000100100000000000000100011101110001000010110101000110100100
10000100100000000000000100011101110001000010110101000110100100
00101000000000101000101000100010000000110100000010010000000010
00100000000000100000000000100000001000100101000010010000000010
10000100100000000000000100011101110001000010110101000100100100
10000100100000000000000100011101110001000010110101000100100100
00100000000000100000101000100010000000110100000010010000000010
00100000000000101000101000100010000000110100000010010000000010
00100000000000101000101000100010000000110100000010010000000010
00100000000000100000101000100010000000110100000010010000000010
00100000000000100000000000100000001000100101000010010000000010
10000100100010000000000100011101110001000010110101000110100100
00100000000000101000101000100010000000110100000010010000000010
10000100100000000000000100011101110001000010110101000100100100
00100000000000100000101000100010000000110100000010010000000010
00100000000000100000000000100000001000100101000010010000000010
00100000000000101000101000100010000000110100000010010000000010
10000100100100000000000100011101110001000010110101000100100100
00100000000000100000101000100010000000110100000010010000000010
00100000001000100100101000100010000000110100000010010000000010
10000100100000000000000100010001110010000010100101000100000101
10000100100100000000000100011101110001000010110101000100100100
10000100100000000000000100010001110010000010100101000100000101
00100000000000100000000000100000001000100101000010010000000010
00100000000000100000101000100010000000110100000010010000000010
00100001000000100000101000100010000000110100000010010000000010
00101000000000101000101000100010000000110100000010010000000010
00100000000000101000101000100010000000110100000010010000000010
10000100100010000000000100011101110001000010110101000110100100
00100000000000101000101000100010000000110100000010010000000010
00100000000000100000101000100010000000110100000010010000000010
00100000000000100000101000100010000000110100000010110000000010
10000100100000000000000100011101110001000010110101000100100100
00100000000000101000101000100010000000110100000010010000000010
00100000000000101000111000100010000000110100000010010000000010
00100000000000100000101000100010000000110100000010010000000010
00100000000000100000101000100010000000110100000010010000000010
00100000000000100000101000100010000000110100000010010000000010
00100000000000100000000000100000001000100101000010010000000010
00100000000000100000101000100010000000110100000010010000000010
00100000000000101000101000100010000000110100000010010000000010
00100000000000101000101000100010000000110100000010010000000010
00100000000000100000101000100010000000110100000010010000000010
10000100100000000000000100011101110001000010110101000100100100
00100000010000100000000000100000001000100101000010010000000010
00100000000000100000101000100010000000110100000010010000000010
00100000000000100000000000100000001000100101000010010000000010
10000100100000000000000100011101110001000010110101000100100100
00100000000000101000111000100010000000110100000010010000000010
10000100100000000000000100011101110001000010110101000100100100
00100000000000100000101000100010000000110100000010010000000010
00100000000000101000101000100010000000110100000010010000000010
00100000000000101000101000100010000000110100000010010000000010
10000100100100000000000100011101110001000010110101000100100100
00100000010000100000000000100000001000100101000010010000000010
00100000000000100000101000100010000000110100000010010000000010
10000100100000000000000100011101110001000010110101000100100100
00100000000000101000101000100010000000110100000010010000000010
00100000000000100000101000100010000000110100000010010000000010
10000100100000000000000100011101110001000010110101000100100100
00100000000000101000101000100010000000110100000010010000000010
00100000000000101000101000100010000000110100000010010000000010
10000100100100000000000100011101110001000010110101000100100100
10000100100000000000000100011101110001000010110101000110100100
00100000000000100000101000100010000000110100000010010000000010
00100000000000100000101000100010000000110100000010010000000010
10000100100000000000000100011101110001000010110101000100100100
00100000000000100001101000100010000000110100000010010000000010
10000100100100000000000100011101110001000010110101000100100100
10000100100100000000000100011101110001000010110101000100100100
00100000000000100000101000100010000000110100000010010000000010
10000100100000000000000100011101110001000010110101000100100100
00100000000000100000101000100010000000110100000010010000000010
00100000000000100000000000100000001000100101000010010000000010
00100000000000101000101000100010000000110100000010010000000010
00100000000000101000101000100010000000110100000010010000000010
00100000000000100000101000100010000000110100000010010000000010
00100000000000100000101000100010000000110100000010010000000010
00100000010000100000000000100000001000100101000010010000000010
00100000000000100000101000100010000000110100000010010000000010
10000100100000000000000100011101110001000010110101000100100100
10000100100000000000000100011101110001000010110101000100100100
00100000000000100000101000100010000000110100000010010000000010
00100000000000100000000000100000001000100101000010010000000010
00100000000000100000000000100000001000100101000010010000000010
10000100100000000000000100011101110001000010110101000110100100
10000100100000000000000100010001110010000010100101000100000101
10000100100001000000000100011101110001000010110101000100100100
00100000000000100000101000100010000000110100000010010000000010
11000100100000000000000100011101110001000010110101000100100100
10000100100100000000000100011101110001000010110101000100100100
00100000000000100000101000100010000000110100000010010000000010
00100000000000100000101000100010000000110100000010010000000010
00100000000000100000101000100010000000110100000010010000000010
00100000000000100001101000100010000000110100000010010000000010
00100000000000101000101000100010000000110100000010010000000010
00100000010000100000000000100000001000100101000010010000000010
10000100100000000000000100011101110001000010110101000100100100
00100000000000101000101000100010000000110100000010010000000010
00100000000000100000101000100010000000110100000010010000000010
00100000000000101000111000100010000000110100000010010000000010
10000100100000000000000100011101110001000010110101000100100100
00100000000000100000101000100010000000110100000010010000000010
10000100100000000000000100011101110001000010110101000110100100
10000100100000000000000100011101110001000010110101000100100100
00100000000000100000101000100010000000110100000010010000000010
10000100100000000000000100011101110001000010110101000100100100
00100000000000100000000000100000001000100101000010010000000010
10000100100000000000000100011101110001000010110101000100100100
00100000000000100000000000100000001000100101000010010000000010
00100000000000101000111000100010000000110100000010010000000010
00100000000000100000101000100010000000110100000010010000000010
00100000000000100000101000100010000000110100000010010000000010
00100000010000100000000000100000001000100101000010010000000010
10000100100010000000000100011101110001000010110101000110100100
00100000000000100000101000100010000000110100000010010000000010
00100000000000101000101000100010000000110100000010010000000010
10000100100000000000000100011101110001000010110101000100100100
00100000000000100000000000100000001000100101000010010000000010
11000100100000000000000100011101110001000010110101000100100100
00100000000000101000111000100010000000110100000010010000000010
10000100100000000000000100010001110010000010100101000100000101
10000100100001000000000100011101110001000010110101000100100100
10000100100000000000000100011101110001000010110101000100100100
00100000000000100000000000100000001000100101000010010000000010
00100000000000100000101000100010000000110100000010010000000010
10000100100000000000000100011101110001000010110101000100100100
10000100100010000000000100011101110001000010110101000110100100
00100000000000100000101000100010000000110100000010010000000010
10000100100000000000000100011101110001000010110101000100100100
00100000000000101000101000100010000000110100000010010000000010
00100000000000101000101000100010000000110100000010010000000010
00100000000000100001101000100010000000110100000010010000000010
00100000000000100000101000100010000000110100000010010000000010
10000100100010000000000100011101110001000010110101000110100100
10000100100000000000000100011101110001000010110101000110100100
10000100100000000000000100011101110001000010110101000100100100
10000100100000000000000100011101110001000010110101000100100100
00100000010000100000000000100000001000100101000010010000000010
00100000000000100000101000100010000000110100000010010000000010
00100000010000100000000000100000001000100101000010010000000010
00100000000000100000000000100000001000100101000010010000000010
00100000000000100000101000100010000000110100000010010000000010
00100000010000100000000000100000001000100101000010010000000010
00100000000000100001101000100010000000110100000010010000000010
10000100100000000000000100011101110001000010110101000110100100
00100000000000101000101000100010000000110100000010010000000010
00100000000000100000101000100010000000110100000010010000000010
10000100100000000000000100011101110001000010110101000100100100
00100000000000100000101000100010000000110100000010010000000010
00100000000000100000101000100010000000110100000010010000000010
10010100100000000000000100011101110001000010110101000100100100
00100000000000100000101010100010000000110100000010010000000010
00100000000000100000101000100010000000110100000010010000000010
10000100100000000000000100011101110001000010110101000100100100
10000100100100000000000100011101110001000010110101000100100100
00100000000000100000101000100010000000110100000010110000000010
10000100100000000000000100011101110001000010110101000100100100
00100000000000100000101000100010000000110100000010010000000010
00100000000000100000101000100010000000110100000010010000000010
00100000000000100000000000100000001000100101000010010000000010
00100000000000101000101000100010000000110100000010010000000010
00100000000000100000000000100000001000100101000010010000000010
00100000010000100000000000100000001000100101000010010000000010
00100000000000100000101010100010000000110100000010010000000010
00100000000000101000101000100010000000110100000010010000000010
00100000000000100000101000100010000000110100000010010000000010
00100000000000100000101000100010000000110100000010010000000010
00100000000000100000000000100000001000100101000010010000000010
10000100100000000000000100011101110001000010110101000100100100
00100000000000100000101000100010000000110100000010110000000010
00100000000000100000101000100010000000110100000010010000000010
00100000010000100000000000100000001000100101000010010000000010
00100000000000100000000000100000001000100101000010010000000010
00100000000000101000111000100010000000110100000010010000000010
10000100100000000000000100011101110001000010110101000100100100
00100000000000100000101000100010000000110100000010010000000010
00100000000000100000101010100010000000110100000010010000000010
00100000000000100000101000100010000000110100000010010000000010
00100000000000101000101000100010000000110100000010010000000010
10000100100000000000000100011101110001000010110101000100100100
10000100100000000000000100011101110001000010110101000100100100
10000100100000000000000100011101110001000010110101000100100100
10000100100000000000000100011101110001000010110101000100100100
10000100100000000000000100010001110010000010100101000100000101
10000100100100000000000100011101110001000010110101000100100100
00100000010000100000000000100000001000100101000010010000000010
00100000000000100000000000100000001000100101000010010000000010
10000100100000000000000100011101110001000010110101000110100100
00101000000000101000101000100010000000110100000010010000000010
00100000000000100000101000100010000000110100000010010000000010
00100000000000100000101000100010000000110100000010010000000010
00100000000000100000101000100010000000110100000010010000000010
00100000000000100000101000100010000000110100000010010000000010
00100000000000100000101000100010000000110100000010010000000010
00100000000000100000101000100010000000110100000010010000000010
00100000000000101000111000100010000000110100000010010000000010
00100000010000100000000000100000001000100101000010010000000010
10000100100000000000000100011101110001000010110101000100100100
00100000000000101000101000100010000000110100000010010000000010
00100000000000100000101000100010000000110100000010010000000010
10000100100100000000000100011101110001000010110101000100100100
00100000010000100000000000100000001000100101000010010000000010
00100000001000100100101000100010000000110100000010010000000010
00100000000000100000000000100000001000100101000010010000000010
10000100100000000000000100011101110001000010110101000100100100
00100000000000101000111000100010000000110100000010010000000010
00100000000000100000101000100010000000110100000010010000000010
00100000000000101000111000100010000000110100000010010000000010
00100000000000100000101000100010000000110100000010110000000010
00100000010000100000000000100000001000100101000010010000000010
00100000000000101000101000100010000000110100000010010000000010
00100000000000100000101000100010000000110100000010010000000010
00100000000000101000101000100010000000110100000010010000000010
00100000000000100000101000100010000000110100000010010000000010
00100000000000101000101000100010000000110100000010010000000010
00100000000000101000101000100010000000110100000010010000000010
10000100100000000000000100011101110001000010110101000100100100
00100000000000100000000000100000001000100101000010010000000010
00100000000000100000101000100010000000110100000010010000000010
00100000000000101000101000100010000000110100000010010000000010
00100000000000100000101000100010000000110100000010010000000010
00100000000000100000000000100000001000100101000010010000000010
00100000000000100000000000100000001000100101000010010000000010
00100000000000100000101000100010000000110100000010010000000010
00100000000000100000101000100010000000110100000010010000000010
10000100100000000000000100011101110001000010110101000110100100
10000100100000000000000100011101110001000010110101000100100100
10000100100000000000000100011101110001000010110101000100100100
10000100100100000000000100011101110001000010110101000100100100
10000100100100000000000100011101110001000010110101000100100100
00100000000000101000101000100010000000110100000010010000000010
00100000000000100000101000100010000000110100000010010000000010
00100000000000100000000000100000001000100101000010010000000010
00100000000000100000101000100010000000110100000010010000000010
00100000000000101000101000100010000000110100000010010000000010
00100000000000100000101000100010000000110100000010010000000010
00100000000000100000101000100010000000110100000010010000000010
10000100100000000000000100011101110001000010110101000100100100
00100000000000100000101000100010000000110100000010010000000010
00100000000000100000101000100010000000110100000010010000000010
00100000000000101000101000100010000000110100000010010000000010
00101000000000101000101000100010000000110100000010010000010010
00100000000000100000000000100000001000100101000010010000000010
00100000000000100000000000100000001000100101000010010000000010
00100000000000100000000000100000001000100101000010010000000010
10000100100000000000000100011101110001000010110101000110100100
10000100100000000000000100011101110001000010110101000100100100
00100000000000101000111000100010000000110100000010010000000010
00100000000000100000101010100010000000110100000010010000000010
10000100100000000000000100011101110001000010110101000110100100
00100000000000100000000000100000001000100101000010010000000010
10000100100000000000000100011101110001000010110101000110100100
00100000000000100000101000100010000000110100000010110000000010
00100000000000101000101000100010000000110100000010010000000010
00101000000000101000101000100010000000110100000010010000010010
00100000000000100000000000100000001000100101000010010000000010
00100000000000101000101000100010000000110100000010010000000010
10000100100000000000000100011101110001000010110101000100100100
00100000000000100000101000100010000000110100000010010000000010
00100000010000100000000000100000001000100101000010010000000010
10000100100000000000000100011101110001000010110101000100100100
00101000000000101000101000100010000000110100000010010000000010
00100000000000100000101000100010000000110100000010010000000010
00100000000000100000101000100010000000110100000010010000000010
10000100100000000000000100011101110001000010110101000100100100
00100000000000100000000000100000001000100101000010010000000010
10000100100000000000000100011101110001000010110101000100100100
00100000000000100000101000100010000000110100000010010000000010
00100000000000100000101010100010000000110100000010010000000010
00100000000000101000101000100010000000110100000010010000000010
00100000000000101000101000100010000000110100000010010000000010
10000100100000000000000100011101110001000010110101000100100100
10000100100000000000000100011101110001000010110101000110100100
00100000000000101000101000100010000000110100000010010000000010
10000100100100000000000100011101110001000010110101000100100100
00100000000000100000101000100010000000110100000010010000000010
10000100100000000000000100011101110001000010110101000100100100
00100000000000101000111000100010000000110100000010010000000010
00100000000000101000101000100010000000110100000010010000000010
00100000000000101000101000100010000000110100000010010000000010
00100000000000100000000000100000001000100101000010010000000010
10000100100001000000000100011101110001000010110101000100100100
00100000000000100000101000100010000000110100000010010000000010
10000100100000000000000100011101110001000010110101000110100100
00100000000000100000101000100010000000110100000010010000000010
00100000000000100000101000100010000000110100000010010000000010
00100000000000100000000000100000001000100101000010010000000010
11000100100000000000000100011101110001000010110101000100100100
00100000000000100000101000100010000000110100000010010000000010
00100000000000100000000000100000001000100101000010010000000010
00100000000000100000000000100000001000100101000010010000000010
00100000000000100000000000100000001000100101000010010000000010
00100000000000101000101000100010000000110100000010010000000010
00100000000000100000101000100010000000110100000010010000000010
00100000000000100000000000100000001000100101000010010000000010
10000100100000000000000100011101110001000010110101000110100100
00100000000000100000000000100000001000100101000010010000000010
00100000000000100000101000100010000000110100000010010000000010
00100000000000100000101000100010000000110100000010010000000010
00100000000000100000000000100000001100100101000010010000001010
00100000000000100000101000100010000000110100000010010000000010
10000100100000000000000100010001110010000010100101000100000101
10000100100000000000000100011101110001000010110101000100100100
10000100100000000000000100011101110001000010110101000100100100
00100000000000100000101000100010000000110100000010010000000010
00100000000000100000000000100000001000100101000010010000000010
00100000000000100000000000100000001000100101000010010000000010
00100000000000100000101000100010000000110100000010110000000010
00100000000000100001101000100010000000110100000010010000000010
00100000000000101000101000100010000000110100000010010000000010
10000100100100000000000100011101110001000010110101000100100100
00101000000000101000101000100010000000110100000010010000000010
00101000000000101000101000100010000000110100000010010000000010
10000100100100000000000100011101110001000010110101000100100100
00100000000000100000000000100000001000100101000010010000000010
00100000000000100000101000100010000000110100000010010000000010
00100000000000100000101000100010000000110100000010010000000010
00100000000000100000101000100010000000110100000010110000000010
00100000000000100000101000100010000000110100000010010000000010
00100000000000101000101000100010000000110100000010010000000010
00100000010000100000000000100000001000100101000010010000000010
10000100100001000000000100011101110001000010110101000100100100
00100000000000100000000000100000001000100101000010010000000010
00100000000000101000101000100010000000110100000010010000000010
10000100100100000000000100011101110001000010110101000100100100
00100000000000101000101000100010000000110100000010010000000010
00101000000000101000101000100010000000110100000010010000000010
00100000000000101000101000100010000000110100000010010000000010
10000100100000000000000100011101110001000010110101000100100100
00100000000000100000101000100010000000110100000010110000000010
00100000000000100000101000100010000000110100000010010000000010
10000100100000000000000100011101110001000010110101000100100100
00100000000000101000101000100010000000110100000010010000000010
00100000000000100000101000100010000000110100000010010000000010
10000100100000000000000100011101110001000010110101000110100100
00100000000000101000111000100010000000110100000010010000000010
00100000000000100000101000100010000000110100000010010000000010
10000100100000000000000100010001110010000010100101000100000101
10000100100000000000000100011101110001000010110101000110100100
00100000000000100000101000100010000000110100000010010000000010
00100000000000101000101000100010000000110100000010010000000010
10000100100000000000000100011101110001000010110101000100100100
10000100100000000000000100011101110001000010110101000100100100
10000100100100000000000100011101110001000010110101000100100100
10000110100000000000000100011101110001000010111101000100100100
10000100100000000000000100011101110001000010110101000100100100
00100000000000100000101000100010000000110100000010010000000010
00100000000000101000101000100010000000110100000010010000000010
10000100100001000000000100011101110001000010110101000100100100
10000100100000000000000100010001110010000010100101000100000101
10000100100010000000000100011101110001000010110101000110100100
00100000000000100000101000100010000000110100000010010000000010
00100000000000100000101000100010000000110100000010010000000010
00100000010000100000000000100000001000100101000010010000000010
10000100100000000000000100011101110001000010110101000100100100
00100000000000101000101000100010000000110100000010010000000010
00100000000000100000101000100010000000110100000010010000000010
00100000000000100000101000100010000000110100000010010000000010
00100000000000100000101000100010000000110100000010010000000010
10000100100100000000000100011101110001000010110101000100100100
00100000000000100000000000100000001000100101000010010000000010
00100000000000101000101000100010000000110100000010010000000010
00100000000000100000101000100010000000110100000010110000000010
00100000000000101000101000100010000000110100000010010000000010
10000100100001000000000100011101110001000010110101000100100100
10000100100000000000000100011101110001000010110101000100100100
00100000000000100000101000100010000000110100000010010000000010
00100000000000101000101000100010000000110100000010010000000010
00100000000000101000101000100010000000110100000010010000000010
00100000000000100000101000100010000000110100000010010000000010
00100000000000101000101000100010000000110100000010010000000010
00100000000000100000101000100010000000110100000010010000000010
10000100100100000000000100011101110001000010110101000100100100
00100000010000100000000000100000001000100101000010010000000010
10000100100100000000000100011101110001000010110101000100100100
00100000000000101000111000100010000000110100000010010000000010
10000100100001000000000100011101110001000010110101000100100100
10000100100000000000000100011101110001000010110101000100100100
10000100100001000000000100011101110001000010110101000100100100
00100000000000101000101000100010000000110100000010010000000010
00100000001000100100101000100010000000110100000010010000000010
10000100100000000000000100011101110001000010110101000100100100
00100000000000100000101000100010000000110100000010010000000010
00100000000000101000101000100010000000110100000010010000000010
10000100100000000000000100011101110001000010110101000100100100
00100000000000100000101000100010000000110100000010010000000010
00100000000000100000101000100010000000110100000010010000000010
10000100100000000000000100011101110001000010110101000100100100
00100000000000100000101000100010000000110100000010010000000010
00100000000000100000101000100010000000110100000010010000000010
10000100100001000000000100011101110001000010110101000100100100
00100000000000100000101000100010000000110100000010110000000010
00100000000000101000101000100010000000110100000010010000000010
10000100100000000000000100011101110001000010110101000100100100
00100000000000100000101000100010000000110100000010010000000010
00100000010000100000000000100000001000100101000010010000000010
00100000000000100000101000100010000000110100000010010000000010
00100000000000100000101000100010000000110100000010010000000010
10000100100000000000000100011101110001000010110101000100100100
00100000000000100000101000100010000000110100000010010000000010
00100000000000100000101000100010000000110100000010010000000010
00100000000000100000101000100010000000110100000010010000000010
10000100100000000000000100011101110001000010110101000100100100
10000100100000000000000100011101110001000010110101000100100100
00101000000000101000101000100010000000110100000010010000000010
00100000000000101000111000100010000000110100000010010000000010
10000100100100000000000100011101110001000010110101000100100100
10000100100000000000000100011101110001000010110101000110100100
00100000000000100000101000100010000000110100000010010000000010
00100000000000101000101000100010000000110100000010010000000010
00100000000000101000101000100010000000110100000010010000000010
00100000000000101000111000100010000000110100000010010000000010
00100000000000100000101000100010000000110100000010010000000010
10000100100100000000000100011101110001000010110101000100100100
10000100100000000000000100011101110001000010110101000100100100
00101000000000101000101000100010000000110100000010010000000010
10000110100000000000000100011101110001000010111101000100100100
00100000000000100000101000100010000000110100000010010000000010
00100000000000100000101000100010000000110100000010010000000010
10000100100000000000000100011101110001000010110101000100100100
00100000010000100000000000100000001000100101000010010000000010
00100000000000100000101000100010000000110100000010110000000010
00100000000000100000101000100010000000110100000010110000000010
00100000000000100000101000100010000000110100000010010000000010
00100000000000101000101000100010000000110100000010010000000010
00100000000000101000101000100010000000110100000010010000000010
00100000000000100000101000100010000000110100000010010000000010
00100000000000100000101000100010000000110100000010010000000010
00100000000000100000101000100010000000110100000010110000000010
10000100100000000000000100010001110010000010100101000100000101
00100000000000101000101000100010000000110100000010010000000010
00100000000000100000101000100010000000110100000010010000000010
00100000000000100000000000100000001000100101000010010000000010
10000100100000000000000100011101110001000010110101000100100100
10000100100100000000000100011101110001000010110101000100100100
00100000000000100000000000100000001000100101000010010000000010
00100000000000100000000000100000001000100101000010010000000010
10000100100001000000000100011101110001000010110101000100100100
10000100100000000000000100011101110001000010110101000110100100
10000100100001000000000100011101110001000010110101000100100100
00100000000000100000101000100010000000110100000010010000000010
00100000000000101000111000100010000000110100000010010000000010
10000100100001000000000100011101110001000010110101000100100100
00100000000000100000101000100010000000110100000010010000000010
10000100100000000000000100011101110001000010110101000100100100
10000100100001000000000100011101110001000010110101000100100100
00100000000000101000101000100010000000110100000010010000000010
00100000000000100000000000100000001000100101000010010000000010
00100000000000100000101000100010000000110100000010010000000010
10000100100000000000000100011101110001000010110101000100100100
00100000000000100000101000100010000000110100000010010000000010
00101000000000101000101000100010000000110100000010010000000010
00100000000000100000000000100000001000100101000010010000000010
00100000000000101000101000100010000000110100000010010000000010
00100000000000100000000000100000001000100101000010011000000010
00100000000000100000101000100010000000110100000010010000000010
00100000000000101000101000100010000000110100000010010000000010
10000100100000000000000100011101110001000010110101000100100100
10000100100000000000000100011101110001000010110101000110100100
00100000000000101000101000100010000000110100000010010001000010
10000100100000000000000100011101110001000010110101000100100100
00100000000000100000101000100010000000110100000010010000000010
00100000000000101000101000100010000000110100000010010000000010
10000100100000000000000100011101110001000010110101000100100100
00100000000000100000101000100010000000110100000010010000000010
00100000000000100000101010100010000000110100000010010000000010
10000100100000000000000100011101110001000010110101000100100100
10000100100100000000000100011101110001000010110101000100100100
00100000000000100000101000100010000000110100000010010000000010
10000100100001000000000100011101110001000010110101000100100100
00100000000000101000101000100010000000110100000010010000000010
00100000000000100000101000100010000000110100000010010000000010
10000100100000000000000100011101110001000010110101000100100100
10000100100000000000000100011101110001000010110101000110100100
00100000000000100000101000100010000000110100000010010000000010
00100000000000100000101000100010000000110100000010010000000010
00100000000000100000101000100010000000110100000010010000000010
00100000000000101000101000100010000000110100000010010000000010
00100000000000100000101000100010000000110100000010010000000010
00100000000000100000101000100010000000110100000010010000000010
10000100100000000000000100011101110001000010110101000100100100
00100000000000100000000000100000001000100101000010010000000010
00100000000000100000101000100010000000110100000010010000000010
00100000000000100000000000100000001000100101000010010000000010
10000100100001000000000100011101110001000010110101000100100100
10000100100000000000000100011101110001000010110101000100100100
00100000000000100000000000100000001000100101000010010000000010
00100000000000100000000000100000001000100101000010010000000010
10000100100000000000000100011101110001000010110101000100100100
10000100100010000000000100011101110001000010110101000110100100
00100000000000100000101000100010000000110100000010010000000010
10000100100001000000000100011101110001000010110101000100100100
00100000000000100000000000100000001000100101000010010000000010
10000100100000000000000100011101110001000010110101000100100100
00100000000000100000101000100010000000110100000010010000000010
00100000000000100000101000100010000000110100000010010000000010
10000100100000000000000100011101110001000010110101000100100100
00100000000000100000101000100010000000110100000010010000000010
00100000000000100000101000100010000000110100000010010000000010
10000100100001000000000100011101110001000010110101000100100100
10000100100000000000000100011101110001000010110101000100100100
00100000000000100000000000100000001000100101000010010000000010
00100000000000101000101000100010000000110100000010010000000010
00100000000000100000101000100010000000110100000010110000000010
00100000000000100000000000100000001000100101000010010000000010
10000100100000000000000100011101110001000010110101000100100100
00100000000000101000101000100010000000110100000010010000000010
00100000000000100000101000100010000000110100000010010000000010
10000100100010000000000100011101110001000010110101000110100100
00100000000000100000101000100010000000110100000010010000000010
00100000001000100100101000100010000000110100000010010000000010
00100000000000100000101000100010000000110100000010010000000010
00100001000000100000101000100010000000110100000010010000000010
00100000000000100000101000100010000000110100000010010000000010
00100000000000100000000000100000001000100101000010010000000010
00100000000000100000101000100010000000110100000010010000000010
00100000000000101000111000100010000000110100000010010000000010
00100000000000100000101000100010000000110100000010010000000010
10000100100000000000000100011101110001000010110101000100100100
00100000001000100100101000100010000000110100000010010000000010
00100000000000101000101000100010000000110100000010010000000010
00100000000000101000101000100010000000110100000010010000000010
00100000000000100000101000100010000000110100000010010000000010
10000100100100000000000100011101110001000010110101000100100100
00100000010000100000000000100000001000100101000010010000000010
00100000000000100000000000100000001000100101000010010000000010
00100000000000101000101000100010000000110100000010010000000010
00100000010000100000000000100000001000100101000010010000000010
00100000000000100000101000100010000000110100000010010000000010
00100000000000101000101000100010000000110100000010010000000010
00100000000000100000101000100010000000110100000010010000000010
10000100100100000000000100011101110001000010110101000100100100
00100000000000100000101000100010000000110100000010010000000010
10000100100000000000000100011101110001000010110101000100100100
10000100100000000000000100010001110010000010100101000100000101
00100000000000100000000000100000001000100101000010010000000010
00100000000000100000101000100010000000110100000010010000000010
00100000000000101000101000100010000000110100000010010000000010
00100000000000100000000000100000001000100101000010010000000010
00100000000000101000101000100010000000110100000010010000000010
00100000000000101000101000100010000000110100000010010000000010
10000100100000000000000100011101110001000010110101000110100100
00100000000000100000000000100000001000100101000010010000000010
00100000000000100000000000100000001000100101000010010000000010
10000100100100000000000100011101110001000010110101000100100100
00100000000000100000101000100010000000110100000010010000000010
00100000000000100000101010100010000000110100000010010000000010
00100000000000100000101000100010000000110100000010010000000010
10000100100000000000000100011101110001000010110101000110100100
00100000000000100000101000100010000000110100000010110000000010
00100000000000101000111000100010000000110100000010010000000010
00100000000000101000101000100010000000110100000010010000000010
10000100100000000000000100011101110001000010110101000100100100
10000100100010000000000100011101110001000010110101000110100100
00100000000000101000101000100010000000110100000010010000000010
00100000000000100000101000100010000000110100000010010000000010
00100000000000101000101000100010000000110100000010010000000010
00100000000000100000101000100010000000110100000010010000000010
00100000000000100000101000100010000000110100000010010000000010
10000100100000000000000100011101110001000010110101000100100100
10000100100000000000000100011101110001000010110101000110100100
00100000000000100001101000100010000000110100000010010000000010
00100000000000100000101000100010000000110100000010010000000010
00100000000000100000101000100010000000110100000010010000000010
10000100100000000000000100011101110001000010110101000100100100
00100000000000100000000000100000001000100101000010010000000010
10000100100000000000000100011101110001000010110101000110100100
00100000000000100000000000100000001000100101000010010000000010
00100000000000101000111000100010000000110100000010010000000010
00100000000000100000101000100010000000110100000010010000000010
10000100100000000000000100011101110001000010110101000100100100
10000100100000000000000100011101110001000010110101000110100100
00100000000000101000101000100010000000110100000010010000000010
10000100100000000000000100011101110001000010110101000100100100
00100000000000100000101000100010000000110100000010010000000010
