C:\Users\Paula\DOCUME~1\GitHub\QuBar\ms.exe 1000 1 -t 10 -G 20 
59243

//
segsites: 40
positions: 0.0685 0.0711 0.1107 0.1476 0.1525 0.1573 0.1779 0.1795 0.2558 0.2644 0.2932 0.2999 0.3560 0.3666 0.4041 0.4739 0.4923 0.4994 0.5363 0.5780 0.5869 0.5990 0.6543 0.6835 0.7121 0.7184 0.7389 0.7492 0.7597 0.8176 0.8178 0.8433 0.8564 0.8821 0.8925 0.8989 0.9221 0.9596 0.9689 0.9696 
0000000000000000000000000000000001000100
0001000000000000000000000000010000000000
0000000000000000000000000000000001000100
0000000000000000000000000000000001000100
0000000000000000000000000000000001000100
0000000000000000000000000000000001000100
0000100000000000000000000000000001000100
0000000000000000000000000000000001000100
0000000000000000000000000000010000000000
0000000000000000000000000000000001000100
0000000000000000000000000000000001000100
0000100000000000000000000000000001000100
0000100000000000000000000000000001000100
0000000000000000000000000000000000000010
0000000000000000000000000000000000000010
0000100000000000000000000000000001000100
0000000000000000000000000000000001000100
0000000000000000000000000000000000000010
0000000000000000000000000000000000000010
0000000000000000000000000000000001000100
0000000000000000000000000000000001000100
0000000000000000000000000000000001000100
0000000000000000000000000000000000000000
0000000000000000000000000000000000000010
0000000000000000000000000000000001000100
0000000000000000000000000000000001000100
0000000000000000000000000000000001000100
0000000000000000010000000000000001000100
0000000000000000000000000000000001000100
0000000000000000000000000000000000000010
0000000000010000000000000000000001100100
0000000000000000000000000000000001000101
0000000000000000000000000000000001000100
0000000000010000000000000000000001100100
0000000000000000000000000000000001000100
0000000000000000000000000000000001000101
0000000000000000000000000000000000000000
0000000000000000010000000000000001000100
0000000000000000000000000000000001000100
0000000000000000000000000000000001000100
0000000000000000000000000000000001000100
0000000000000000000000000000000000000000
0000000000000000000000000000000000000010
0000000000000000000000000000000001000100
0000000000000000000000000000000001000100
0000000000000000000000000000000001000100
0000100000000000000000000000000001000100
0000000000000000010000000000000001000100
0000000000000000000000000000000001000101
0000000000000000000000000000000000000010
0000000000000000000000000000000001000100
0000000000000000000000000000000001000100
0000000000000000010000000000000001000100
0000100000000000000000000000000001000100
0000000000000000000000000000010000000000
0000000000000000000100000000000000010000
0001000000000000000000000000010000000000
0000010000000000000000000000000001000100
0000000000000000000000000010000001000100
0000000000000000000000000000000000000010
0000000000000000000000000000000001000100
0000000000000000000000000000010000000000
0000000000000000000000000000000000000010
1000000000000000000000000000000000000000
0000000000000000000100000000000000010000
0000000000000000000000000000010000000000
0000000000000000000000000000000000000000
0000000000000000000000000000000000000000
0000000000000000000001000000000001000100
0000000000000000000000000000000001000100
0000000000000000010000000000000001000100
0000000000000000000000000000010000000000
0000100000000000000000000100000001000100
0000000100000000000000000000000000000000
0000000000000000000000000000000001000101
0000100000000000000000000000000001000100
0000000000010000000000000000000001100100
0000000000000000000000000000000000000010
0000000000000000000000000000000000000000
0000100000000000000000000000000001000100
0000000000000000000000000000000001000100
0000000000000000000000000000000001000100
0000000000000000000000000000000000000000
0000000000000000000000000000000001000100
0000000000000000000000000000010000000000
0000000000000000000000000000000001000100
0000000000000000000000000000000001000100
0000000000010000000000000000000001100100
0000000000000000000000000000000001000100
0000000000000000000000000000010000000000
0000000000000000000000000000000001000100
0000000000000000000000000000010000000000
0000000000000000000000000000000001000100
0000001000000000000000000000010000000000
0000000000000000000000000000000001000100
0000000000000000000000000000000001000100
0000000000000000000000000000000001000100
0000000000000000000000000000000001000100
0000000000000000000000000000000001000100
0000000000010000000000000000000001100100
0000000000000000000000000000000000000010
0000000000000000000000000000000000000000
0000000000000000000000000000000001000101
0000000000000000000000000000010000000000
0000000000000000000000000000000000000010
0000000000000000000000001000000001000100
0000000000000000000000000000000001000100
0000000000000000000000000000000001000100
0000000000000000000000000000000001000100
0000000000000000000000000000000001000100
0000000000000000000000000000000001000100
0000000000010000000000000000000001100100
0000000000000000000000000000000000000000
0000000000000000000000000000000001000100
0000000000000000000100000000000000010000
0000000000000000000100000000000000010000
0000000000000000000000000000000001000100
0000000000000000000000000000000001000100
0000000000010000000000000000000001100100
0000000000000000000000000000000001000100
0000000000000000000000000000000001000100
0000100000000000000000000000000001000100
0000000000010000000000000000000001100100
0000000000010000000000000000000001100100
0000000000000000000000000000000001000100
0000000000000000000000000000000001000100
0000000000000000000000000000000000000010
0000000000000000000000000000000001000100
0000000000000000000000000000000001000100
0000000000000000000000000000010000000000
0000000000000000000000000000010000000000
0000000000000000000100000000000000010000
0000000000000000000000000000000001000100
0000000000000000000000000000000001000100
0000000000000000000000000000000000000000
0000000000000000000000000000000001000100
0000000000000000000000000000000001000100
0000000000000000000000000000000001000100
0000000000000000000000000000010000000000
0000000000000000000000000000010000000000
0000000000000000000000000000010000000000
0000000000000000000100000000000000010000
0000000000000000000000000000000001000100
0000000000000000000000000000000001000100
0000000000000000000001000000000001000100
0000000000000000000000000000000001000100
0000000000000000000000000000000000000000
0000000000000000000000000000000000000000
0000000000000000000000000000000001000100
0010000000100000000000000000000001000100
0000100000000000000000000000000001000100
0000000000000000000000000000000001000100
0000000000000000000000000000000001000100
0000000000000000000000000000000001000100
0000000000000000000000000000000001000100
0000000000000000000000000000000001000100
0000000000000000000000000000000001000100
0000000000000000000000000000000000000000
0000000000000000000000000000000001000100
0000000000000000000000000000000001000100
0000000000000000000000000000000001000100
0000000000010000000000000000000101100100
0000000000000000000000000000000001000100
0000000000000000000000000000000000000000
0000000000000000000000000000010000000000
0000000000000000000000000000000000000010
0000100000000000000000000000000001000100
0000000000000000000100000000000000010000
0000000000000000000100000000000000010000
0000000000000000000001000000000001000100
0000000000000000000000000000000000000010
0000000000000000000000000000000001000100
0000000000000000000000000000000001000100
0000000000000000000000000000000000000010
0000000000000000000000000000000001000100
0000000100000000000000000000000000000000
0000100000000000000000000000000001000100
0000000000000000000000000000000000000010
0000000000000000000000000000000001000100
0000000000000000000000000000000000000010
0000000000000000000000000000000001000100
0000000000010000000000000000000001100100
0000000000000000000000000000000001000100
0000000000000000000000000000000001000100
0000000000000000000100000000000000010000
0000000000000000000000000000000000000010
0000000000000000000000000000000001000100
0000000000000000000000000000000001000100
0000000000000000000000000000010000000000
0000000000000000000000000000000001000100
0000000000000000000000000000000001000100
0000000000000000000000000000000000000010
0000100000000000000000000000000001000100
0000000000000000000000000000000001000100
0000100000000000000000000000000001000100
0000000000000000000000000000010000000000
0000000000000000000000000000000001000100
0000000000000000000000000000000001000100
0000000000000000000000000000000001000101
0000000000000000000000000000000001000100
0000000000000000000000000000000001000100
0000100000000000000000000000000001000100
0000000000000000000000000000000001000100
0000000000000000000000000000010000000000
0000000000010000000000000000000001100100
0000000000000000000000000000000001000100
0000000000010000000000000000000001100100
0000000000000000000000000000000000000010
0000100000000000000000000000000001000100
0000000000000000000000000000000000000010
0000000000010000000000000000000001100100
0000000000000000000000000000000000000010
0000000000000000000001000000000001000100
0000000000000000000100000000000000010000
0000000000000000000000000000000000000010
0000000000000000000000000000000001000100
0000000000000000000000000000000000000000
0000000000000000000000000000000001000100
0000000000000000000000000000000001100100
0000000000000000000000000000010000000000
0000000000000000000000000000000000000000
0000000000000000000000000000000001000100
0000000000000000000000000000000001000100
0000000001000000000000000000000000000010
0000000000000000000000010000000001000100
0000000000000000000000000000000000000010
0000000000000000000000000000010000000000
0000000000000000000000000000000001000100
0000000000000000000000000000000000000010
0000000000000000000000000000000000000000
0000000000000000000000000000010000000000
0000000000000000000000000000000001000100
0000000000000000000000000000010000000000
0000000000000000000000000000000001000100
0000100000000000000000000000000001000100
0000000000000000000000000000000001000100
0000000000000100000000000000000001000100
0000000000000000000000000000000000000010
0000000000000000000100000000000000010000
0000000000000000000000000000000001000100
0000000000000000000000000000000001000100
0000000000000000000000000000000001000100
0000000000000000000000000000000001000100
0000000000000000000000000000000001000100
0000000000000000000000000000000001000100
0000000000000000000000000000000000000010
0000000000000000000000000000000001000100
0000000000000000000000000000000001000100
0000000000000000000000000000000000000010
0000000000000000000000000000000001000100
0000000000000000000000000000010000000000
0000000000000000000000000000000001000100
0000000000001001000000000000000001000100
0000000000000000000000000000000001000100
0000100000000000000000000000000001000100
0000000000000000000000000000000001000100
0000000000000000000000000000010000000000
0000000000010000000000000000000001100100
0000000000000000000000000000000000000010
0000000000000000010000000000000001000100
0001000000000000000000000000010000000000
0000000000000000000000000000000001000100
0000000000000000000000000000010000000000
0000000100000000000000000000000000000000
0000000000000000000000000000000001000100
0000000000000000000100000000000000010000
0000000000000000000000000000000001000100
0000000000000000000000000000000000000000
0000000000000000000000000000000000000000
0000000000000000000000000000010000000000
0000000000000000000000000000000001000100
0000000000000000000000000000000001000100
0000000000000000000000000000000001000100
0000000000010000000000000000000001100100
0000000000000000000000000000000001000100
0000000000000000000000000000000001000100
0000000000000000000000000000000001000100
0000100000000000000000000000000001000100
0000000000000000000000000000000000000010
0000000000000000000000000000000001000100
0000100000000000000000000000000001000100
0000000000000000000000000000000001000100
0000000000000000000000000000010000000000
0000000000000000000000000000010000000000
0000000000000000000000000000000001000100
0000000000000000000000000000000001000100
0000000000000000000000000000000001000100
0000000000000000000000000000000000000000
0000000000000000000000000000000001000100
0000000000000000000000000000000001000100
0000000000000000000000000000000000000010
0000000000000000000000000000010000000000
0000000000000000000000000000000001000100
0000000000010000000000000000000001100100
0000000000010000000000000000000001100100
0000000000000000000000000000010000000000
0000000000000000000000000000000001000100
0000000000000000000000000000000001000100
0000000000000000000000000000000000000010
0000000000000000000000000000010000000000
0000000000000000000000000000000001000100
0000000000000000000000000000000001000100
0000000000000000000000000000000001000100
0000000000000000000100000000000000010000
0000000000000000000000000000000001000100
0000000000000000000000000000000001000100
0000000000000000000000000000000001000100
0000000000000000000000000000000001000100
0000000000000000000000000000000000000000
0000000000000000000000000000000001100100
0000000000000000000000000000000001000100
0000000000000000000000000000010000000000
0000000000000000000000000000000001000100
0000000000000000000000000000000001000100
0000000000000000000000000000000001000100
0000000000000000000000000000000000000010
0000000000000000000000000000000001000100
0000000000000000000000000000010000000000
0000000000000100000000000000000001000100
0000000000000000000000000000000001000101
0000000000000000000000000000000001000100
0000000000010000000000000000000001100100
0000000000000000000000000000000000000000
0000000000000000000000000000000001000100
0000000000000000000000000000000001000100
0000000000000000000000000000000001000100
0000100000000000000000000000000001000100
0000000000000000000000000000000001100100
0000100000000000000000000000000001000100
0000000000000000000000000000000000000010
0000000000000000000000000000000001000100
0000000000000000000000000000000001000100
0000100000000000000000000000000001000100
0000000000000000000000000000000001000100
0000100000000000000000000000000001000100
0000100000000000000000000000000001000100
0000000000000000000000000000000001000100
0000000000000000000000000000000001000100
0000000000000000000000000000000001000100
0000000000000000000000000000000000000010
0000000000000000000000000000000000000010
0000100000000000000000000100000001000100
0000000000000000000000000000000001000100
0000000000000000000000000000000000000000
0000000000000000000000000000010000000000
0000000000000000000000000000000001000100
0000000000000000000000000000000001000100
0000000000000000000000000000000000000010
0000000000000000000000000000000001000100
0000000000000000000000000000000000000000
0000000000000000000000000000000001000101
0000000000000000000000000000000000000000
0000000000000000000000000000010000000000
0000000000000000000000000000000001000100
0000000000000000000000000000000001000100
0000000000010000000000000000000101100100
0000000000000000000000000000000001000100
0000000000000000000000000000000001000100
0000100000000000000000000000000001000100
0001000000000000000000000000010000000000
0000000000000000000000000000000001000100
0000000000000000000000000000000000000010
0000000000010000000000000000000101100100
0000000000000000000000000000000000000010
0000000000000100000000000000000001000100
0000000000000000000000000000000001000100
0000000000000000000000000000000001000100
0000000000000000000100000000000000010000
0000000000000000000000000000000000000000
0000000000000000000000000000000001000100
0000000000000000000000000000000000000010
0000000000000000000000000000010000000000
0000000000000000000000000000000001000100
0000000000000000000000000000000001000100
0000000000000000000000000000000001000100
0000000000001001000000000000000001000100
0000000000000000000000000000000001000100
0000000000000000000000000000000001000100
0000000000000000000000000000000000000010
0000000000000000000100000000000000010000
0000100000000000000000000000000001000100
0000000000000000000000000000000000000010
0000100000000000000000000000000001000100
0000000000000000000000000000000001000100
0000000000000000000000000000000001000100
0000000000000000000000000000010000000000
0000000000000000000000000000000001000100
0000000100000000000000000000000000000000
0000000000000000000000000000000001000101
0000000000000000000000000000000001000100
0000000000000000000000000000000001000100
0000000000000000000000000000000001000100
0000000000000000000000000000000000000000
0000000000000000000000000000000000000010
0000000000000000000000000000000001000100
0000000000000000000000000000000001000100
0000000000000000000000000000000001000100
0000000000000000000000000000000000000000
0000100000000000000000000000000001000100
0000000000000000000000000000000000000010
0000000000000000000000000000000001000100
0000000000000000000000000000000000000010
0000000000000000000000010000000001000100
0000000000000000000000000000000001000100
0000000000000000000000000000000001000100
0000000000000000000000000000000001000100
0000000000000000000000000000000001000100
0000000000000000000000000000000001000100
0000000000000000000000000000010000000000
0000000000000000000100000000000000010000
0000000000000000000000000000000001000100
0000000000000000000000000000000001000100
0000000000000000000000000000000001000100
0000100000000000000000000100000001000100
0000000000000000000000000000000001000100
0000000000000000000100000000000000010000
0000000000000000000000000000000001000100
0000100000000000000000000000000001000100
0000000000000000000000000000000000000010
0000000000000000000000000000000001000100
0000000000000000000000000000000001000100
0000000000000000000000000000010000000000
0000000000000000000000000000000000000010
0000000000000000000000000000000000000010
0000000000010000000000000000000001100100
0000100000000000000000000000000001000100
0000000000010000000000000000000001100100
0000000000000000000000000000000001000100
0000000000000000000000000000000011000100
0000000000000000000000000000000000000000
0000000000000000000000000000000001000100
0000000000000000000000000000000001000100
0000100000000000000000000000000001000100
0000000000000000000000000000000001000100
0000000000000000000000000000000001000100
0010000000100000000000000000000001000100
0000000000000000000000000000000001000100
0000100000000000000000000000000001000100
0000000100000000000000000000000000000000
0000000000000000000000000000000001000100
0000000000000000000000000000000000000010
0000000000000000000000000000000001000100
0000000000000000000000000000000001000100
0000000000000000000000000000000001000100
0000000000000000000000000000000000000010
0000000000000000000000000000000001100100
0000000000000000000000000000000000000000
0000000000000000000000000000000000000010
0000000000000000000000000000000001000100
0000000000000000000000000000000001000100
0000000000000000000000000000000000000000
0000000000000000000000000000000000000010
0000000000000000000000000000000001000100
0000000000000000000000000000000001000100
0000000000000000000000000000000001000100
0000000000000000000000000000000001000100
0000000000000000000000000000000001000100
0000000000000000000000000000000001000100
0000000000000000000100000000000000010000
0000000000000000000000000000000001000100
0000000000010000000000000000000001100100
0000000000000000000000000000000000000010
0000000000000000000000000000000001000100
0000000000000000000000000000000000000000
0000000000000000000000000000000001000100
0000000000000000000000000000000001000101
0000000000000000000000000000000000000010
0000100000000000000000000000000001000100
0000000000000000000000000000000001000100
0000000000000000000000000000000000000010
0000000000000000010000000000000001000100
0000000000000000000000000000000000000010
0000000000000000000000000000000001000100
0000100000000000000000000000000001000100
0000000000000000000000000000000000000010
0000000000000000000000100000000001000100
0000000000000000000000000000000001000100
0000000000000000000000001000000001000100
0000000000000000000000000000000001000100
0000000000000000000000000000000000000010
0000000000010000000000000000000001100100
0000000000000000000000000000000000000010
0000000000000000000000000000000000000010
0000000000000000000000000000000000000010
0000000000000000000000000000000000000010
0000000000000000000000000000000000000010
0000000000000000000100000000000000010000
0000000000000000000000000000000000000010
0000000000010000000000000000000001100100
0000000000000000000000000000000001000100
0000000000000000000000000000000001000100
0000000000000000000000000000000001000100
0000000000000000000000000000000001000100
0000000000000000000000000000000001000100
0000000000000000000000000000010000000000
0000000000000000000000000000000000000010
0000000000000000000000000000000001000100
0000000000000000000000000000000001000100
0000000000000000000001000000000001000100
0000000000000000000000000000000001000100
0000100000000000000000000000000001000100
0000000000000000000000000000000001000100
0000100000000000000000000000000001000100
1000000000000000000000000000000000000000
0000000000000000000001000000000001000100
0000000000000000000000000000000000000000
0000000000000000000000000000010000000000
0000000000000000000000000000000000000000
0000000000000000000000000000010000000000
0000000000010000000000000000000001100100
0000000000000000000000000000000001000100
0000000000000000000000000000000001000100
0000000000000000000000000000000001000100
0000000000000000000000000000000001000100
0000000000000000000000000000010000000000
0000000000010000000000000000000001100100
0000000000000000000000000000000000000010
0000000100000000000000000000000000000000
0000000000000000000000000000000001000100
0000100000000000000000000000000001000100
0000000000000000000000000000000000000010
0000000000000000000000000000000001000100
0000100000000000000000000000000001000100
0000000000010000000000000000000001100100
0000000000000000000000000000000000000010
0000000000010000000000000000000001100100
0000000000000000000000000000000001000100
0000000000000000000100000000000000010000
0000000000000000000000000000000001000100
0000000000000000000000000000000000000010
0000000000000000000000000000000000000000
0000000000000000000000000000000001000100
0000000000000000000000000000000001000100
0000000000000000000000000000000001000100
0000000000000000000000000000000001000100
0000000000000000000000000000000001000100
0000000000010000000000000000000001100100
0000000000000000010000000000000001000100
0000000000000000000000000000000001000100
0000000000000000000000000000000001000101
0000000000000000100000000000000000000000
0000000000000000000000000000000000000010
0000000000000000000000000000000001000100
0000000000010000000000000000000001100100
0000000000000000000000000000000000000010
0000000000000000000000000000000000000010
0000000000000000000000000000000000000010
0000000000000000000000000000000000000010
0000000000000000000000000000000001000100
0000000000000000000000000000000001000100
0000000000000000000000000000000001000100
0000000000000000000000000000000001000100
0000000000000000000000000000000001000100
0000000000000000000000000000000001000100
0000000000000000000000000000000001000100
0000000000000000000000000000000001000100
0000000000000000000000000000000001000100
0000000000000000000000000000000001000100
0000000000010000000000000000000001100100
0000000000000000000000000000000000000010
0000000000000000000000000000000000000010
0000000000010000000000000000000001100100
0000000000000000000000000000000001000100
0000000000000000000000000000000000000010
0000000000000000000000000000000001000100
0000000000000000000000000000010000000000
0000000000000000000000000000000001000100
0000000000000000000000000000000001001100
0000000000000000000000000000000000000010
0000000000000000000000000000000001000100
0000000000000000000000000000000000000010
0000000000000000000000000000000001000100
0000000000000000000000000000000001000100
0000000000000000000000000000010000000000
0000000000000000000000000000000001000100
0000000000000000000000000000000000000010
0000000000000000000000000000000001000100
0000000000000000000000000000000001000100
0000000000000000000000000000010000000000
0000000000000000000000000000000001000100
0000000100000000000000000000000000000000
0000000000000000000000000000000001000100
0000000000000000000000000000000001100100
0000000000000000000000000000000001000100
0000100000000000000000000000000001000100
0000000000000000000000000000000001000100
0000000000000000000000000000010000000000
0000000000010000000000000000000001100100
0000000000000000010000000000000001000100
0000000000000000000000000000010000000000
0000100000000000000000000000000001000100
0000000000000000000000000000000001000100
0000000000000000000000000000000001000100
0000000000000000000000000000010000000000
0000000000000000000000000000000000000010
0000100000000000000000000000000001000100
0000000000000000000000000000000000000010
0000000000000000000000000000000000000000
0000100000000000001000000000000001000100
0000000000000000000000000000000000000010
0000000000000000000000000000000001000100
0000000000000000000000000000000001000100
0000000000000000000000000000010000000000
0000000000000000000000000000000001000100
0000000000000000000000000000000001000100
0000000000000000000000000000000000000000
0000000000000000000000000000010000000000
0000000000000000000000000000000001000100
0000000000000000000000000000000000000010
0000000000000000000000000000000001000100
0000100000000000000000000000000001000100
0000000000000000000000000000000001000100
0000100000000000000000000000000001000100
0000000000000000000000000000000001000100
0000000000000000000000000000000000000010
0000000000000000000000000000000001000100
0000000000000000000000000000000001000100
0000000000000000000000000000000001000100
0000000000000000000000000000000001000100
0000000000000000000000000000000001000100
0000000000000000000000000000010000000000
0000000000000000000000000000000001000100
0000000000000000000000000000000001000100
0000000000000000000000000000010000000000
0000000000000000000000000000000000000010
0000100000000000000000000000000001000100
0000000000000000000000000000000001000100
0000000000010000000000000000000101100100
0000000000000000000000000000000001000100
0000000000000000000000000000000001000100
0000000000000000000000000000000001000100
0000000000000000000000000000000001000100
0000000000000000000000000000000000000000
0000000000000000000000000000000000000000
0000000000000000000000000000000001000100
0000000000000000000000000000000001000100
0000000000000100000000000000000001000100
0000000000000000000000000000000001000100
0000000000000000000010000000000001000100
0000000000000000000000000000000000000010
0000000000000000000001000000000001000100
0000000000000000000000000000000001000101
0000000000000000000000000000000000000010
0000000000000000000100000000000000010000
0000000000000000000000000000000000000010
0000000000000000000000000000010000000000
0000000000010000000000000000000101100100
0000000000000000000000000000000001000100
0000000000000000000000000000000000000010
0000000000000000000000000000000000000000
0000000000000000000000000000000000000010
0000000000000000000000000000000001000100
0000100000000000000000000000000001000100
0000000000000000000000010000000001000100
0000000000010000000000000000000001100100
0000000000000000000000000000000001000101
0000000000000000000000000000000000000010
0000000000000000000000000000000000000010
0000000000000000000000000000000001000100
0000000000000000000000000000000001000100
0000000000000000000000000000000001000100
0000000000000000000000000000000001000100
0000000000000000000000000000010000000000
0000000000000000000000000000000000000010
0000000000000000000000000000000000000010
0000000000000000000100000000000000010000
0000000000000000000000000000000000000000
0000000000000000000000000000000001000100
0000000000000000000000000000010000000000
0000000000010000000000000000000001100100
0000000000001001000000000000000001000100
0000000000000000000000000000000001000100
0000000000000000000000000000000001000100
0000000000000000000000000000010000000000
0000000000000000000000000000000000000000
0000000000000000000001000000000001000100
0000100000000000000000000000000001000100
0000000000000000000000000000000001000100
0000000000000000000000000000000001000100
0000000000000000000000000000000001000100
0000000000000000000000000000000001100100
0000000000000000000000000000000001000100
0000000000000000000000000000000001000100
0000000000000000000000000000010000000000
0000100000000000000000000000000001000100
0000000000000000000000000000000001000100
0000000000000000000000000000000000000010
0000000000000000000000000000000001000100
0000000000000000000000000000000001000100
0000000000000000000000000000000001000100
0000000000000000000100000000000000010000
0000000000000000000000000000000001000101
0000000000000000000100000000000000010000
0000000000000000000000000000000001000100
0000000000000000000000000000000000000010
0000000000000000000000000000000001000100
0000000000000000000000000000000000000000
0000000000000000000000000000000001000100
0000000000000000000000000000000001000100
0000000000000000000000000000000001000100
0000000000000000000000000000000001000100
0000000000000000000000000000000001000100
0000000000000000000000000000000000000010
0000000000000000000000000000000001000100
0000000000000000000000000000000000000010
0000000000000000000000000000000001000100
0000000000000000000000000000000001000100
0000000000010000000000000000000001100100
0000000000000000000000000000000001000100
0000000000000000000000000000000000000000
0000000000000000000000000000000001000100
0000000000000000000000000000000000000000
0000000000000000000000000000000000000010
0000000000000000000000000000000001000100
0000000000000000000000000000000001000100
0000000000000000000000000000000001000100
0000000000000000000000000000000000000010
0000000000000000000000000000000001000100
0000000000000000000000000000000001000100
0000000000000000000000000000000001000100
0000100000000000000000000000000001000100
0000000000000000000000000000000001000100
0000000000000000000000000000000001000100
0000000000000000000000000000000001000100
0000000000000000000000000000000000000010
0000000000010000000000000000000001100100
0000000000000000000000000000000001000100
0000000000000000000000000000000001000100
0000100000000000000000000000000001000100
0000000000000000000000000000000001000100
0000100000000000000000000000000001000100
0000000000000000000100000000000000010000
0000000000000000000000000000000001000100
0000000000000000000000000000000000000010
0000000000000000000000000000000001000100
0000000000000000000000000000000001000100
0100000000000000000000000000000001000100
0000000000010000000000000000000001100100
0000000000000000000000001000000001000100
0000000000000000000000000000000001100100
0000000000000000000000000000000001000101
0000000000000000000000000000000001000100
0000100000000000000000000000000001000100
0000000000000000000000000000000000000000
0000000000000000000000000000000001000100
0000000000000000000000000000000000000000
0000000000000000000000000000000001000100
0000000000000000000000000000000001000100
0000000000000000000000000000000001000100
0000000000000000000000000000000001000100
0000000000000000000000000000000001000100
0000000000000000000000000000000001000100
0000000000000000000000000000000000000000
0000000000000000000000000000000001000101
0000000000000000000000000000000000000010
0000000000000000000000000000010000000000
0000000000010000000000000000000001100100
0000100000000000000000000000000001000100
0000000000000000000000000000000000000000
0000000000000000000000000000000001000100
0000000000000000000000000000000001000100
0000000000000000000000000000000001000100
0000000000000000000000000000000001000100
0000000000000000000000000000000001001100
0000000000000000000000000000000001000100
0001000000000000000000000000010000000000
0000000000000000000000000000000000000010
0000000000000000000000000000000000000000
0000000000000000000000000000000001000100
0000000000000000000000000000000000000000
0000000000000000000000000000000001000100
0000100000000000000000000000000001000100
0000000000000000000000000000000000000000
0000000000000000000000000000000000000010
0000000000000000000000000000000001000100
0000000000000000000000000000000001000100
0000000000000000000000000000000001000100
0000000000000000010000000000000001000100
0000000000000000000000000000000001000100
0000000000000000000100000000000000010000
0000000000010000000000000000000001100100
0000000000000000000000000000000001000100
0000000000000000000000000000000001000100
0000000000000000000100000000000000010000
0000000000010000000000000000000001100100
0000000000000000000000000000000001000100
0000000000000000000000000000010000000000
0000000000000000000000000000000001000100
0000000000000000000000000000000001000100
0000000000000000000000000000000001000100
0000000000000000000000000000000001000100
0000000100000000000000000000000000000000
0000000000000000000000000000000001000100
0000100000000000000000000000000001000100
0000000000000000000000000000000001000100
0000000000010000000000000000000001100100
0000000000000000000000000000010000000000
0000000000000000000000000000000001000100
0000000000000000000000000000000001000100
0000000000000000000000000000000000000010
0000000000000000000000000000000001000100
0000000000000000000000000000000000000010
0000000000000000000000000000000001000100
0000000000000000000000000000000001000100
0000000000000000000000000000000000000010
0000000000000000000000000000000000000010
0000000000000000000000000000010000000000
0000000000000000000000000000000001000100
0000000000000000000000000000000001100100
0000000000000000000000000000000000000010
0000000000000000010000000000000001000100
0000000000000000000000000000000001000100
0000000000000100000000000000000001000100
0000000000000000000000000000000001000100
0000000000000000000000000000000001000100
0000000000000000000000000000000001000101
0000000000000000000000000000000001000100
0000000100000000000000000000000000000000
0000000000000000000000000000000001000100
0000000000000000000000000000000000000010
0000000000000000000000000000000000000000
0000000100000000000000000000000000000000
0000000100000000000000000001000000000000
0000100000000000000000000000000001000100
0000000000010000000000000000000001100100
0000000000000000000000000000000000000010
0000000000000000000000000000000001000100
0000000000000000000000000000000001000100
0000000000000000000000000000000001000100
0000000000000000000000000000000000000000
0000000000000000000000000000000001000100
0000000000000000000000000000000001000100
0000100000000000000000000000000001000100
0000000000000000000000000000000001000100
0000100000000000000000000000000001000100
0000000000000000000000000000000001000100
0000000000000000000000000000000000000010
0000000000000000000000000000000001000100
0000000000000000000000000000000001000100
0000000000000000000000000000010000000000
0000000000000000000000000000000001000100
0000000000000000000100000000000000010000
0000000000000000000000000000000000000000
0000000000000000000000000000000001000100
0000000000000000000100000000000000010000
0000000000000000000000000000010000000000
0000000100000000000000000000000000000000
0000000000000000000000000000000000000010
0000000000000000000000000000000001000100
0000000000000000000000000000000001000100
0000000000000000000100000000000000010000
0000000000000000000000000000000001000100
0000000000000010000000000000000001000100
0000000000000000000000000000000001000100
0000000000000000000000000000000001000100
0000000000010000000000000000000101100100
0000000000000000000000000000010000000000
0000000000000000000000000000000001000100
0000000000010000000000000000000001100100
0000000000010000000000000000000001100100
0000000000000000000000000000000001000100
0000000000000000000000001000000001000100
0000000000000000000000000000000000000010
0000000000000000000000000000000000000010
0000000000010000000000000000000001100100
0000000000000000000000000000000000000000
0000000000000000000000000000000000000010
0000000000000000000000000000000000000010
0000000000000000000000000000000001000100
0000000000000000000000000000000001000100
0000000000000000000000000000000001000100
0000000000000000000000000000000001000100
0000000000000000000000000000110000000000
0000000000000000000000000000000001000100
0000000000000000000000000000000001000100
0000000000000000000000000000000001000100
0000000000000000000000000000010000000000
0100000000000000000000000000000001000100
0000000000000000000100000000000000010000
0000000000000000000000000000000000000010
0000000000000000000000000000000001000100
0000000000000000000000000000000001000100
0000000000000000000000000000000001000100
0000100000000000000000000000000001000100
0000000000000000000000000000000001000100
0000000000000000000000000000000001000100
0000000000000000000000000000000001000100
0000100000000000000000000000000001000100
0000000000000000000000000000000001000100
0000000000000000000000000000000001000100
0000000000000000000000000000000001000100
0000000000000000000000000000000001000100
0000000000000000000000000000000000000010
0000000000000000000000000000000001000100
0000000000000000000000000000010000000000
0000000000000000000000000000000001000100
0000000000000000000000000000000000000010
0000000000000000000000000000001001000100
0000000000010000000000000000000001100100
0000000000000000000000000000000000000000
0000000000000000000000000000000001000100
0000000100000000000000000000000000000000
0000000000000000000000000000000001000100
0000000000010000000000000000000001100100
0000000000000000000000000000000001000100
0000000000000000000000000000000001000100
0000000000010000000000000000000001100100
0000000000000000000000000000000001000100
0000000000000000000000000000000000000000
0000000000000000000000000000000001000100
0000000100000000000000000000000000000000
0000000000000000000000000000000001000100
0000000000000000000001000000000001000100
0000000000000000000000000000010000000000
0000000000000000000000000000000001000100
0000000000000000000000000000000001001100
0000000000010000000000000000000001100100
0000000000000000000000000000000000000010
0000000000000000000000000000000001000100
0000000010000000000000000000000001000100
0000000000000000000000000000000000000010
0000100000000000000000000000000001000100
0000000000000000000000000000000001000100
0000100000000000000000000000000001000100
0000000000000000000000000000000001000100
0000000000000000000000000000000000000010
0000000000000000000000000000010000000000
0000000000000000000000000000000001000100
0000000000000000000000000000000001000100
0000000000000000000000000000010000000000
0000000000010000000000000000000101100100
0000000000000000000100000000000000010000
0000100000000000000000000100000001000100
0000000000000000000000000000000001000100
0000000000000000000000000000000000000010
0000000000000000000000000000010000000000
0000000000000000000000000000000001000100
0000000000000000000000000000000001000100
0000000000000000000100000000000000010000
0000010000000000000000000000000001000100
0000000000010000000000000000000001100100
0000000000000000000000000000010000000000
0000000000000000000000000000000000000010
0000000000000000000000000000000001000100
0000000000010000000000000000000001100100
0000000000000000000000000000000001000100
0000000000010000000000000000000001100100
0000000000000000000100000000000000010000
0000000000010000000000000000000001100100
0000000000000000000000000000010000000000
0000100000000000000000000000000001000100
0000000000000000000000000000000000000010
0000100000000000000000000100000001000100
0000000000000000000000000000010000000000
0000000000000000000000000000000000000010
0000000000000000000100000000000000010000
0000000000000000000000000000000001000100
0000000000000000000000000000010000000000
0000000000000000000100000000000000010000
0000000000000000000000000000000001000100
0000000000000000000000000000000001100100
0000000000000000000100000000000000010000
0000000000000000000000000000000001000100
0000000000000000000000000000000001000100
0000000000000000000000000000000001000100
0000100000000000000000000000000001000100
0000000000000000000001000000000001000100
0000000000000000000000000000000001000100
0000000000000000000000000000000001000100
0000000000000000000000000000000001000100
0000000000000000000000000000000001000100
0000000000000000000000000000000011000100
0000000000000000000000000000000000000010
0000000000000000000000000000000001000100
0000000000000000000100000000000000010000
0000000000000000000000000000000001000100
0000100000000000000000000000000001000100
0000000000000000000000000000000001000100
0000100000000000000000000100000001000100
0000000000010000000000000000000001100100
0000000000000000000000000000000000000000
0000000000000000000000000000000001000100
0000000000000000000000000000000001000100
0000100000000000000000000000000001000100
0000000000000000000000000000000001000100
0000000000000000000000000000010000000000
0000100000000000000000000000000001000100
0000000000000000000000000000000001000100
0000000000000000000100000000000000010000
0000000000000000010000000000000001000100
0000000000000000000000000000000000000010
0000000000000000000100000000000000010000
0000000000000000000100000000000000010000
0000000000000000000000000000000001000100
0000000000000000000000000000000001000100
0000000000000000000000000000000001000100
0000000000000000000000000000000000000010
0000000000000000000000000000000001000100
0000000100000000000000000000000000000000
0000000000000000000000000000000001000101
