C:\Users\Paula\DOCUME~1\GitHub\QuBar\ms.exe 1000 1 -t 15 -G 10 
13325

//
segsites: 73
positions: 0.0003 0.0020 0.0161 0.0173 0.0269 0.0296 0.0370 0.0549 0.0717 0.0738 0.0775 0.0832 0.0925 0.1075 0.1125 0.1144 0.1222 0.1230 0.1472 0.1627 0.1745 0.1872 0.1888 0.1889 0.1944 0.2078 0.2137 0.2164 0.2475 0.2643 0.2784 0.3030 0.3055 0.3131 0.3259 0.3351 0.3423 0.3605 0.3745 0.4202 0.4437 0.4539 0.4572 0.4604 0.4706 0.5257 0.5396 0.5411 0.5456 0.5794 0.5822 0.6000 0.6012 0.6086 0.6495 0.6581 0.6606 0.7318 0.7495 0.7497 0.7758 0.7827 0.8135 0.8422 0.8434 0.8717 0.8741 0.8898 0.8936 0.9290 0.9358 0.9723 0.9918 
0000000000000000000000000000000000000000000000000000000000000100000000010
0000000000000100000000000000000000000000000000000000000000000000000110000
0000100001000100000000000000000000000000000000000000000000000000000100000
0100000000000100000000000000000000000000000000000000000000000000000110000
0000000000000000010000000000000000000001000000010000000000000000100000000
0000000000000000000000000000010000000000000000000000000000000000000000000
0000000000000000010000000000000000000001000000010000000000000000100000000
0100000000000100000000000000000000000000000000000000000000000000000110000
0000000000100000000000000000000000000000000000000000000000000010000000000
0000000000000000000000000000000000000000000000000000000000000000000000001
0000000000000100000000000001000000000000000000000000000000000000000100000
0000000000000000010010000000000000010001000000000000000000000000000000000
0000000000000000000000000000000000000000000000000000000000000000000000000
0000000000000000000000000000000000000000000000000000000000000000000000000
0000000000000000010000000000000000000001000000010000000000000000100000000
0000000000000000010000000000000000000001000000010000000000000000100000000
0000000000000000000000000000010000000000000000000000000000000000000000000
0000000100000000000000000000000000000000000000000000000000000000000000001
0000000000000000010000000000000000000001000000010000000000000000000000000
0000100001000100000000000000000000000000000000000000000000000000000100000
0000000000000000000000000000000000000000010000000000000000000000000000010
0000000000000000000000000000000000000000000000100000000000000000000000010
0000000000000010010000000000000000000001000000010000000000000000000000000
0000000000010000000000000000000000000000000000000000000000000000000000010
0000000000000000010010000000000000010001000000000000000000000000000000000
0000000010000000010000000000000000010001000000000000000000000000000000000
0000000000000000000000000000000100000000000000000000000001000000000000000
0000000000000100000000000001000000000000000000000000000000000000000101000
0000000000000000000000000000010000000000000000000000000000000000000000000
0000000000000000010000000000000010000001000000000000000000000000000000000
0000100001000100000000000000000000000000000000000000000000000000000100000
0000000000000100000000000001000000000000000000000000000000000000000100000
0000000000000000000000000000000000000000000000000000000000000000000000010
0100000000000100000000000000000000000000000000000000000000000000000110000
0000000000000000000000000000000000000000000000000000000000000000000000000
0100000000000100000000000000000000000000000000000000000000000000000110000
0000000000000000000000000000000000000000000000100000000000000000000000010
0100000000000100000000000000000000000000000000000000000000000000000110000
0000000000000000000000000000010000000000000000000000000000000000000000000
0000000000000010010000000000000000000001000000010000000000000000000000000
0000000000000010010000000000000000000001000000010000000000000000000000000
0000000000000000000000000000000000000000000000000000000000000000000000000
0000000000010000000000000000000000000000000000000000000000000000000000010
0000000000000000010000000000000000000001000000010000000000000000000000000
0000000000000000000000000000010000000000000000000000000000000000000000000
0000000000000000000000000000000000000000000000000000000000000000000000000
0000000000000000000000000000000000000000000000100000000000000000000000010
0000000000000100000000000000000000000000000000000000000000000000000100000
0000001000000000000000000000010000000000000000000000000000000000000000000
0000000000000000010000000000000000000001000000010000000000000000000000000
0000000000000000000000000000000100000000000000000000000001000000000000000
0000000000000000010000000000000000010001000000000000000000000000000000000
0000000000000000000000000000000000000000000000000000000000000000000000000
0000000000000100000000000100000000000000000000000000000000000000000100000
0000000000000100000000000001000000000000000000000000000000000000000100000
0000000000000010010000000000000000000001000000010000000000000000000000000
0000000000000000000000000000000000000000000000000000000001000000000000000
0000000000000000000000000000000000000000000000100000000000000000000000010
0000000000000000000000000000000000000000000000000000000000000000000000000
0000000000000000010000000000000000000001000000010000000000000000000000000
0000000000000000000000000000010000000000000000000000000000000000000000000
0000000000000000010000000000000000000001000000010000000000000000000000000
0100000000000100000000000000000000000000000000000000000000000000000110000
0000100001000100000000000000000000000000000000000000000000000000000100000
0000100001000100000000000000000000100000000000000000000000000000000100000
0000001000000000000000000000010000000000000000000000000000000000000000000
0100000000000100000000000000000000000000000000000000000000000000000110000
0100000000000100000000000000000000000000000000000000000000000000000110000
0000000000000000010010000000000000010001000000000000000000000000000000000
0000000000000000000000000000000000000000000000000000000000000000000000001
0000100001000100000000000000000000000000000000000000000000000000000100000
0000000000000000000000000000000000000000000000000000000000000000000000000
0000000000000000010000000000000010000001000000000000000000000000000000000
0000000000000000000000000000000000000000000010000010000000000000000000001
0000000000000000000000000000000000000000000000000000000000000000000000001
0000000010000000010000000000000000010001000000000000000000000000000000000
0000000000000000010000000000000000000001000000010000000000000000000000000
0100000000000100000000000000000000000000000000000000000000000000000110000
0000000000000100000000000001000000000000000000000000000000000000000101000
0000000000000000000000000000000000000000000000100000000000000000000000010
0000000000000000010000000000000000000001000000010000000000000000000000000
0000000000000000001000000000010000000000000000000000000000000000000000000
0000000000000000000000000000000000000000000000000000000000000000000000010
0000000000000000000001000000000000000000010000000000000000000000000000010
0000000000000100000000000000000000000000000000000000000000000000000100000
0100000000000100000000000000000000000000000000000000000000000000000110000
0000000000000000000000000000000000000000000000100000000000000000000000010
0000000000000000010000000000000000000001000000010000000000000000100000000
0000000000000000000001000000000000000000010000000000000000000000000000010
0000000000000000000000000000000000000000000000000000000000000000000000000
0000000000000010010000000000000000000001000000010000000000000000000000000
0000000000000000010000000000000000000001000000000000000000000000000000000
0000000000000000000000000000010000000000000000000000000000000000000000000
0000000000000000000000000000000000000000000000000000000000000000000000000
0000000000000000100000000000000000000000000000000000010000000000000000010
0000000000000000000000000000000000000000000000001000000000000000000000000
0000000000000000000000000000010000000000000000000000000000000000000000000
0000000000000100000000000001000000000000000000000000000000000000000100000
0000000000000000010000000000000000000001000000010000000000000000100000000
0100000000000100000000000000000000000000000000000000000000000000000110000
0000000010000000010000000000000000010001000000000000000000000000000000000
0000000000000000000000000000000000000000000000100000000000000000000000010
0000000000000100000000000000000000000000000000000000000000000000000100000
0000000000000000010000000000000000000001000000010000000000000000100000000
0000100001000100000000000000000000000000000000000000000000000000000100000
0000000000000010010000000000000000000001000000010000000000000000000000000
0000000000000000000000000000010000000000000000000000000000000000000000000
0000000000000000000000000000000000000000000000000000000000000000000000010
0000000000000000000000000000000000000000000000000000000001000000000000000
0000000000000100000000000000000000000000000000000000000000000000000100000
0000000000000000000000000000000000000000000000000000000001000000000000000
0000000000000100000000000001000000000000000000000000000000000000000100000
0100000000000100000000000000000000000000000000000000000000000000000110000
0000000000000000010000000000000000000001000000000000000000000000000000000
0000000010000000010000000000000000010001000000000000000000000000000000000
0000100001000100000000000000000000000000000000000000000000000000000100000
0000000000000000000001000000000000000000010000000000000000000000000000010
0000000000000100000000000001000000000000000000000000000000000000000100000
0000000000000000000000000000000000000000000000001000000000000000000000000
0000001000000000000000000000010000000000000000000000000000000000000000000
0000000000000000000000000000010000000000000000000000000000000000000000000
0100000000000100000000000000000000000000000000000000000000000000000110000
0100000000000100000000000000000000000000000000000000000000000000000110000
0000000000000000010000000000000000000001000000010000000000000000100000000
0000000000000000000000000000000000000000000000000000000000000100000000010
0000001000000000000000000000010000000000000000000000000000000000000000000
0000000010000000010000000000000000010001000000000000000000000000000000000
0000000000000100000000000000000000000000000000000000000000000000000100000
0100000000000100000000000000000000000000000000000000000000000000000110000
0000000000000000010000000000000000000001000000010000000000000000000000000
0100000000000100000000000000000000000000000000000000000000000000000110000
0000001000000000000000000000010000000000000000000000000000000000000000000
0000000000000100000000000000000000000000000000000000000000000000000100000
0000000000000000010000000000000000000001000000000000000000000000000000000
0000000000000010010000000000000000000001000000010000000000000000000000000
0000000010000000010000000000000000010001000000000000000000000000000000000
0000000000000100000000000000000000000000000000000000000000000000000110000
0000000000000000010000000000000000000001000000000000000000000000000000000
0000000000000000000000000000000000000000000000000000000000000000000000010
0100000000000100000000000000000000000000000000000000000000000000000110000
0100000000000100000000000000000000000000000000000000000000000000000110000
0100000000000100000000000000000000000000000000000000000000000000000110000
0000000000000000000000000000000000000000000000100000000000000000000000010
0000000000000000000000000000000000000000000000000000000000000000000000000
0000000000000000010000000000000000000001000000010000000000000000100000000
0000000000000100000000000001000000000000000000000000000000000000000100000
0000000000010000000000000000000000000000000000000000000000000000000000010
0000000000000000000000000000000000000000000000000000000001000000001000000
0000000000000010010000000000000000000001000000010000000000000000000000000
0000000000000000010000000000000000000001000000010001000000000000100000000
0000000000000000010010000000000000010001000000000000000000000000000000000
0000000000000000100000000000000000000000000000000000000000000000000000010
0000000000000000000000000000000000000000000000000000000001000000000000000
1000100000000100000000000000000000000000000000000000000000000000000100000
0000000000000100000000000001000000000000000000000000000000000000000100000
0000000000000100000000000001000000000000000000000000000000000000000100000
0000000010000000010000000000000000010001000000000000000000000000000000000
0000000000000000000000000000000000000000000000000000000000000000000000001
0000000000000000000000000000000000000000000000000000000000000000000000010
0000000000010000000000000000000000000000000000000000000000000000000000010
0000000000000000000000000000000000000000000000000000000001000000000000000
0100000000000100000000000000000000000000000000000000000000000000000110000
0100000000000100000000000000000000000000000000000000000000000000000110000
0000000000000000000000000000000000000000000000000000000000000000000000000
0000000000000000000000000000010000000000000000000000000010000000000000000
0000000000000000000000000000000000000000000000000000000000000000010000010
0000000000000010010000000000000000000001000000010000000000000000000000000
0000000000000001010010000000000000010001000000000000000000000000000000000
0000000000000000010000000000000000000001000000010000000000000000000000000
0100000000000100000000000000000000000000000000000000000000000000000110000
0000000000000000000000000000000000000000000000000000000000000000000000010
0000000000000100000000000001000000000000000000000000000000000000000100000
0000000000000000100000000000000000000000000000000000000000000000000000010
0000000000000000010000000000000000000001000000010000000000000000100000000
0000000000000000000000000000000000000000000000000000000001000000000000000
0100000000000100000000000000000000000000000000000000000000000000000110000
0000000000000000010010000000000000010001000000000000000000000000000000000
0000000000000000000000000000010000000000000000000000000000000000000000000
0000000000000100000000000000000000000000000000000000000000000000000100000
0000000000000000000000000000000000000000000000000000000000000000000000000
0000000000000000000000000000000000000000010000000000000000000000000000010
0000000000000100000000000000000000000000000000000000000000000000000110000
0000100001000100000000100000000000000000000000000000000100000000000100000
0100000000000100000000000000000000000000000000000000000000000000000110000
0000000000000000000000000000000000000000000000000000000000000000000000000
0000100001000100000000000000000000000000000000000000000000000000000100000
0000001000000000000000000000010000000000000000000000000000000000000000000
0000000000000000010000000000000000000001000000000000000000000000000000000
0000000000000000000000000000010000000000000000000000000000000000000000000
0000000000000100000000000000000000000000000000000000000000000000000110000
0000000000000000000000000000000000000000000000000000000000000000000000010
0000000000000010010000000000000000000001000000010000000000000000000000000
0000000000000000000000000000000000000000000000100000000000000000000000010
0000000000000000010000000000000000000001000000010000000000000000100000000
0000000000000000000000000000000000000000000000000000000000000000000000010
0000000000000000000000000000000000000000000000000000000000000000000000000
0000100001000100000000100000000000000000000000000000000000000000000100000
0000000000000010010000000000000000000001000000010000000000000000000000000
0000000000000000010000000000000000000001000000010000000000000000000000000
0100000000000100000000000000000000000000000000000000000000000000000110000
0000000000000100000000000000000000000000000000000000000000000000000100000
0000100001000100000000000000000000000000000000000000000000000000000100000
0000000000000000000000000000000000000000010000000000000000000000000000010
0000000000000000000000000000000000000000000000000000000000000000000000000
0000000000000000000001000000000000000000010000000000000000000000000000010
0100000000000100000000000000000000000000000000000000000000000000000110000
0000000000000000010000000000000000000001000000010000000000000000100000000
0000000000000000000000000000000000000000010000000000000000000000000000010
0000000000000000010000000000000000000001000000010000000000000000000000000
0000100001000100000000000000000000000000000000000000000000000000000100000
0000000000000000000000000000000000000000000000000000000000000000000000010
0000000000000100000000000000000000000000000000000000000000000000000100000
0100000000000100000000000000000000000000000000000000000000000000000110000
0000000000000100000000000001000000000000000000000000000000000000000100000
0000000000000000010010000000000000010001000000000000000000000000000000000
0000000000000100000000000001000000001000000000000000000000000000000100000
0000000100000000000000000000000000000000100000000000000000000000000000101
0000000000000000000000000000000000000000000000000000000000000000000000000
0000000010000000010000000000000000010001000000000000000000000000000000000
0000000000000000000001000000000000000000010000000000000000000000000000010
0000000000000000000000000000000000000000000000000000000000000000000000001
0000000000000100000000000000000000000000000000000000000000000000000100000
0100000000000100000000000000000000000000000000000000000000000000000110000
0000000000000000000000000000010000000000000000000000000000000000000000000
0000000000000000000000000000010000000000000000000000000010000000000000000
0000000000000000010000000000000000000001000000010000000000000000000000000
0000000000000000000000000000000000000000000000000000000000000000000000000
0000000000000000000000000000000000000000000000000000000000000000000000001
0000000000000000000000000000000000000000000000000000000000000000000000001
0000000000000000010000000000000010000101000000000000000000000000000000000
0000000000000000000000000000000000000000000000001000000000000000000000000
0000100001000100000000000000000000000000000000000000000000000000000100000
0000000000000000010010000000000000010001000000000000000000000000000000000
0000000000000000010010000000000000010001000000000000000000000000000000000
0000000000000100000000000001000000000000000000000000000000000000000101000
0000000000000000010010000000000000010001000000000000000000000000000000000
0000000000000000010000000000000000000001000000010000000000000000000000000
0000000000000100000000000001000000000000000000000000000000000000000100000
0000000000000100000000000000000000000000000000000000000000000000000110000
0000000000000000010000000000000000010001000000000000000000000000000000000
0000000000000100000000000001000000000000000000000000000000000000000100000
0000000000000000000000000000000000000000000000000000000000000000000000000
0100000000000100000000000000000000000000000000000000000000000000000110000
0000000000000000000000000000000000000000000000000000000000000000000000000
0100000000000100000000000000000000000000000000000000000000000000000110000
0000000000000100000000000000000000000000000000000000000000000000000100000
0000000000000000000000000000000000000000000000000000000000000000000000001
0010000000000000000000000000010000000000000000000000000000000000000000000
0000000000000100000000000001000000000000000000000000000000000000000100000
0000100001000100000000000000000000000000000000000000000000000000000100000
0000000000000000000000000000000000000000000000100000000000000000000000010
0000010000000000000000000000000000000000000000000000000001000000000000000
0000000000000000000000000000000000000000000000000000000000000000000000010
0000000000000000000000000000010000000000000000000000000000000000000000000
0000000000000000010000000000000000010001000000000000000000000000000000000
0000000000000000000000001000000000000000000000000000000000100000000000010
0100000000000100000000000000000000000000000000000000000000000000000110000
0000000000000000000000000000000000000000000000000000000001000000000000000
0100000000000100000000000000000000000000000000000000000000000000000110000
0000000000000000010000000000000000000001000000010000000000000000000000000
0000000000000000000000000000000000000000000000000000000000000000000000001
0000000000000000010000000000000000000001000000010000000000000000100000000
0000000000000000000000000000000000000000000000000000000000000000000000010
0000000000000100000000000001000000000000000000000000000000000000000100000
0000000000000000010000000000000010000101000000000000000000000000000000000
0100000000000100000000000000000000000000000000000000000000000000000110000
0000000000000100000000000000000000000000000000000000000000000000000100000
0000000000000000000000000000010000000000000000000000000000000000000000000
0000000000000000010010000000000000010001000000000000000000000000000000000
0000000000000000000000000000000000000000000000000000000000000000000000010
0000000000000000000000000000000000000000000000000000000000000000000000001
0000000000000100000000000001000000000000000000000000000000000000000101000
0000000000000000010000000000000000000001000000010000000000000000000000000
0000001000000000000000000000010000000000000000000000000000000000000000000
0000000000000000000000000000000000000000000000000000000000000000000000000
0000000000000000010000000000000010000001000000000000000000000000000000000
0000000000000000000000000000000000000000000000000000000000000000000000000
0100000000000100000000000000000000000000000000000000000000000000000110000
0000000000000000000000000000001000000000000000000000000000000000000000000
0100000000000100000000000000000000000000000000000000000000000000000110000
0000001000000000000000000000010000000000000000000000000000000000000000000
0000000000000000000000000000010000000000000000000000000000000000000000000
0000000000000000010000000000000000000001000000010000000000000000100000000
0000000000000000000000000000000000000000000010000010000000000000000000001
0000000000000000010000000000000000000001000000010000000000000000000000000
0000000000000100000000000001000000000000000000000000000000000000000100000
0000000000000000010000000000000010000001000000000000000000000000000000000
0000000000000000000000000000000000000000000000000000000000000000000000010
0100000000000100000000000000000000000000000000000000000000000000000110000
0000000000000000000000000000010000000000000000000000000000000000000000000
0000000000000100000000000001000000000000000000000000000000000000000101000
0000000000000000000000000000000000000000000000000000000000000000000000000
0000000000000000000001000000000000000000010000000000000000000000000000010
0000000000000000000000000000000000000000000000000000000000000000000000000
0000000000000000000000000000000000000000000000000000000000000000000000001
0000000000000100000000000001000000000000000000000000000000000000000100000
0000100001000100000000000000000000000000000000000000000000000000000100000
0000000000000000000000000000000000000000000000000000000000000000000000000
0000000000000100000100000000000000000000000000000000000000000000000110000
0000000000000000000000000000000000000000000000000000000000000000000000010
0000000000000100000000000000000000000000000000000000000000000000000100000
0000000000000100000000000001000000000000000000000000000000000000000100000
0000001000000000000000000000010000000000000000000000000000000000000000000
0100000000000100000000000000000000000000000000000000000000000000000110000
0000000010000000010000000000000000010001000000000000000000000000000000000
0000000000000000000000000000010000000000000000000000000000000000000000000
0000000010000000010000000000000000010001000000000000000000000000000000000
0000000000000010010000000000000000000001000000010000000000000000000000000
0000000000000000000000000000000000000000000000000000000000000000000000000
0000000000000000000000000000000000000000000000000000000000000000000000000
0000000010000000010000000000000000010001000000000000000000000000000000000
0000000000000000000000000000010000000000000000000000000000000000000000000
0000000000000000000000000000000000000000010000000000000000000000000000010
0000000000000000000000000000000000000000000000000000000000000000000000000
0000000000000000010000000000000000000001000000010000000000000000100000000
0000000000000000000000000000000000000000000000000000000000000000000000010
0000000000000000010000000000000000000001000000010000000000000000000000000
0000000000000100000000000001000000000000000000000000000000000000000101000
0000000000000000000000000000000000000000000000000000000001000000001000000
0000000000000000010000000000000000000001000000000000000000000000000000000
0000000000000000010000000000000000000001000000010000000000000000100000000
0000000000100000000000000000000000000000000000000000000000000010000000000
0000000000000010010000000000000000000001000000010000000000000000000000000
0000000000000010010000000000000000000001000000010000000000000000000000000
0000000000000000000000001000000000000000000000000000000000100000000000010
0000000000000000000000000000000000000000010000000000000000000000000000010
0000000010000000010000000000000000010001000000000000000000000000000000000
0000000010000000010000000000000000010001000000000000000000000000000000000
0000000000010000000000000000000000000000000000000000000000000000000000010
0100000000000100000000000000000000000000000000000000000000000000000110000
0000000000000000000000000000000000000000000000000000000000000000000000000
0000000000000010010000000000000000000001000000010000000000000000000000000
0000000000000010010000000000000000000001000000010000000000000000000000000
0000000000000000010000000000000000000001000000010000000000000000100000000
0000000000000000000000000000000000000000000000000000000000000000000000001
0000000000000000010000000000000010000101000000000000000000000000000000000
0000000000000000000000000000000000000000000000000000000000000000000000010
0000000000000000010000000000000000000001000000010000000000000000000000000
0000000000000000010010000000000000010001000001000000000000000000000000000
0000000000000010010000000000000000000001000000010000000000000000000000000
0000000000000100000000000001000000000000000000000000000000000000000100000
0000000000000000000000000000000000000000000000001000000000000000000000000
0000000000000000000000000000000000000000000000000000000000000000000000000
0000000000000000000000000000010000000000000000000000000000000000000000000
0100000000000100000000000000000000000000000000000000000000000000000110000
0000000000000100000000000000000000000000000000000000000000000000000100000
0000000000000000000000000000000000000000000000000000000000000000000000000
0000000000000000010000000000000000000001000000010000000000000000100000000
0000000000000000000000000000000000000000000000100000000000000000000000010
0100000000000100000000000000000000000000000000000000000000000000000110000
0000000000000100000000000001000000000000000000000000000000000000000100000
0000000000000000000000000000000000000000000000000000000000000000000000010
0000000000000000000000000000000000000000000000000000000000000000000000000
0000000000000100000000000000000000000000000000000000000000000000000110000
0000000000000000000000000000000000000000000000000000000000000000000000000
0000000000000000000000000000000000000000000000000000000000000000000000001
0100000000000100000000000000000000000000000000000000000000000000000110000
0000000000000000000000000000000000000000000000001000000000000000000000000
0100000000000100000000000000000000000000000000000000000000000000000110000
0000000000000000010000000000000010000101000000000000000000000000000000000
0000000000000000000000000000000000000000000000000000000000000000000000010
0000000000000000010000000000000000000001000000010000000000000000100000000
0000000000000000000000000000000000000000000000000000000000000000000000010
0100000000000100000000000000000000000000000000000000000000000000000110000
0000000000000000000000000000000000000000000000000000000001000000000000000
0000000000000000010000000000000000000001000000010000000000000000100000000
0000000000000000010000000000000000000001000000010000000000000000000000000
0000000000000000000000000000000000000000000000000000000000000000000000000
0000000000000100000000000000000000000000000000000000000000000000000100000
0000000000000000100000000000000000000000000000000000000000000000000000010
0000000000000000000000000000000000000000000000000000000001000000000000000
0000000010000000010000000000000000010001000000000000000000000000000000000
0000000000000000000000000000010000000000000000000000000000000000000000000
0100000000000100000000000000000000000000000000000000000000000000000110000
0100000000000100000000000000000000000000000000000000000000000000000110000
0000000000000000000000000000010000000000000000000000000000000000000000000
0000000000000000000000000000000000000000000000000000000000000000000000000
0000000000000000100000000000000000000000000000000000000000001000000000010
0000000000000010010000000000000000000001000000010000000000000000000000000
0000000000000000010000000000000000000001000000000000000000000000000000000
0000000000000000000000000000000000000000000000000000000000000000000000010
0000000000000000000000000000010000000000000000000000000000000000000000000
0000000000000000000000000000000000000000000000000000000000000000000000010
0100000000000100000000000000000000000000000000000000000000000000000110000
0000000000000000000000000000000000000000000000100000000000000000000000010
0000000000010000000000000000000000000000000000000000000000000000000000010
0000000000000000000000000000010000000000000000000000000000000000000000000
0000000000000100000000000001000000000000000000000000000000000000000100000
0000010000000000000000000000000000000000000000000000000001000000000000000
0000000000000000000000000000000000000000000000000000000000000000000000001
0000000000000000000000000000000000000000000000100000000000000000000000010
0000000000000000000000000000000000000000000000000000000000000000000000010
0000000000000010010000000000000000000001000000010000000000000000000000000
0000000000000000010010000000000000010001000000000000000000000000000000000
0000100001000100000000000000000000000000000000000000000000000000000100000
0100000000000100000000000000000000000000000000000000000000000000000110000
0000000010000000010000000000000000010001000000000000000000000000000000000
0000000000000000000000000000000000000010000000000000000000000000000000000
0000000000000000000000000000000000000000000000000000000000000000000000000
0000000000000000000000000000000000000000000000000000000000000000000000010
0000000000000000010000000000000000000001000000010000000000000000100000000
0000000000000000010010000000000000010001000000000000000000000000000000000
0100000000000100000000000000000000000000000000000000000000000000000110000
0000000000000000010000000000000000000001000000010000000000000000000000000
0000000000000000000000000000000000000000000000000000000000000000010000010
0000000000000000000000000000010000000000000000000000000000000000000000000
0100000000000100000000000000000000000000000000000000000000000000000110000
0000000000000000000000000000010000000000000000000000000000000000000000000
0000000000000000000001000000000000000000010000000000000000000000000000010
0000000000000010010000000000000000000001000000010000000000000000000000000
0000000000001000010000000000000000000001000000010000000000000000000000000
0000000000000000000000000000000000000000000000000000000001000000001000000
0100000000000100000000000000000000000000000000000000000000000000000110000
0000000000000000000000000000000000000000000000000000000000000000000000001
0000000000000010010000000000000000000001000000010000000000000000000000000
0000000100000000000000000000000000000000100000000000000000000000000000001
0000000000000000010000000000000000000001000000010000000000000000000000000
0100000000000100000000000000000000000000000000000000000000000000000110000
0000000000000000010000000000000000000001000000000000000000000000000000000
0000000000000010010000000000000000000001000000010000000000000000000000000
0000100001000100000000000000000000000000000000000000000000000000000100000
0000000000000000000000000000000000000000000000000000000000000000000000000
0000000000010000000000000000000000000000000000000000000000000000000000010
0100000000000100000000000000000000000000000000000000000000000000000110000
0000000000000000000000000000000000000000000000000000000000000000000000001
0000000000000000000000000000000000000000000000000000000001000000000000000
0000000000000000010000000000000000000001000000010000000000000000000000000
0000000000000000000000000000010000000000000000000000000000000000000000000
0000000000000000000000000000000000000000000000000000000001000000000000000
0000000000000000000000000000000000000000000000000000000000000000000000000
0000000000000000010000000000000010000001000000000000000000000000000000000
0000100001000100000000000000000000000000000000000000000000000000000100000
0000000000000010010000000000000000000001000000010000000000000000000000000
0000000000000000000000000000010000000000000000000000000000000000000000000
0000000000000000010010000000000000010001000000000000000000000000000000000
0000001000000000000000000000010000000000000000000000000000000000000000000
0000000000000000000000000000000000000000000000000000000000000000000000001
0000000000000000010000000000000000000001000000010000000000000000100000000
0000001000000000000000000000010000000000000000000000000000000000000000000
0000000000000000000000000000000000000000000000000000000000000000000000010
0000000000010000000000000000000000000000000000000000001000000000000000010
0000000000000100000000000000000000000000000000000000000000000000000100000
0000000000000000000000000000000000000000000000000000000001000000000000000
0000000000000010010000000000000000000001000000010000000000000000000000000
0000001000000000000000000000010000000000000000000000000000000000000000000
0000000000000100000000000001000000000000000000000000000000000000000100000
0000000000000000010010000000000000010001000000000000000000000000000000000
0000000000000000000000000000000000000000000000000000000001000000000000000
0000000000000000000000000000010000000000000000000000000000000000000000000
0000000000000000000000000000000000000000000000000000000000000000000000000
0000000000000100000000000000000000000000000000000000000000000000000110000
0000000000000100000000000001000000000000000000000000000000000000000100000
0000000000000000010000000000000010000001000000000000000000000000000000000
0000000000000000010000000000000000000001000000010000000000000000100000000
0000000000000000000000000000000000000000010000000000000000000000000000010
0000000010000000010000000000000000010001000000000000000000000000000000000
0000000000000100000000000001000000000000000000000000000000000000000100000
0000000000000100000000000001000000000000000000000000000000000000000100000
0000000000000000000000000000000000000000000000100000000000000000000000010
0000000000000000000000000000000000000000000000000000000001000000000000000
0000000000000000000000000000000000000000000000100000000000000000000000010
0000000000000000000000000000000000000000000000000000000001000000000000000
0000000000000000010000000000000000000001000000010000000000000000100000000
0100000000000100000000000000000000000000000000000000000000000000000110000
0000000000000000000000000000000000000000010000000000000000000000000000010
0000000000000000010000000000000000000001000000010000000000000000000000000
0000000000000000010000000000000000000001000000010000000000000000000000000
0000000000000000000000000000000000000000000010000000000000000000000000001
0000000000000100000000000001000000000000000000000000000000000000000100000
0000000000000000000000000000000000000000000000000000000000000000000000000
0000000000000000010000000000000000000001000000010000000000000000100000000
0000000010000000010000000000000000010001000000000000000000000000000000000
0000000000000000000000000000000000000000000000000000000000000000000000000
0000000000000010010000000000000000000001000000010000000000000000000000000
0000000000000000010000000000000000000001000000000000000000000000000000000
0000000000000000000000000000000000000000010000000000000000000000000000010
0000000000000000000000000000000000000000000000000000000001000000000000000
0100000000000100000000000000000000000000000000000000000000000000000110000
0000000000000000010000000000000010000101000000000000000000000000000000000
0000000000000000000000000000000000000000000000001000000000000000000000000
0000001000000000000000000000010000000000000000000000000000000000000000000
0100000000000100000000000000000000000000000000000000000000000000000110000
0000000000010000000000000000000000000000000000000000000000000000000000010
0100000000000100000000000000000000000000000000000000000000000000000110000
0000001000000000000000000000010000000000000000000000000000000000000000000
0000000000000100000000000001000000000000000000000000000000000000000100000
0000000000000100000000000000000000000000000000000000000000000000000100000
0000000000000000010000000000000000000001000000010000000000000000000000000
0000000000000100000000000001000000000000000000000100000000000000000100000
0000000000000000000000000000000000000000000000000000000000000000000000000
0100000000000100000000000000000000000000000000000000000000000000000110000
0000000000000010010000000000000000000001000000010000000000000000000000000
0000000000000000010000000000000000000001000000010000000000000000100000000
0000000000010000000000000000000000000000000000000000000000000000000000010
0000000000000000010010000000000000010001000000000000000000000000000000000
0000000000000000000000000000000000000000010000000000000000000000000000010
0000100001000100000000000000000000000000000000000000000000000000000100000
0000000010000000010000000000000000010001000000000000000000000000000000000
0000000000000000000000000000010000000000000000000000000000000000000000000
0000000010000000010000000000000000010001000000000000000000000000000000000
0000000000010000000000000000000000000000000000000000000000000000000000010
0000000100000000000000000000000000000000100000000000000000000000000000001
0000000000000000000000000000000000000000000000000000000000000000000000000
0000000000000100000000000000000000000000000000000000000000000000000110000
0000000000000000000000000000010000000000000000000000000000000000000000000
0000000000000000100000000000000000000000000000000000000000000000000000010
0000000000000100000000000001000000000000000000000000000000000000000101000
0000000000000100000000000001000000000000000000000000000000000000000100000
0000000000000000000000000000000000000000000000000000000000000000000000010
0000000000000000000000000000000000000000000000000000000001000000000000000
0000000000000000010010000000000000010001000000000000000000000000000000000
0000000000000000000000000000000000000000000000000000000000000000000000010
0000000000000000000000000000000000000000000000000000000000000000000000001
0000000000000000010000000000000000000001000000010001000000000000100000000
0000000000000000000000000000000000000000000000000000000000000000000000000
0000000000000001010010000000000000010001000000000000000000000000000000000
0000000000000000000000000000000000000000000000000000000000000000000000001
0000000000000000000000000000010000000000000000000000000000000000000000000
0000000000000010010000000000000000000001000000010000000000000000000000000
0100000000000100000000000000000000000000000000000000000000010000000110000
0000000000000000010000000000000000000001000000010000000000000000100000000
0000000000000100000000000000000000000000000000000000000000000000000110000
0000000000000000000000000000000000000000000000000000000000000000000000001
0000000000000000000000000000000000000000000000000000000000000000000000000
0000000000000000000000000000000000000000000000100000000000000000000000010
0000000000000100000000000001000000000000000000000000000000000000000100000
0000000000000000000000000000000000000000000000000000000000000000000000000
0000000000000100000000000000000000000000000000000000000000000000000110000
0000000010000000010000000000000000010001000000000000000000000000000000000
0000000000000100000000000001000000000000000000000000000000000000000101000
0000000000000000010000000000000000000001000000010000000000000000000000000
0000000000000100000000000000000000000000000000000000000000000000000110000
0000000000000000000000000000000000000000000000000000000000000000000000000
0000000000000000000000000000000000000000010000000000000000000000000000010
0000000000000100000000000001000000000000000000000000000000000000000100000
0100000000000100000000000000000000000000000000000000000000000000000110000
0000000100000000000000000000000000000000100000000000000000000000000000001
0000000000000000000001000000000000000000010000000000000000000000000000010
0000000000000000000000000000000000000000000000000000000000000000000000010
0100000000000100000000000000000000000000000000000000000000000000000110000
0000000000000000010000000000000000000001000000010000000000000000100000000
0000000000000000000000000000000000000000010000000000000000000000000000010
0000000000000000000001000000000000000000010000000000000000000000000000010
0000000000000100000000000000000000000000000000000000000000000000000110000
0000000000000100000000000001000000000000000000000000000000000000000100000
0000000000000100000000000000000000000000000000000000000000000000000110000
0100000000000100000000000000000000000000000000000000000000000000000110000
0100000000000100000000000000000000000000000000000000000000000000000110000
0000000000000000000001000000000000000000010000000000000000000000000000010
0000000000000000010000000000000010000101000000000000000000000000000000000
0100000000000100000000000000000000000000000000000000000000000000000110000
0000000000000000000000000000000000000000000000000000000000000000000000000
0000001000000000000000000000010000000000000000000000000000000000000000000
0000000000000000000000000000000000000000000000000000000000000000000000000
0000000000000000000000000000000000000000000000000000000000000000000000010
0000000000000010010000000000000000000001000000010000000000000000000000000
0000000010000000010000000000000000010001000000000000000000000000000000000
0000000000000001010010000000000000010001000000000000000000000000000000000
0000000000000000000000000000000000000000000000000000000000000000000000000
0000000000000010010000000000000000000001000000010000000000000000000000000
0000000000000000000001000000000000000000010000000000000000000000000000010
0100000000000100000000000000000000000000000000000000000000000000000110000
0000000000000000000000000000000000000000000000000000000001000000001000000
0000000010000000010000000000000000010001000000000000000000000000000000000
0000000000000100000000000000000000000000000000000000000000000000000110000
0000000000000100000000000000000000000000000000000000000000000000000110000
0000000000000000000000000000000000000000000000000000000000000000000000000
0000000000000000000000000000000000000000010000000000000000000000000000010
0000000000000000010010000000000000010001000000000000000000000000000000000
0000000000000000010010000000000000010001000000000000000000000000000000000
0000000000000000000000000000000000000000000000000000000000000000000000010
0000000000000100000000000000000000000000000000000000000000000000000110000
0000000000000000010000000000000000000001000000010000000000000000000000000
0000000000000000010000000000000010000001000000000000000000000000000000000
0000100001000100000000000000000000000000000000000000000000000000000100000
0000000000000000100000000000000000000000000000000000000000000000000000010
0000000000000000000000000000010000000000000000000000000000000000000000000
0000000000000000010000000000000000010001000000000000000000000000000000000
0000000010000000010000000000000000010001000000000000000000000000000000000
0000000000000000000001000000000000000000010000000000000000000000000000010
0000000000000100000000000001000000000000000000000000000000000000000101000
0000000000000000010000000000000000000001000000010001000000000000100000000
0000000000000010010000000000000000000001000000010000000000000000000000000
0000000000000000000000000000000000000000010000000000000000000000000000010
0000000010000000010000000000000000010001000000000000000000000000000000000
0000000000000000000000000000000000000000000000000000000000000000000000010
0000000000000000000000000000000000000000000000000000000001000000000000000
0000000000000000000000000000000000000000000000000000000001000000000000000
0000000000000000000000000000000000000000010000000000000000000000000000010
0100000000000100000000000000000000000000000000000000000000000000000110000
0000000000000000010010000000000000010001000000000000000000000000000000000
0000000000000000000000000000000000000000000000100000000000000000000000010
0000000000000000000000000000000000000000000000000000000000000000000000010
0000000000000000000000000000000000000000000000000000000000000000000000010
0000100001000100000000000000000000000000000000000000000000000000000100000
0000000000000000000000000000000000000000000000000000000001000000000000000
0000000000000100000000000000000000000000000000000000000000000000000100000
0000000000000000000000000000000000000000000000000000000000000000000000010
0000000000000000000000001000000000000000000000000000000000100000000000010
0000001000000000000000000000010000000000000000000000000000000000000000000
0000000000000000000000000000000000000000000000000000000001000000000000000
0000000000000100000000000000000000000000000000000000000000000000000110000
0000000000000000000000000000000000000000000010000010000000000000000000001
0000000000000100000000000001000000000000000000000000000000000000000100000
0000000000000100000000000000000000000000000000000000000000000000000100000
0100000000000100000000000000000000000000000000000000000000000000000110000
0000000000000000000000000000000000000000000000000000000001000000000000000
0000000000000100000000000000000000000000000000000000000000000000000100000
0000000000000000000000000000010000000000000000000000000000000000000000000
0000000000000000000000000000000000000000000000000000000000000000000000010
0000000000000000000000000000010000000000000000000000000000000000000000000
0000000000000000000000000000000000000000000000000000000000000000000000010
0000000000000000000000000000000000000000000000000000000000000000000000000
0000000000000000000000000000010000000000000000000000000000000000000000000
0000100001000100000000000000000000000000000000000000000000000000000100000
0000000000000000010000000000000000000001000000000000000000000000000000000
0000000000000000000000000000000000000000000000000000000001000000000000000
0000000000000000000000000000010000000000000000000000000000000000000000000
0000000000000100000000000001000000000000000000000000000000000000000100000
0000000000000010010000000000000000000001000000010000000000000000000000000
0000000000000100000000000000000000000000000000000000000000000000000100000
0100000000000100000000000000000000000000000000000000000000000000000110000
0000000010000000010000000000000000010001000000000000000000000000000000000
0000000000000100000000000000000000000000000000000000000000000000000100000
0000000000000000000000000000000000000000000000000000000000000000000000000
0000000000000000010000000000000000000001000000010000000000000000000000000
0000000000000100000000000000000000000000000000000000000000000000000100000
0000000010000000010000000000000000010001000000000000000000000000000000000
0000000010000000010000000000000000010001000000000000000000000000000000000
0000000000000000000000000000010000000000000000000000000000000000000000000
0000000000000000000000000000010000000000000000000000000000000000000000000
0000000000000000010000000000000010000101000000000000000000000000000000000
0000000000000100000000000000000000000000000000000000000000000000000100000
0000000000000000000000000000010000000000000000000000000000000000000000000
0000000000000100000000000001000000000000000000000000000000000000000101000
0000000000000010010000000000000000000001000000010000000000000000000000000
0000000000000100000000000000000000000000000000000000000000000000000100000
0000100001000100000000000000000000000000000000000000000000000000000100000
0000000000000000000000000000010000000000000000000000000000000000000000000
0000000000000010010000000000000000000001000000010000000000000000000000000
0000100001000100000000000000000000000000000000000000000000000000000100000
0000000000000000010000000000000000000001000000010001000000000000100000000
0000000000000000010000000000000000000001000000010000000000000000000000000
0000000000000000000000000000000000000000010000000000000000000000000000010
0000000000000100000000000001000000000000000000000100000000000000000100000
0000000000010000000000000000000000000000000000000000000000000000000000010
0000000000000000010010000010000000010001000000000000000000000000000000000
0000000000000000010010000000000000010001000000000000000000000000000000000
0000000000000010010000000000000000000001000000010000000000000000000000000
0100000000000100000000000000000000000000000000000000000000000000000110000
0000000000000000010010000000000000010001000000000000000000000000000000000
0000000000000000010010000000000000010001000000000000000000000000000000000
0000000000000000000000000000010000000000000000000000000000000000000000000
0000000000100000000000000000000000000000000000000000000000000010000000000
0000000000000000000000000000010000000000000000000000000000000000000000000
0000000000000000000000000000010000000000000000000000000000000000000000000
0000000000000000010000000000000000000001000000010000000000000000000000000
0000000000000000100000000000000000000000000000000000000000000000000000010
0000000000000000000000000000000000000000000000000000000000000000000000000
0100000000000100000000000000000000000000000000000000000000000000000110000
0000000000000000000000000000000000000000000000000000000000000000000000010
0000000000000000010000000000000000000001000000010000000000000000000000000
0000000000000000000000000000000000000000000000000000000000000000000000000
0000000000000100000000000001000000000000000000000000000000000000000100000
0000100001000100000000000000000000000000000000000000000000000000000100000
0000000000000000010000000000000010000001000000000000000000000000000000000
0000000010000000010000000000000000010001000000000000000000000000000000000
0000000000000100000000000000000000000000000000000000000000000000000100000
0000000000000000000000000000010000000000000000000000000000000000000000000
0000000000000000000001000000000000000000010000000000000000000000000000010
0000000000000000010010000000000000010001000000000000000000000000000000000
0000000000000000000000000000000000000000000000000000000000000000000000010
0000000000000000000000000000010000000000000000000000000000000000000000000
0000000000000000000001000000000000000000010000000000000000000000000000010
0000000000000100000000000000000000000000000000000000000000000001000110000
0000000000000000000000000000010000000000001000000000000000000000000000000
0000000000000000010000000000000000000001000000010000000000000000000000000
0000000000000100000000000000000000000000000000000000000000000000000100000
0000000000000000000000000000000000000000000000000000000001000000001000000
0000000000000000000000000000000100000000000000000000000001000000000000000
0000000000000000000000000000000000000000000000000000000000000000000000001
0000000000000000010000000000000000000001000000010000000000000000000000000
0100000000000100000000000000000000000000000000000000000000000000000110000
0000000000000100000000000000000000000000000000000000000000000000000100000
0000000000000000000000000000000000000000000000100000000000000000000000010
0000000000000000000000000000000000000000010000000000000000000000000000010
0000000000000000000000000000000000000000000000000000000000000000000000010
0100000000000100000000000000000000000000000000000000000000000000000110000
0000000000000000010010000000000000010001000000000000000000000000000000000
0100000000000100000000000000000000000000000000000000000000000000000110000
0000000000000000000000000000010000000000000000000000000000000000000000000
0000001000000000000000000000010000000000000000000000000000000000000000000
0000000000100000000000000000000000000000000000000000000000000010000000000
0000000000000000000000000000010000000000000000000000000000000000000000000
0000000000000100000000000000000000000000000000000000000000000000000110000
0000000000000000010000000000000000000001000000010000000000000000000000000
0000000000000000010000000000000000000001000000000000000000000000000000000
0000000000000100000000000001000000000000000000000000000000000000000100000
0100000000000100000000000000000000000000000000000000000000000000000110000
0000000000000000010000000000000000000001000000010000000000000000100000000
0000000000000000010010000000000000010001000000000000000000000000000000000
0000000000000000000000000000010000000000000000000000000000000000000000000
0000000000000000010000000000000010000101000000000000000000000000000000000
0000000000000000000000000000000000000000000000000000000001000000000000000
0000000000000000010000000000000000000001000000010000000000000000100000000
0000000100000000000000000000000000000000100000000000000000000000000000001
0000000000000100000000000001000000000000000000000000000000000000000100000
0000000000000000000000000000000000000000000000000000000001000000000000000
0000000000000010010000000000000000000001000000010000000000000000000000000
0000000000000000000000000000000000000000000000000000000000000000000000010
0000000000010000000000000000000000000000000000000000000000000000000000010
0000000000000000010000000000000010000001000000000000000000000000000000000
0000000000000000000000000000000000000000000000000000000001000000001000000
0000000000000100000000000000000000000000000000000000000000000001000110000
0100000000000100000000000000000000000000000000000000000000000000000110000
0000000000000000010000000000000000000001000000010000000000000000000000000
0000000000000010010000000000000000000001000000010000000000000000000000000
0000000000000000000000000000000000000000000000000000000000000000000000000
0000000000000000000000000000000000000000000000001000000000000000000000000
0000000000000000010010000000000000010001000001000000000000000000000000000
0000000000000000000000000000000000000000000000000000000000000000000000001
0000000000000000000000000000000000000000000000000000000000000000000000000
0000000000000000000000000000000000000000000000000000000000000000000000000
0001000000000000010000000000000000000001000000010001000000000000100000000
0000000000000000000000000000010000000000000000000000000000000000000000000
0000000000000010010000000000000000000001000000010000000000000000000000000
0000000000000000010010000000000000010001000000000000000000000000000000000
0100000000000100000000000000000000000000000000000000000000000000000110000
0000000000000000000000000000000000000000000000000000000000000000000000001
0000000000000010010000000000000000000001000000010000000000000000000000000
0100000000000100000000000000000000000000000000000000000000000000000110000
0000000000000000010000000000000000000001000000010000000000000000000000000
0000000000000100000000000001000000000000000000000100000000000000000100000
0000000000000000010000000000000010000001000000000000000000000000000000000
0000000000000000010000000000000000000001000000010000000000000000000000000
0000000000000000010000000000000000000001000000010000000000000000100000000
0000000000000000010000000000000000000001000000010000000000000000000000000
0000000000000000010000000000000000000001000000000000000000000000000000000
0000000000000000010000000000000000000001000000010000000000000000100000000
0000000000000000000000000000010000000000000000000000000000000000000000000
0000000000000100000000000001000000000000000000000000000000000000000100000
0000000000000000000000000000000000000000000000000000000001000000000000000
0000000000000100000000000000000000000000000000000000000000000000000100000
0000000000000100000000000001000000000000000000000000000000000000000100000
0000000000000000000000000000010000000000000000000000000000000000000000000
0000000000000000010000000000000000000001000000000000000000000000000000000
0000000000000000000000001000000000000000000000000000000000100000000000010
0000000000000000000000000000000000000000010000000000000000000000000000010
0000000000000000010010000000000000010001000000000000000000000000000000000
0100000000000100000000000000000000000000000000000000000000000000000110000
0000000000000000010000000000000000000001000000010000000000000000100000000
0000000000000000000001000000000000000000010000000000000000000000000000010
0100000000000100000000000000000000000000000000000000000000000000000110000
0000000000000000010000000000000000000001000000010000000000000000100000000
0000000000000100000000000000000000000000000000000000000000000000000100000
0000000000000000000000000000010000000000000000000000000000000000000000000
0000000010000000010000000000000000010001000000000000000000000000000000000
0000000000000000000000000000000000000000000000000000000001000000000000000
0000000000000000000000000000010000000000000000000000000000000000000000000
0000000000000000000000000000000000000000000000000000000000000000000000010
0000000000000100000000000000000000000000000000000000000000000000000100000
0000000000000000010000000000000010000001000100000000000000000000000000000
0000100001000100000000000000000000000000000000000000000000000000000100000
0100000000000100000000000000000000000000000000000000000000000000000110000
0000000000000010010000000000000000000001000000010000000000000000000000000
0000000000000000010000000000000000000001000000010000000000000000000000000
0000000000000000000000000000000000000000000000000000000000000000000000010
0000000010000000010000000000000000010001000000000000000000000000000000000
0100000000000100000000000000000000000000000000000000000000000000000110000
0000000000000100000000000000000001000000000000000000000000000000000110000
0000000000000000000000000000000000000000000000000000000000000000000000001
0000000000000100000000000000000000000000000000000000000000000000000110000
0000000000000000000000000000000000000000000000000000000000000000000000010
0000000000000000010000000000000000000001000000010000000000000000100000000
0000000000000000000000000000010000000000000000000000000000000000000000000
0000000000000010010000000000000000000001000000010000000000000000000000000
0000000000000000010010000000000000010001000000000000000000000000000000000
0000000000000000000000000000010000000000000000000000000000000000000000000
0000000000000000000000000000000000000000000000000000000000000000000000010
0000000000000000000000000000000000000000000000100000000000000000000000010
0000000000000000000000000000000000000000010000000000000000000000000000010
0000000000000000000000000000010000000000000000000000000000000000000000000
0000000000000000010010000000000000010001000000000000000000000000000000000
0000000000000000000000000000000000000000000000000000000000000000000000000
0000000000000100000000000000000000000000000000000000000000000000000100000
0000000000000000000000000000000000000000000000000000000000000000000000010
0000000000000100000000000000000000000000000000000000000000000000000100000
0000000000000000000000000000000000000000010000000000000000000000000000010
0100000000000100000000000000000000000000000000000000000000000000000110000
0000000000000000000000000000000000000000000000000000000000000000000000000
0000000000000000000000000000010000000000000000000000000000000000000000000
0000000000000000010000000000000010000101000000000000000000000000000000000
0000000000000000000000000000000000000000000000000000000000000000000000000
0000000000000001010010000000000000010001000000000000000000000000000000000
0000000000000000010000000000000000000001000000010000000000000000000000000
0000000000000000010000000000000000000001000000010000000000000000100000000
0000000000000000000000000000000100000000000000000000000001000000000000000
0000000000000000000000000000010000000000000000000000000000000000000000000
0000000000000000000000000000000000000000000000000000000000000000000000000
0000000000000010010000000000000000000001000000010000000000000000000000000
0000000000000000000000000000010000000000000000000000000000000000000000000
0000000000000000010010000000000000010001000000000000000000000000000000000
0000001000000000000000000000010000000000000000000000000000000000000000000
0000000000000000000000000000000000000000000000000000000000000000000000000
0000000000000000000000000000000000000000000000001000000000000000000000000
0100000000000100000000000000000000000000000000000000000000000000000110000
0000000000000000000000000000010000000000000000000000000000000000000000000
0000000000000000100000000000000000000000000000000000000000000000000000010
0000000000000100000000000000000001000000000000000000000000000000000110000
0000000000000000000000000000100000000000000000000000000000000000000000000
0000000000000000000000000000000000000000000000000000000000000000000000010
0000000000000010010000000000000000000001000000010000000000000000000000000
0000000000000000010000000000000000000001000000010000000000000000000000000
0000000000000000000000000000000000000000000000000000000001000000000000000
0000000000000000010000000000000000000001000000010000000000000000100000000
0000000000000010010000000000000000000001000000010000000000000000000000000
0000000000000000000001000000000000000000010000000000000000000000000000010
0000000000000000010010000000000000010001000000000000000000000000000000000
0100000000000100000000000000000000000000000000000000000000000000000110000
0000100001000100000000000000000000000000000000000000000000000000000100000
0000000000000000010000000000000000000001000000010000000000000000000000000
0000000000000000000000000000000000000000010000000000000000000000000000010
0000000000000010010000000000000000000001000000010000000000000000000000000
0000000000000100000000000000000000000000000000000000000000000000000100000
0000000000000100000000000000000000000000000000000000000000000000000100000
0000000000000010010000000000000000000001000000010000000000000000000000000
0000000000000000000000000000000000000000000000000000000000000000000000010
0000000000000000000000000000000000000000000000000000000000000000000000010
0000000000000000000000000000000000000000000000000000000000000000000000010
0000000000000000000000000000000100000000000000000000000001000000000000000
0000000000000100000000000001000000000000000000000000000000000000000100000
0000000000000000010000000000000000000001000000010000000000000000000000000
0000000000000000000000000000000000000000000000000000000000000000000000010
0000000000000000010000000000000010000101000000000000000000000000000000000
0000000000000010010000000000000000000001000000010000000000000000000000000
0000000000000000010000000000000000000001000000000000000000000000000000000
0000001000000000000000000000010000000000000000000000000000000000000000000
0000000000000000000000000000000000000000000000000000000000000000000000001
0000000000000010010000000000000000000001000000010000000000000000000000000
0000000000000000000000000000000000000000000000000000000000000000000000001
0000000000000100000000000000000000000000000000000000000000000000000100000
0000000000000010010000000000000000000001000000010000000000000000000000000
0000000000000000000000000000010000000000000000000000000000000000000000000
0000000000000000010000000000000000010001000000000000000000000000000000000
0000000010000000010000000000000000010001000000000000000000000000000000000
0000000000000000000000000000000000000000000000000000000000000000000000010
0100000000000100000000000000000000000000000000000000000000000000000110000
0000001000000000000000000000010000000000000000000000000000000000000000000
0000000010000000010000000000000000010001000000000000000000000000000000000
0000000000100000000000000000000000000000000000000000000000000010000000000
0000000000000000000000000000000000000000000000000000000000000000000000010
0000000000100000000000000000000000000000000000000000000000000010000000000
0000000000000000000000000000000100000000000000000000000001000000000000000
0000001000000000000000000000010000000000000000000000000000000000000000000
0000000010000000010000000000000000010001000000000000000000000000000000000
0000000000000100000000000100000000000000000000000000000000000000000100000
0000000000000000000000000000000000000000010000000000000000000000000000010
0100000000000100000000000000000000000000000000000000000000000000000110000
0000100001000100000000000000000000000000000000000000000000000000000100000
0000000100000000000000000000000000000000100000000000000000000000000000001
0000000000000001010010000000000000010001000000000000000000000000000000000
0000000000000000010000000000000000000001000000010000000000000000100000000
0000000000000000010000000000000000000001000000010000000000000000000000000
0000000000000000000001000000000000000000010000000000000000000000000000010
0000001000000000000000000000010000000000000000000000000000000000000000000
0000000000000000000000000000000000000000000000000000000000000000000000010
0000000000000000010000000000000000000001000000000000000000000000000000000
0000000010000000010000000000000000010001000000000000000000000000000000000
0000000000000000000000000000000000000000000000000000000000000000000000010
0000000000000000010010000000000000010001000000000000000000000000000000000
0000000000000100000000000000000000000000000000000000000000000000000100000
0100000000000100000000000000000000000000000000000000000000000000000110000
0000000000000100000000000001000000000000000000000000000000000000000100000
0100000000000100000000000000000000000000000000000000000000000000000110000
0000000000010000000000000000000000000000000000000000000000000000000000010
0000000010000000010000000000000000010001000000000000000000000000000000000
0000000000000010010000000000000000000001000000010000000000000000000000000
0000000000000000000000000000000000000000000000000000000001000000000000000
0000001000000000000000000000010000000000000000000000000000000000000000000
0100000000000100000000000000000000000000000000000000000000000000000110000
0000000000000000010010000000000000010001000000000000000000000000000000000
0000000000000000000000000000010000000000000000000000000000000000000000000
0000001000000000000000000000010000000000000000000000000000000000000000000
0000000000010000000000000000000000000000000000000000000000000000000000010
0000000000000000000000000000000000000000000000000000000000000000000000000
0100000000000100000000000000000000000000000000000000000000000000000110000
0000000000000000000000000000000000000000010000000000000000000000000000010
0000000000000000000000000000000000000000000000001000100000000000000000000
0000100001000100000000000000000000000000000000000000000000000000000100000
0000001000000000000000000000010000000000000000000000000000000000000000000
0000000000000001010010000000000000010001000000000000000000000000000000000
0000000000000100000000000001000000000000000000000000000000000000000100000
0000000000000000010000000000000000000001000000010000000000000000100000000
0000000000000000000000000000000000000000000000000000000000000000000000001
0000000000010000000000000000000000000000000000000000000000000000000000010
0000000000000000000000000000010000000000000000000000000000000000000000000
0000000000000000000000000000000000000000000000000000000000000000000000010
0000000000000000000000000000000000000000000000000000000001000000000000000
0000000000000000010010000000000000010001000000000000000000000000000000000
0000000000000000000000000000000000000000000000000000000000000000000000001
0000000000000100000000000000000000000000000000000000000000000000000100000
0000000000000000000000000000000000000000000000000000000000000000000000000
0000000000000000010000000000000000000001000000010000000000000000000000000
0000000000000000000000000000000000000000010000000000000000000000000000010
0000000000000100000000000001000000000000000000000000000000000000000100000
0000000000000000000000000000000000000000000000100000000000000000000000010
0000000100000000000000000000000000000000100000000000000000000000000000001
0000000000000000000000000000000100000000000000000000000001000000000000000
0000000000000000000000000000000000000000000000000000000000000000000000010
0000000000000000000000000000010000000000000000000000000000000000000000000
0000000000000000000000000000010000000000000000000000000000000000000000000
0000000000000000000000000000000000000000000000000000000001000000000000000
0000000000000000000000000000000000000000000000100000000000000000000000010
0000000000000000000000000000000000000000000000100000000000000000000000010
0000000000000100000000000001000000000000000000000000000000000000000100000
0000100001000100000000000000000000000000000000000000000000000000000100000
0000000000000000000000000000000000000000000000000000000000000000000000000
0000000000000100000000000001000000000000000000000000000000000000000100000
0000000000000000000000000000000000000000000000000000000000000000000000010
0000000000000100000000000000000000000000000000000000000000000001000110000
0000000000000000000000000000000000000000000000000000000000000000000000001
0000000000000000010000000000000000000001000000010000000000000000100000000
0000000000000100000000000000000000000000000000000000000000000000000110000
0000000000000100000000000001000000000000000000000000000000000000000100000
0000000000000000010000000000000000000001000000010000000000000000000000000
0000000000000000000000000000000000000000000000000000000001000000000000000
0000000000000000000000000000000000000000000000000000000000000000000000000
0000100001000100000000010000000000000000000000000000000000000000000100000
0000000000000000000000000000000000000000000000000000000000000000000000000
0000000000000000000000000000010000000000000000000000000000000000000000000
0000000000000000000000000000010000000000000000000000000000000000000000000
0000000000000000000000000000010000000000000000000000000000000000000000000
0000000000000100000000000001000000000000000000000000000000000000000100000
0000000000000000000000000000010000000000000000000000000000000000000000000
0000000000000000010000000000000000000001000000010000000000000000100000000
0000000000000000000000000000000000000000000000000000000000000000000000001
0000000000000000000000000000000000000000000000000000000000000000000000010
0000000000000000000000000000000000000000000000000000000000000000000000000
0000000000000000000000000000000000000000000000000000000000000000000000010
0000000000000000000001000000000000000000010000000000000000000000000000010
0000000000000000000000000000010000000000000000000000000000000000000000000
0000000000000000100000000000000000000000000000000000000000000000000000010
0000000000000000000000000000000000000000000000000000000000000000000000000
0000000000000010010000000000000000000001000000010000000000000000000000000
0000000000000000000000000000000000000000000000000000000000000000000000010
0000000000000100000000000001000000000000000000000000000000000000000100000
0000000010000000010000000000000000010001000000000000000000000000000000000
0000001000000000000000000000010000000000000000000000000000000000000000000
0000100001000100000000000000000000000000000000000000000000000000000100000
0000000000000100000000000000000000000000000000000000000000000000000110000
0000000000000000000000000000010000000000000000000000000000000000000000000
0000000010000000010000000000000000010001000000000000000000000000000000000
0000000000000000000000000000010000000000000000000000000000000000000000000
0000000000000000000000000000010000000000000000000000000010000000000000000
0000000000000000000000000000000000000000010000000000000000000000000000010
0000000000000000000001000000000000000000010000000000000000000000000000010
0000000000000000010000000000000000000001000000010000000000000000000000000
0000000000000000000000000000010000000000000000000000000010000000000000000
0000000000000100000000000001000000000000000000000000000000000000000101000
0000000000000000000000000000000000000000000000000000000000000000000000010
0000000000000000000000000000000000000000000000000000000000000000000000010
0000000010000000010000000000000000010001000000000000000000000000000000000
0000000000000000000000000000000000000000000000000000000001000000000000000
0100000000000100000000000000000000000000000000000000000000000000000110000
0000000000000000000000000000000100000000000000000000000001000000000000000
0000000000000100000000000000000000000000000000000000000000000000000100000
0000000000000000010000000000000000000001000000010000000000000000000000000
0000000000000000000000000000000100000000000000000000000001000000000000000
0000000000000000010000000000000000000001000000010001000000000000100000000
0000000000000000000000000000000000000000000000000000000000000000000000000
0000000000000100000000000001000000000000000000000000000000000000000100000
0100000000000100000000000000000000000000000000000000000000000000000110000
0000000010000000010000000000000000010001000000000000000000000000000000000
0000000000000000010000000000000010000001000000000000000000000000000000000
0000000000000000000000000000010000000000000000000000000000000000000000000
0000000000000000010000000000000000000001000000010000000000000000000000000
0000000000000000010000000000000000000001000000010000000000000000100000000
0000000010000000010000000000000000010001000000000000000000000000000000000
0000000000000000000000000000000000000000000000000000000001000000000000000
0000000000000000000000000000000000000000000000000000000001000000001000000
0000000000000000100000000000000000000000000000000000000000000000000000010
0000000000000000000000000000000000000000000000000000000000000000000000000
0000000000000000010000000000000000000001000000010000000000000000000000000
0000000010000000010000000000000000010001000000000000000000000000000000000
0000000000000000100000000000000000000000000000000000000000000000000000010
0000000000000000000000000000000000000000000010000010000000000000000000001
0000000000000100000000000000000000000000000000000000000000000000000100000
0000100001000100000000000000000000000000000000000000000000000000000100000
0000000000000000000000000000000000000000000000000000000001000000000000000
0000001000000000000000000000010000000000000000000000000000000000000000000
0000001000000000000000000000010000000000000000000000000000000000000000000
0000000000000010010000000000000000000001000000010000000000000000000000000
0000000000000000000000000000000000000000000000100000000000000000000000010
0000000000000001010010000000000000010001000000000000000000000000000000000
0000000000000010010000000000000000000001000000010000000000000000000000000
0000000000000010010000000000000000000001000000010000000000000000000000000
0000000010000000010000000000000000010001000000000000000000000000000000000
0000000000000000000000000000010000000000000000000000000000000000000000000
0000000000000000000000000000000000000000000000000000000001000000000000000
0000000000000000010000000000000010000001000000000000000000000000000000000
